[2024-09-05T01:31:44.064+0000] {local_task_job_runner.py:120} INFO - ::group::Pre task execution logs
[2024-09-05T01:31:44.113+0000] {taskinstance.py:2076} INFO - Dependencies all met for dep_context=non-requeueable deps ti=<TaskInstance: data_sensors_DBU.mail_sender manual__2024-09-05T01:30:46.784417+00:00 [queued]>
[2024-09-05T01:31:44.127+0000] {taskinstance.py:2076} INFO - Dependencies all met for dep_context=requeueable deps ti=<TaskInstance: data_sensors_DBU.mail_sender manual__2024-09-05T01:30:46.784417+00:00 [queued]>
[2024-09-05T01:31:44.131+0000] {taskinstance.py:2306} INFO - Starting attempt 1 of 3
[2024-09-05T01:31:44.162+0000] {taskinstance.py:2330} INFO - Executing <Task(PythonOperator): mail_sender> on 2024-09-05 01:30:46.784417+00:00
[2024-09-05T01:31:44.169+0000] {warnings.py:112} WARNING - /home/***/.local/lib/python3.12/site-packages/***/task/task_runner/standard_task_runner.py:61: DeprecationWarning: This process (pid=118) is multi-threaded, use of fork() may lead to deadlocks in the child.
  pid = os.fork()

[2024-09-05T01:31:44.171+0000] {standard_task_runner.py:63} INFO - Started process 119 to run task
[2024-09-05T01:31:44.177+0000] {standard_task_runner.py:90} INFO - Running: ['***', 'tasks', 'run', 'data_sensors_DBU', 'mail_sender', 'manual__2024-09-05T01:30:46.784417+00:00', '--job-id', '20', '--raw', '--subdir', 'DAGS_FOLDER/dag_sensor_csv.py', '--cfg-path', '/tmp/tmpfksgn487']
[2024-09-05T01:31:44.178+0000] {standard_task_runner.py:91} INFO - Job 20: Subtask mail_sender
[2024-09-05T01:31:44.320+0000] {task_command.py:426} INFO - Running <TaskInstance: data_sensors_DBU.mail_sender manual__2024-09-05T01:30:46.784417+00:00 [running]> on host 2374d61fd1eb
[2024-09-05T01:31:44.515+0000] {taskinstance.py:2648} INFO - Exporting env vars: AIRFLOW_CTX_DAG_EMAIL='anderson.coder.space@gmail.com' AIRFLOW_CTX_DAG_OWNER='ander_o' AIRFLOW_CTX_DAG_ID='data_sensors_DBU' AIRFLOW_CTX_TASK_ID='mail_sender' AIRFLOW_CTX_EXECUTION_DATE='2024-09-05T01:30:46.784417+00:00' AIRFLOW_CTX_TRY_NUMBER='1' AIRFLOW_CTX_DAG_RUN_ID='manual__2024-09-05T01:30:46.784417+00:00'
[2024-09-05T01:31:44.516+0000] {taskinstance.py:430} INFO - ::endgroup::
[2024-09-05T01:31:44.560+0000] {logging_mixin.py:188} INFO - 
    subject:    Se ha cargado un nuevo File
    from_address:   anderson.coder.space@gmail.com
    password:   ***
    to_address: anderson.coder.space@gmail.com
    
[2024-09-05T01:31:45.472+0000] {logging_mixin.py:188} INFO - Email sent successfully
[2024-09-05T01:31:45.473+0000] {python.py:237} INFO - Done. Returned value was: None
[2024-09-05T01:31:45.476+0000] {taskinstance.py:441} INFO - ::group::Post task execution logs
[2024-09-05T01:31:45.488+0000] {taskinstance.py:1206} INFO - Marking task as SUCCESS. dag_id=data_sensors_DBU, task_id=mail_sender, run_id=manual__2024-09-05T01:30:46.784417+00:00, execution_date=20240905T013046, start_date=20240905T013144, end_date=20240905T013145
[2024-09-05T01:31:45.537+0000] {local_task_job_runner.py:240} INFO - Task exited with return code 0
[2024-09-05T01:31:45.556+0000] {taskinstance.py:3503} INFO - 0 downstream tasks scheduled from follow-on schedule check
[2024-09-05T01:31:45.567+0000] {local_task_job_runner.py:222} INFO - ::endgroup::
