[2024-09-05T01:31:41.780+0000] {local_task_job_runner.py:120} INFO - ::group::Pre task execution logs
[2024-09-05T01:31:41.854+0000] {taskinstance.py:2076} INFO - Dependencies all met for dep_context=non-requeueable deps ti=<TaskInstance: data_sensors_DBU.print_message manual__2024-09-05T01:30:46.784417+00:00 [queued]>
[2024-09-05T01:31:41.879+0000] {taskinstance.py:2076} INFO - Dependencies all met for dep_context=requeueable deps ti=<TaskInstance: data_sensors_DBU.print_message manual__2024-09-05T01:30:46.784417+00:00 [queued]>
[2024-09-05T01:31:41.879+0000] {taskinstance.py:2306} INFO - Starting attempt 1 of 3
[2024-09-05T01:31:41.944+0000] {taskinstance.py:2330} INFO - Executing <Task(PythonOperator): print_message> on 2024-09-05 01:30:46.784417+00:00
[2024-09-05T01:31:41.968+0000] {standard_task_runner.py:90} INFO - Running: ['***', 'tasks', 'run', 'data_sensors_DBU', 'print_message', 'manual__2024-09-05T01:30:46.784417+00:00', '--job-id', '18', '--raw', '--subdir', 'DAGS_FOLDER/dag_sensor_csv.py', '--cfg-path', '/tmp/tmpych1e38q']
[2024-09-05T01:31:41.969+0000] {standard_task_runner.py:91} INFO - Job 18: Subtask print_message
[2024-09-05T01:31:41.960+0000] {warnings.py:112} WARNING - /home/***/.local/lib/python3.12/site-packages/***/task/task_runner/standard_task_runner.py:61: DeprecationWarning: This process (pid=107) is multi-threaded, use of fork() may lead to deadlocks in the child.
  pid = os.fork()

[2024-09-05T01:31:41.978+0000] {standard_task_runner.py:63} INFO - Started process 108 to run task
[2024-09-05T01:31:42.104+0000] {task_command.py:426} INFO - Running <TaskInstance: data_sensors_DBU.print_message manual__2024-09-05T01:30:46.784417+00:00 [running]> on host 2374d61fd1eb
[2024-09-05T01:31:42.312+0000] {taskinstance.py:2648} INFO - Exporting env vars: AIRFLOW_CTX_DAG_EMAIL='anderson.coder.space@gmail.com' AIRFLOW_CTX_DAG_OWNER='ander_o' AIRFLOW_CTX_DAG_ID='data_sensors_DBU' AIRFLOW_CTX_TASK_ID='print_message' AIRFLOW_CTX_EXECUTION_DATE='2024-09-05T01:30:46.784417+00:00' AIRFLOW_CTX_TRY_NUMBER='1' AIRFLOW_CTX_DAG_RUN_ID='manual__2024-09-05T01:30:46.784417+00:00'
[2024-09-05T01:31:42.312+0000] {taskinstance.py:430} INFO - ::endgroup::
[2024-09-05T01:31:42.389+0000] {logging_mixin.py:188} INFO - Llegó el archivo: /opt/***/data/data-uno.csv
[2024-09-05T01:31:42.390+0000] {python.py:237} INFO - Done. Returned value was: None
[2024-09-05T01:31:42.390+0000] {taskinstance.py:441} INFO - ::group::Post task execution logs
[2024-09-05T01:31:42.409+0000] {taskinstance.py:1206} INFO - Marking task as SUCCESS. dag_id=data_sensors_DBU, task_id=print_message, run_id=manual__2024-09-05T01:30:46.784417+00:00, execution_date=20240905T013046, start_date=20240905T013141, end_date=20240905T013142
[2024-09-05T01:31:42.472+0000] {local_task_job_runner.py:240} INFO - Task exited with return code 0
[2024-09-05T01:31:42.533+0000] {taskinstance.py:3503} INFO - 1 downstream tasks scheduled from follow-on schedule check
[2024-09-05T01:31:42.542+0000] {local_task_job_runner.py:222} INFO - ::endgroup::
