[2024-09-05T00:49:45.380+0000] {manager.py:470} INFO - Processing files using up to 2 processes at a time 
[2024-09-05T00:49:45.384+0000] {manager.py:471} INFO - Process each file at most once every 30 seconds
[2024-09-05T00:49:45.384+0000] {manager.py:472} INFO - Checking for new files in /opt/airflow/dags every 300 seconds
[2024-09-05T00:49:45.389+0000] {manager.py:737} INFO - Searching for files in /opt/airflow/dags
[2024-09-05T00:49:45.391+0000] {manager.py:740} INFO - There are 1 files in /opt/airflow/dags
[2024-09-05T00:49:45.800+0000] {manager.py:878} INFO - 
================================================================================
DAG File Processing Stats

File Path                              PID  Runtime      # DAGs    # Errors  Last Runtime    Last Run
-----------------------------------  -----  ---------  --------  ----------  --------------  ----------
/opt/airflow/dags/dag_sensor_csv.py     57  0.27s             0           0
================================================================================
[2024-09-05T00:50:15.821+0000] {manager.py:878} INFO - 
================================================================================
DAG File Processing Stats

File Path                            PID    Runtime      # DAGs    # Errors  Last Runtime    Last Run
-----------------------------------  -----  ---------  --------  ----------  --------------  -------------------
/opt/airflow/dags/dag_sensor_csv.py                           1           0  1.20s           2024-09-05T00:49:46
================================================================================
[2024-09-05T00:50:45.930+0000] {manager.py:878} INFO - 
================================================================================
DAG File Processing Stats

File Path                            PID    Runtime      # DAGs    # Errors  Last Runtime    Last Run
-----------------------------------  -----  ---------  --------  ----------  --------------  -------------------
/opt/airflow/dags/dag_sensor_csv.py                           1           0  0.09s           2024-09-05T00:50:16
================================================================================
[2024-09-05T00:51:16.104+0000] {manager.py:878} INFO - 
================================================================================
DAG File Processing Stats

File Path                            PID    Runtime      # DAGs    # Errors  Last Runtime    Last Run
-----------------------------------  -----  ---------  --------  ----------  --------------  -------------------
/opt/airflow/dags/dag_sensor_csv.py                           1           0  0.11s           2024-09-05T00:50:47
================================================================================
[2024-09-05T00:51:46.233+0000] {manager.py:878} INFO - 
================================================================================
DAG File Processing Stats

File Path                            PID    Runtime      # DAGs    # Errors  Last Runtime    Last Run
-----------------------------------  -----  ---------  --------  ----------  --------------  -------------------
/opt/airflow/dags/dag_sensor_csv.py                           1           0  0.09s           2024-09-05T00:51:17
================================================================================
[2024-09-05T00:52:16.388+0000] {manager.py:878} INFO - 
================================================================================
DAG File Processing Stats

File Path                            PID    Runtime      # DAGs    # Errors  Last Runtime    Last Run
-----------------------------------  -----  ---------  --------  ----------  --------------  -------------------
/opt/airflow/dags/dag_sensor_csv.py                           1           0  0.11s           2024-09-05T00:51:47
================================================================================
[2024-09-05T00:52:46.541+0000] {manager.py:878} INFO - 
================================================================================
DAG File Processing Stats

File Path                            PID    Runtime      # DAGs    # Errors  Last Runtime    Last Run
-----------------------------------  -----  ---------  --------  ----------  --------------  -------------------
/opt/airflow/dags/dag_sensor_csv.py                           1           0  0.12s           2024-09-05T00:52:17
================================================================================
[2024-09-05T00:53:16.713+0000] {manager.py:878} INFO - 
================================================================================
DAG File Processing Stats

File Path                            PID    Runtime      # DAGs    # Errors  Last Runtime    Last Run
-----------------------------------  -----  ---------  --------  ----------  --------------  -------------------
/opt/airflow/dags/dag_sensor_csv.py                           1           0  0.11s           2024-09-05T00:52:47
================================================================================
[2024-09-05T00:53:46.839+0000] {manager.py:878} INFO - 
================================================================================
DAG File Processing Stats

File Path                            PID    Runtime      # DAGs    # Errors  Last Runtime    Last Run
-----------------------------------  -----  ---------  --------  ----------  --------------  -------------------
/opt/airflow/dags/dag_sensor_csv.py                           1           0  0.11s           2024-09-05T00:53:17
================================================================================
[2024-09-05T00:54:17.015+0000] {manager.py:878} INFO - 
================================================================================
DAG File Processing Stats

File Path                            PID    Runtime      # DAGs    # Errors  Last Runtime    Last Run
-----------------------------------  -----  ---------  --------  ----------  --------------  -------------------
/opt/airflow/dags/dag_sensor_csv.py                           1           0  0.13s           2024-09-05T00:53:47
================================================================================
[2024-09-05T00:54:45.928+0000] {manager.py:737} INFO - Searching for files in /opt/airflow/dags
[2024-09-05T00:54:45.929+0000] {manager.py:740} INFO - There are 1 files in /opt/airflow/dags
[2024-09-05T00:54:47.158+0000] {manager.py:878} INFO - 
================================================================================
DAG File Processing Stats

File Path                            PID    Runtime      # DAGs    # Errors  Last Runtime    Last Run
-----------------------------------  -----  ---------  --------  ----------  --------------  -------------------
/opt/airflow/dags/dag_sensor_csv.py                           1           0  2.83s           2024-09-05T00:54:20
================================================================================
[2024-09-05T00:55:18.047+0000] {manager.py:878} INFO - 
================================================================================
DAG File Processing Stats

File Path                            PID    Runtime      # DAGs    # Errors  Last Runtime    Last Run
-----------------------------------  -----  ---------  --------  ----------  --------------  -------------------
/opt/airflow/dags/dag_sensor_csv.py                           1           0  0.13s           2024-09-05T00:54:51
================================================================================
[2024-09-05T00:55:48.270+0000] {manager.py:878} INFO - 
================================================================================
DAG File Processing Stats

File Path                            PID    Runtime      # DAGs    # Errors  Last Runtime    Last Run
-----------------------------------  -----  ---------  --------  ----------  --------------  -------------------
/opt/airflow/dags/dag_sensor_csv.py                           1           0  0.15s           2024-09-05T00:55:21
================================================================================
[2024-09-05T00:56:18.505+0000] {manager.py:878} INFO - 
================================================================================
DAG File Processing Stats

File Path                            PID    Runtime      # DAGs    # Errors  Last Runtime    Last Run
-----------------------------------  -----  ---------  --------  ----------  --------------  -------------------
/opt/airflow/dags/dag_sensor_csv.py                           1           0  0.22s           2024-09-05T00:55:51
================================================================================
[2024-09-05T00:56:48.809+0000] {manager.py:878} INFO - 
================================================================================
DAG File Processing Stats

File Path                            PID    Runtime      # DAGs    # Errors  Last Runtime    Last Run
-----------------------------------  -----  ---------  --------  ----------  --------------  -------------------
/opt/airflow/dags/dag_sensor_csv.py                           1           0  0.12s           2024-09-05T00:56:21
================================================================================
[2024-09-05T00:57:19.029+0000] {manager.py:878} INFO - 
================================================================================
DAG File Processing Stats

File Path                            PID    Runtime      # DAGs    # Errors  Last Runtime    Last Run
-----------------------------------  -----  ---------  --------  ----------  --------------  -------------------
/opt/airflow/dags/dag_sensor_csv.py                           1           0  0.09s           2024-09-05T00:56:52
================================================================================
[2024-09-05T00:57:49.190+0000] {manager.py:878} INFO - 
================================================================================
DAG File Processing Stats

File Path                            PID    Runtime      # DAGs    # Errors  Last Runtime    Last Run
-----------------------------------  -----  ---------  --------  ----------  --------------  -------------------
/opt/airflow/dags/dag_sensor_csv.py                           1           0  0.10s           2024-09-05T00:57:22
================================================================================
[2024-09-05T00:58:19.313+0000] {manager.py:878} INFO - 
================================================================================
DAG File Processing Stats

File Path                            PID    Runtime      # DAGs    # Errors  Last Runtime    Last Run
-----------------------------------  -----  ---------  --------  ----------  --------------  -------------------
/opt/airflow/dags/dag_sensor_csv.py                           1           0  0.09s           2024-09-05T00:57:52
================================================================================
[2024-09-05T00:58:49.466+0000] {manager.py:878} INFO - 
================================================================================
DAG File Processing Stats

File Path                            PID    Runtime      # DAGs    # Errors  Last Runtime    Last Run
-----------------------------------  -----  ---------  --------  ----------  --------------  -------------------
/opt/airflow/dags/dag_sensor_csv.py                           1           0  0.09s           2024-09-05T00:58:22
================================================================================
[2024-09-05T00:59:19.579+0000] {manager.py:878} INFO - 
================================================================================
DAG File Processing Stats

File Path                            PID    Runtime      # DAGs    # Errors  Last Runtime    Last Run
-----------------------------------  -----  ---------  --------  ----------  --------------  -------------------
/opt/airflow/dags/dag_sensor_csv.py                           1           0  0.09s           2024-09-05T00:58:52
================================================================================
[2024-09-05T00:59:46.737+0000] {manager.py:737} INFO - Searching for files in /opt/airflow/dags
[2024-09-05T00:59:46.738+0000] {manager.py:740} INFO - There are 1 files in /opt/airflow/dags
[2024-09-05T00:59:49.755+0000] {manager.py:878} INFO - 
================================================================================
DAG File Processing Stats

File Path                            PID    Runtime      # DAGs    # Errors  Last Runtime    Last Run
-----------------------------------  -----  ---------  --------  ----------  --------------  -------------------
/opt/airflow/dags/dag_sensor_csv.py                           1           0  0.09s           2024-09-05T00:59:22
================================================================================
[2024-09-05T01:00:16.722+0000] {manager.py:452} INFO - Exiting gracefully upon receiving signal 15
[2024-09-05T01:09:53.051+0000] {manager.py:470} INFO - Processing files using up to 2 processes at a time 
[2024-09-05T01:09:53.056+0000] {manager.py:471} INFO - Process each file at most once every 30 seconds
[2024-09-05T01:09:53.056+0000] {manager.py:472} INFO - Checking for new files in /opt/airflow/dags every 300 seconds
[2024-09-05T01:09:53.065+0000] {manager.py:737} INFO - Searching for files in /opt/airflow/dags
[2024-09-05T01:09:53.071+0000] {manager.py:740} INFO - There are 1 files in /opt/airflow/dags
[2024-09-05T01:09:53.365+0000] {manager.py:878} INFO - 
================================================================================
DAG File Processing Stats

File Path                              PID  Runtime      # DAGs    # Errors  Last Runtime    Last Run
-----------------------------------  -----  ---------  --------  ----------  --------------  ----------
/opt/airflow/dags/dag_sensor_csv.py     61  0.13s             0           0
================================================================================
[2024-09-05T01:10:23.462+0000] {manager.py:878} INFO - 
================================================================================
DAG File Processing Stats

File Path                            PID    Runtime      # DAGs    # Errors  Last Runtime    Last Run
-----------------------------------  -----  ---------  --------  ----------  --------------  -------------------
/opt/airflow/dags/dag_sensor_csv.py                           1           0  0.91s           2024-09-05T01:09:54
================================================================================
[2024-09-05T01:10:53.467+0000] {manager.py:878} INFO - 
================================================================================
DAG File Processing Stats

File Path                            PID    Runtime      # DAGs    # Errors  Last Runtime    Last Run
-----------------------------------  -----  ---------  --------  ----------  --------------  -------------------
/opt/airflow/dags/dag_sensor_csv.py                           1           0  0.10s           2024-09-05T01:10:24
================================================================================
[2024-09-05T01:11:23.571+0000] {manager.py:878} INFO - 
================================================================================
DAG File Processing Stats

File Path                            PID    Runtime      # DAGs    # Errors  Last Runtime    Last Run
-----------------------------------  -----  ---------  --------  ----------  --------------  -------------------
/opt/airflow/dags/dag_sensor_csv.py                           1           0  0.09s           2024-09-05T01:10:54
================================================================================
[2024-09-05T01:11:53.687+0000] {manager.py:878} INFO - 
================================================================================
DAG File Processing Stats

File Path                            PID    Runtime      # DAGs    # Errors  Last Runtime    Last Run
-----------------------------------  -----  ---------  --------  ----------  --------------  -------------------
/opt/airflow/dags/dag_sensor_csv.py                           1           0  0.09s           2024-09-05T01:11:24
================================================================================
[2024-09-05T01:12:23.841+0000] {manager.py:878} INFO - 
================================================================================
DAG File Processing Stats

File Path                            PID    Runtime      # DAGs    # Errors  Last Runtime    Last Run
-----------------------------------  -----  ---------  --------  ----------  --------------  -------------------
/opt/airflow/dags/dag_sensor_csv.py                           1           0  0.09s           2024-09-05T01:11:54
================================================================================
[2024-09-05T01:12:53.979+0000] {manager.py:878} INFO - 
================================================================================
DAG File Processing Stats

File Path                            PID    Runtime      # DAGs    # Errors  Last Runtime    Last Run
-----------------------------------  -----  ---------  --------  ----------  --------------  -------------------
/opt/airflow/dags/dag_sensor_csv.py                           1           0  0.10s           2024-09-05T01:12:24
================================================================================
[2024-09-05T01:13:24.138+0000] {manager.py:878} INFO - 
================================================================================
DAG File Processing Stats

File Path                            PID    Runtime      # DAGs    # Errors  Last Runtime    Last Run
-----------------------------------  -----  ---------  --------  ----------  --------------  -------------------
/opt/airflow/dags/dag_sensor_csv.py                           1           0  0.09s           2024-09-05T01:12:55
================================================================================
[2024-09-05T01:13:54.255+0000] {manager.py:878} INFO - 
================================================================================
DAG File Processing Stats

File Path                            PID    Runtime      # DAGs    # Errors  Last Runtime    Last Run
-----------------------------------  -----  ---------  --------  ----------  --------------  -------------------
/opt/airflow/dags/dag_sensor_csv.py                           1           0  0.15s           2024-09-05T01:13:25
================================================================================
[2024-09-05T01:14:24.484+0000] {manager.py:878} INFO - 
================================================================================
DAG File Processing Stats

File Path                            PID    Runtime      # DAGs    # Errors  Last Runtime    Last Run
-----------------------------------  -----  ---------  --------  ----------  --------------  -------------------
/opt/airflow/dags/dag_sensor_csv.py                           1           0  0.14s           2024-09-05T01:13:55
================================================================================
[2024-09-05T01:14:53.670+0000] {manager.py:452} INFO - Exiting gracefully upon receiving signal 15
[2024-09-05T01:16:05.374+0000] {manager.py:470} INFO - Processing files using up to 2 processes at a time 
[2024-09-05T01:16:05.387+0000] {manager.py:471} INFO - Process each file at most once every 30 seconds
[2024-09-05T01:16:05.388+0000] {manager.py:472} INFO - Checking for new files in /opt/airflow/dags every 300 seconds
[2024-09-05T01:16:05.388+0000] {manager.py:737} INFO - Searching for files in /opt/airflow/dags
[2024-09-05T01:16:05.391+0000] {manager.py:740} INFO - There are 2 files in /opt/airflow/dags
[2024-09-05T01:16:05.741+0000] {manager.py:878} INFO - 
================================================================================
DAG File Processing Stats

File Path                              PID  Runtime      # DAGs    # Errors  Last Runtime    Last Run
-----------------------------------  -----  ---------  --------  ----------  --------------  -------------------
/opt/airflow/dags/dag_to_fail.py                              0           1  0.26s           2024-09-05T01:16:05
/opt/airflow/dags/dag_sensor_csv.py     60  0.21s             0           0
================================================================================
[2024-09-05T01:16:35.854+0000] {manager.py:878} INFO - 
================================================================================
DAG File Processing Stats

File Path                              PID  Runtime      # DAGs    # Errors  Last Runtime    Last Run
-----------------------------------  -----  ---------  --------  ----------  --------------  -------------------
/opt/airflow/dags/dag_sensor_csv.py                           1           0  0.66s           2024-09-05T01:16:06
/opt/airflow/dags/dag_to_fail.py        66  0.00s             0           1  0.26s           2024-09-05T01:16:05
================================================================================
[2024-09-05T01:17:06.035+0000] {manager.py:878} INFO - 
================================================================================
DAG File Processing Stats

File Path                              PID  Runtime      # DAGs    # Errors  Last Runtime    Last Run
-----------------------------------  -----  ---------  --------  ----------  --------------  -------------------
/opt/airflow/dags/dag_sensor_csv.py                           1           0  0.09s           2024-09-05T01:16:36
/opt/airflow/dags/dag_to_fail.py        74  0.01s             0           1  0.06s           2024-09-05T01:16:35
================================================================================
[2024-09-05T01:17:36.274+0000] {manager.py:878} INFO - 
================================================================================
DAG File Processing Stats

File Path                            PID    Runtime      # DAGs    # Errors  Last Runtime    Last Run
-----------------------------------  -----  ---------  --------  ----------  --------------  -------------------
/opt/airflow/dags/dag_sensor_csv.py                           1           0  0.31s           2024-09-05T01:17:07
/opt/airflow/dags/dag_to_fail.py                              0           1  0.04s           2024-09-05T01:17:30
================================================================================
[2024-09-05T01:18:06.440+0000] {manager.py:878} INFO - 
================================================================================
DAG File Processing Stats

File Path                            PID    Runtime      # DAGs    # Errors  Last Runtime    Last Run
-----------------------------------  -----  ---------  --------  ----------  --------------  -------------------
/opt/airflow/dags/dag_sensor_csv.py                           1           0  0.19s           2024-09-05T01:17:38
/opt/airflow/dags/dag_to_fail.py                              0           1  0.04s           2024-09-05T01:17:51
================================================================================
[2024-09-05T01:18:36.686+0000] {manager.py:878} INFO - 
================================================================================
DAG File Processing Stats

File Path                            PID    Runtime      # DAGs    # Errors  Last Runtime    Last Run
-----------------------------------  -----  ---------  --------  ----------  --------------  -------------------
/opt/airflow/dags/dag_sensor_csv.py                           1           0  0.09s           2024-09-05T01:18:09
/opt/airflow/dags/dag_to_fail.py                              0           1  0.04s           2024-09-05T01:18:32
================================================================================
[2024-09-05T01:19:06.866+0000] {manager.py:878} INFO - 
================================================================================
DAG File Processing Stats

File Path                            PID    Runtime      # DAGs    # Errors  Last Runtime    Last Run
-----------------------------------  -----  ---------  --------  ----------  --------------  -------------------
/opt/airflow/dags/dag_to_fail.py                              1           0  0.21s           2024-09-05T01:18:59
/opt/airflow/dags/dag_sensor_csv.py                           1           0  0.09s           2024-09-05T01:18:39
================================================================================
[2024-09-05T01:19:37.056+0000] {manager.py:878} INFO - 
================================================================================
DAG File Processing Stats

File Path                            PID    Runtime      # DAGs    # Errors  Last Runtime    Last Run
-----------------------------------  -----  ---------  --------  ----------  --------------  -------------------
/opt/airflow/dags/dag_to_fail.py                              1           0  0.11s           2024-09-05T01:19:29
/opt/airflow/dags/dag_sensor_csv.py                           1           0  0.09s           2024-09-05T01:19:09
================================================================================
[2024-09-05T01:20:07.242+0000] {manager.py:878} INFO - 
================================================================================
DAG File Processing Stats

File Path                            PID    Runtime      # DAGs    # Errors  Last Runtime    Last Run
-----------------------------------  -----  ---------  --------  ----------  --------------  -------------------
/opt/airflow/dags/dag_sensor_csv.py                           1           0  0.09s           2024-09-05T01:19:40
/opt/airflow/dags/dag_to_fail.py                              1           0  0.09s           2024-09-05T01:19:59
================================================================================
[2024-09-05T01:20:37.420+0000] {manager.py:878} INFO - 
================================================================================
DAG File Processing Stats

File Path                            PID    Runtime      # DAGs    # Errors  Last Runtime    Last Run
-----------------------------------  -----  ---------  --------  ----------  --------------  -------------------
/opt/airflow/dags/dag_to_fail.py                              1           0  0.09s           2024-09-05T01:20:29
/opt/airflow/dags/dag_sensor_csv.py                           1           0  0.09s           2024-09-05T01:20:10
================================================================================
[2024-09-05T01:21:05.849+0000] {manager.py:737} INFO - Searching for files in /opt/airflow/dags
[2024-09-05T01:21:05.851+0000] {manager.py:740} INFO - There are 2 files in /opt/airflow/dags
[2024-09-05T01:21:07.870+0000] {manager.py:878} INFO - 
================================================================================
DAG File Processing Stats

File Path                            PID    Runtime      # DAGs    # Errors  Last Runtime    Last Run
-----------------------------------  -----  ---------  --------  ----------  --------------  -------------------
/opt/airflow/dags/dag_sensor_csv.py                           1           0  0.09s           2024-09-05T01:20:40
/opt/airflow/dags/dag_to_fail.py                              1           0  0.07s           2024-09-05T01:21:05
================================================================================
[2024-09-05T01:21:38.119+0000] {manager.py:878} INFO - 
================================================================================
DAG File Processing Stats

File Path                            PID    Runtime      # DAGs    # Errors  Last Runtime    Last Run
-----------------------------------  -----  ---------  --------  ----------  --------------  -------------------
/opt/airflow/dags/dag_to_fail.py                              1           0  0.11s           2024-09-05T01:21:31
/opt/airflow/dags/dag_sensor_csv.py                           1           0  0.09s           2024-09-05T01:21:10
================================================================================
[2024-09-05T01:22:08.424+0000] {manager.py:878} INFO - 
================================================================================
DAG File Processing Stats

File Path                            PID    Runtime      # DAGs    # Errors  Last Runtime    Last Run
-----------------------------------  -----  ---------  --------  ----------  --------------  -------------------
/opt/airflow/dags/dag_to_fail.py                              1           0  0.11s           2024-09-05T01:22:07
/opt/airflow/dags/dag_sensor_csv.py                           1           0  0.11s           2024-09-05T01:21:41
================================================================================
[2024-09-05T01:22:38.727+0000] {manager.py:878} INFO - 
================================================================================
DAG File Processing Stats

File Path                            PID    Runtime      # DAGs    # Errors  Last Runtime    Last Run
-----------------------------------  -----  ---------  --------  ----------  --------------  -------------------
/opt/airflow/dags/dag_sensor_csv.py                           1           0  0.10s           2024-09-05T01:22:11
/opt/airflow/dags/dag_to_fail.py                              1           0  0.08s           2024-09-05T01:22:18
================================================================================
[2024-09-05T01:23:08.909+0000] {manager.py:878} INFO - 
================================================================================
DAG File Processing Stats

File Path                            PID    Runtime      # DAGs    # Errors  Last Runtime    Last Run
-----------------------------------  -----  ---------  --------  ----------  --------------  -------------------
/opt/airflow/dags/dag_to_fail.py                              1           0  0.55s           2024-09-05T01:22:49
/opt/airflow/dags/dag_sensor_csv.py                           1           0  0.09s           2024-09-05T01:22:41
================================================================================
[2024-09-05T01:23:39.027+0000] {manager.py:878} INFO - 
================================================================================
DAG File Processing Stats

File Path                            PID    Runtime      # DAGs    # Errors  Last Runtime    Last Run
-----------------------------------  -----  ---------  --------  ----------  --------------  -------------------
/opt/airflow/dags/dag_sensor_csv.py                           1           0  0.28s           2024-09-05T01:23:12
/opt/airflow/dags/dag_to_fail.py                              1           0  0.09s           2024-09-05T01:23:20
================================================================================
[2024-09-05T01:24:09.298+0000] {manager.py:878} INFO - 
================================================================================
DAG File Processing Stats

File Path                            PID    Runtime      # DAGs    # Errors  Last Runtime    Last Run
-----------------------------------  -----  ---------  --------  ----------  --------------  -------------------
/opt/airflow/dags/dag_sensor_csv.py                           1           0  0.15s           2024-09-05T01:23:43
/opt/airflow/dags/dag_to_fail.py                              1           0  0.13s           2024-09-05T01:23:50
================================================================================
[2024-09-05T01:24:39.497+0000] {manager.py:878} INFO - 
================================================================================
DAG File Processing Stats

File Path                            PID    Runtime      # DAGs    # Errors  Last Runtime    Last Run
-----------------------------------  -----  ---------  --------  ----------  --------------  -------------------
/opt/airflow/dags/dag_to_fail.py                              1           0  0.14s           2024-09-05T01:24:20
/opt/airflow/dags/dag_sensor_csv.py                           1           0  0.09s           2024-09-05T01:24:13
================================================================================
[2024-09-05T01:25:09.767+0000] {manager.py:878} INFO - 
================================================================================
DAG File Processing Stats

File Path                            PID    Runtime      # DAGs    # Errors  Last Runtime    Last Run
-----------------------------------  -----  ---------  --------  ----------  --------------  -------------------
/opt/airflow/dags/dag_to_fail.py                              1           0  0.24s           2024-09-05T01:24:50
/opt/airflow/dags/dag_sensor_csv.py                           1           0  0.16s           2024-09-05T01:24:40
================================================================================
[2024-09-05T01:25:39.984+0000] {manager.py:878} INFO - 
================================================================================
DAG File Processing Stats

File Path                            PID    Runtime      # DAGs    # Errors  Last Runtime    Last Run
-----------------------------------  -----  ---------  --------  ----------  --------------  -------------------
/opt/airflow/dags/dag_sensor_csv.py                           1           0  0.10s           2024-09-05T01:25:10
/opt/airflow/dags/dag_to_fail.py                              1           0  0.09s           2024-09-05T01:25:20
================================================================================
[2024-09-05T01:25:43.770+0000] {manager.py:452} INFO - Exiting gracefully upon receiving signal 15
[2024-09-05T01:28:44.943+0000] {manager.py:470} INFO - Processing files using up to 2 processes at a time 
[2024-09-05T01:28:44.952+0000] {manager.py:471} INFO - Process each file at most once every 30 seconds
[2024-09-05T01:28:44.952+0000] {manager.py:472} INFO - Checking for new files in /opt/airflow/dags every 300 seconds
[2024-09-05T01:28:44.953+0000] {manager.py:737} INFO - Searching for files in /opt/airflow/dags
[2024-09-05T01:28:44.974+0000] {manager.py:740} INFO - There are 2 files in /opt/airflow/dags
[2024-09-05T01:28:45.435+0000] {manager.py:878} INFO - 
================================================================================
DAG File Processing Stats

File Path                              PID  Runtime      # DAGs    # Errors  Last Runtime    Last Run
-----------------------------------  -----  ---------  --------  ----------  --------------  ----------
/opt/airflow/dags/dag_to_fail.py        59  0.24s             0           0
/opt/airflow/dags/dag_sensor_csv.py     58  0.30s             0           0
================================================================================
[2024-09-05T01:29:16.105+0000] {manager.py:878} INFO - 
================================================================================
DAG File Processing Stats

File Path                            PID    Runtime      # DAGs    # Errors  Last Runtime    Last Run
-----------------------------------  -----  ---------  --------  ----------  --------------  -------------------
/opt/airflow/dags/dag_sensor_csv.py                           1           0  1.89s           2024-09-05T01:28:47
/opt/airflow/dags/dag_to_fail.py                              1           0  1.78s           2024-09-05T01:28:46
================================================================================
[2024-09-05T01:29:46.271+0000] {manager.py:878} INFO - 
================================================================================
DAG File Processing Stats

File Path                            PID    Runtime      # DAGs    # Errors  Last Runtime    Last Run
-----------------------------------  -----  ---------  --------  ----------  --------------  -------------------
/opt/airflow/dags/dag_sensor_csv.py                           1           0  0.16s           2024-09-05T01:29:17
/opt/airflow/dags/dag_to_fail.py                              1           0  0.15s           2024-09-05T01:29:17
================================================================================
[2024-09-05T01:30:16.514+0000] {manager.py:878} INFO - 
================================================================================
DAG File Processing Stats

File Path                            PID    Runtime      # DAGs    # Errors  Last Runtime    Last Run
-----------------------------------  -----  ---------  --------  ----------  --------------  -------------------
/opt/airflow/dags/dag_to_fail.py                              1           0  0.16s           2024-09-05T01:29:47
/opt/airflow/dags/dag_sensor_csv.py                           1           0  0.14s           2024-09-05T01:29:47
================================================================================
[2024-09-05T01:30:46.781+0000] {manager.py:878} INFO - 
================================================================================
DAG File Processing Stats

File Path                            PID    Runtime      # DAGs    # Errors  Last Runtime    Last Run
-----------------------------------  -----  ---------  --------  ----------  --------------  -------------------
/opt/airflow/dags/dag_sensor_csv.py                           1           0  0.17s           2024-09-05T01:30:17
/opt/airflow/dags/dag_to_fail.py                              1           0  0.16s           2024-09-05T01:30:17
================================================================================
[2024-09-05T01:31:17.080+0000] {manager.py:878} INFO - 
================================================================================
DAG File Processing Stats

File Path                            PID    Runtime      # DAGs    # Errors  Last Runtime    Last Run
-----------------------------------  -----  ---------  --------  ----------  --------------  -------------------
/opt/airflow/dags/dag_sensor_csv.py                           1           0  0.23s           2024-09-05T01:30:48
/opt/airflow/dags/dag_to_fail.py                              1           0  0.19s           2024-09-05T01:30:47
================================================================================
[2024-09-05T01:31:47.370+0000] {manager.py:878} INFO - 
================================================================================
DAG File Processing Stats

File Path                            PID    Runtime      # DAGs    # Errors  Last Runtime    Last Run
-----------------------------------  -----  ---------  --------  ----------  --------------  -------------------
/opt/airflow/dags/dag_sensor_csv.py                           1           0  0.18s           2024-09-05T01:31:18
/opt/airflow/dags/dag_to_fail.py                              1           0  0.17s           2024-09-05T01:31:18
================================================================================
[2024-09-05T01:32:17.600+0000] {manager.py:878} INFO - 
================================================================================
DAG File Processing Stats

File Path                            PID    Runtime      # DAGs    # Errors  Last Runtime    Last Run
-----------------------------------  -----  ---------  --------  ----------  --------------  -------------------
/opt/airflow/dags/dag_sensor_csv.py                           1           0  0.13s           2024-09-05T01:31:48
/opt/airflow/dags/dag_to_fail.py                              1           0  0.13s           2024-09-05T01:31:48
================================================================================
[2024-09-05T01:32:47.726+0000] {manager.py:878} INFO - 
================================================================================
DAG File Processing Stats

File Path                            PID    Runtime      # DAGs    # Errors  Last Runtime    Last Run
-----------------------------------  -----  ---------  --------  ----------  --------------  -------------------
/opt/airflow/dags/dag_sensor_csv.py                           1           0  0.18s           2024-09-05T01:32:18
/opt/airflow/dags/dag_to_fail.py                              1           0  0.17s           2024-09-05T01:32:18
================================================================================
[2024-09-05T01:33:18.209+0000] {manager.py:878} INFO - 
================================================================================
DAG File Processing Stats

File Path                            PID    Runtime      # DAGs    # Errors  Last Runtime    Last Run
-----------------------------------  -----  ---------  --------  ----------  --------------  -------------------
/opt/airflow/dags/dag_to_fail.py                              1           0  0.25s           2024-09-05T01:32:49
/opt/airflow/dags/dag_sensor_csv.py                           1           0  0.23s           2024-09-05T01:32:49
================================================================================
[2024-09-05T01:33:45.320+0000] {manager.py:737} INFO - Searching for files in /opt/airflow/dags
[2024-09-05T01:33:45.323+0000] {manager.py:740} INFO - There are 2 files in /opt/airflow/dags
[2024-09-05T01:33:48.342+0000] {manager.py:878} INFO - 
================================================================================
DAG File Processing Stats

File Path                            PID    Runtime      # DAGs    # Errors  Last Runtime    Last Run
-----------------------------------  -----  ---------  --------  ----------  --------------  -------------------
/opt/airflow/dags/dag_to_fail.py                              1           0  0.27s           2024-09-05T01:33:19
/opt/airflow/dags/dag_sensor_csv.py                           1           0  0.27s           2024-09-05T01:33:19
================================================================================
[2024-09-05T01:34:18.672+0000] {manager.py:878} INFO - 
================================================================================
DAG File Processing Stats

File Path                            PID    Runtime      # DAGs    # Errors  Last Runtime    Last Run
-----------------------------------  -----  ---------  --------  ----------  --------------  -------------------
/opt/airflow/dags/dag_sensor_csv.py                           1           0  0.22s           2024-09-05T01:33:49
/opt/airflow/dags/dag_to_fail.py                              1           0  0.21s           2024-09-05T01:33:49
================================================================================
[2024-09-05T01:34:49.140+0000] {manager.py:878} INFO - 
================================================================================
DAG File Processing Stats

File Path                            PID    Runtime      # DAGs    # Errors  Last Runtime    Last Run
-----------------------------------  -----  ---------  --------  ----------  --------------  -------------------
/opt/airflow/dags/dag_to_fail.py                              1           0  0.15s           2024-09-05T01:34:20
/opt/airflow/dags/dag_sensor_csv.py                           1           0  0.15s           2024-09-05T01:34:20
================================================================================
