[2024-09-05T00:11:27.230+0000] {manager.py:483} INFO - Processing files using up to 2 processes at a time 
[2024-09-05T00:11:27.234+0000] {manager.py:484} INFO - Process each file at most once every 30 seconds
[2024-09-05T00:11:27.242+0000] {manager.py:485} INFO - Checking for new files in /opt/airflow/dags every 300 seconds
[2024-09-05T00:11:27.245+0000] {manager.py:821} INFO - Searching for files in /opt/airflow/dags
[2024-09-05T00:11:27.247+0000] {manager.py:824} INFO - There are 1 files in /opt/airflow/dags
[2024-09-05T00:11:27.398+0000] {manager.py:997} INFO - 
================================================================================
DAG File Processing Stats

File Path                          PID  Runtime      # DAGs    # Errors  Last Runtime    Last Run      Last # of DB Queries
-------------------------------  -----  ---------  --------  ----------  --------------  ----------  ----------------------
/opt/airflow/dags/dag_sample.py     58  0.04s             0           0                                                   0
================================================================================
[2024-09-05T00:11:57.560+0000] {manager.py:997} INFO - 
================================================================================
DAG File Processing Stats

File Path                        PID    Runtime      # DAGs    # Errors  Last Runtime    Last Run               Last # of DB Queries
-------------------------------  -----  ---------  --------  ----------  --------------  -------------------  ----------------------
/opt/airflow/dags/dag_sample.py                           1           0  1.14s           2024-09-05T00:11:28                      26
================================================================================
[2024-09-05T00:12:27.748+0000] {manager.py:997} INFO - 
================================================================================
DAG File Processing Stats

File Path                        PID    Runtime      # DAGs    # Errors  Last Runtime    Last Run               Last # of DB Queries
-------------------------------  -----  ---------  --------  ----------  --------------  -------------------  ----------------------
/opt/airflow/dags/dag_sample.py                           1           0  0.09s           2024-09-05T00:11:58                      12
================================================================================
[2024-09-05T00:12:57.888+0000] {manager.py:997} INFO - 
================================================================================
DAG File Processing Stats

File Path                        PID    Runtime      # DAGs    # Errors  Last Runtime    Last Run               Last # of DB Queries
-------------------------------  -----  ---------  --------  ----------  --------------  -------------------  ----------------------
/opt/airflow/dags/dag_sample.py                           1           0  0.09s           2024-09-05T00:12:28                      12
================================================================================
[2024-09-05T00:13:28.067+0000] {manager.py:997} INFO - 
================================================================================
DAG File Processing Stats

File Path                        PID    Runtime      # DAGs    # Errors  Last Runtime    Last Run               Last # of DB Queries
-------------------------------  -----  ---------  --------  ----------  --------------  -------------------  ----------------------
/opt/airflow/dags/dag_sample.py                           1           0  0.10s           2024-09-05T00:12:58                      12
================================================================================
[2024-09-05T00:13:58.233+0000] {manager.py:997} INFO - 
================================================================================
DAG File Processing Stats

File Path                        PID    Runtime      # DAGs    # Errors  Last Runtime    Last Run               Last # of DB Queries
-------------------------------  -----  ---------  --------  ----------  --------------  -------------------  ----------------------
/opt/airflow/dags/dag_sample.py                           1           0  0.11s           2024-09-05T00:13:29                      12
================================================================================
[2024-09-05T00:14:28.432+0000] {manager.py:997} INFO - 
================================================================================
DAG File Processing Stats

File Path                        PID    Runtime      # DAGs    # Errors  Last Runtime    Last Run               Last # of DB Queries
-------------------------------  -----  ---------  --------  ----------  --------------  -------------------  ----------------------
/opt/airflow/dags/dag_sample.py                           1           0  0.10s           2024-09-05T00:13:59                      12
================================================================================
[2024-09-05T00:14:58.568+0000] {manager.py:997} INFO - 
================================================================================
DAG File Processing Stats

File Path                        PID    Runtime      # DAGs    # Errors  Last Runtime    Last Run               Last # of DB Queries
-------------------------------  -----  ---------  --------  ----------  --------------  -------------------  ----------------------
/opt/airflow/dags/dag_sample.py                           1           0  0.09s           2024-09-05T00:14:29                      12
================================================================================
[2024-09-05T00:15:28.768+0000] {manager.py:997} INFO - 
================================================================================
DAG File Processing Stats

File Path                        PID    Runtime      # DAGs    # Errors  Last Runtime    Last Run               Last # of DB Queries
-------------------------------  -----  ---------  --------  ----------  --------------  -------------------  ----------------------
/opt/airflow/dags/dag_sample.py                           1           0  0.09s           2024-09-05T00:14:59                      12
================================================================================
[2024-09-05T00:15:58.908+0000] {manager.py:997} INFO - 
================================================================================
DAG File Processing Stats

File Path                        PID    Runtime      # DAGs    # Errors  Last Runtime    Last Run               Last # of DB Queries
-------------------------------  -----  ---------  --------  ----------  --------------  -------------------  ----------------------
/opt/airflow/dags/dag_sample.py                           1           0  0.13s           2024-09-05T00:15:29                      12
================================================================================
[2024-09-05T00:16:27.299+0000] {manager.py:821} INFO - Searching for files in /opt/airflow/dags
[2024-09-05T00:16:27.301+0000] {manager.py:824} INFO - There are 1 files in /opt/airflow/dags
[2024-09-05T00:16:29.157+0000] {manager.py:997} INFO - 
================================================================================
DAG File Processing Stats

File Path                        PID    Runtime      # DAGs    # Errors  Last Runtime    Last Run               Last # of DB Queries
-------------------------------  -----  ---------  --------  ----------  --------------  -------------------  ----------------------
/opt/airflow/dags/dag_sample.py                           1           0  0.27s           2024-09-05T00:16:00                      12
================================================================================
[2024-09-05T00:16:59.443+0000] {manager.py:997} INFO - 
================================================================================
DAG File Processing Stats

File Path                        PID    Runtime      # DAGs    # Errors  Last Runtime    Last Run               Last # of DB Queries
-------------------------------  -----  ---------  --------  ----------  --------------  -------------------  ----------------------
/opt/airflow/dags/dag_sample.py                           1           0  0.26s           2024-09-05T00:16:30                      12
================================================================================
[2024-09-05T00:17:29.832+0000] {manager.py:997} INFO - 
================================================================================
DAG File Processing Stats

File Path                        PID    Runtime      # DAGs    # Errors  Last Runtime    Last Run               Last # of DB Queries
-------------------------------  -----  ---------  --------  ----------  --------------  -------------------  ----------------------
/opt/airflow/dags/dag_sample.py                           1           0  0.23s           2024-09-05T00:17:00                      12
================================================================================
[2024-09-05T00:18:00.462+0000] {manager.py:997} INFO - 
================================================================================
DAG File Processing Stats

File Path                        PID    Runtime      # DAGs    # Errors  Last Runtime    Last Run               Last # of DB Queries
-------------------------------  -----  ---------  --------  ----------  --------------  -------------------  ----------------------
/opt/airflow/dags/dag_sample.py                           1           0  0.09s           2024-09-05T00:17:58                      11
================================================================================
[2024-09-05T00:18:30.668+0000] {manager.py:997} INFO - 
================================================================================
DAG File Processing Stats

File Path                        PID    Runtime      # DAGs    # Errors  Last Runtime    Last Run               Last # of DB Queries
-------------------------------  -----  ---------  --------  ----------  --------------  -------------------  ----------------------
/opt/airflow/dags/dag_sample.py                           1           0  0.29s           2024-09-05T00:18:28                      22
================================================================================
[2024-09-05T00:19:01.002+0000] {manager.py:997} INFO - 
================================================================================
DAG File Processing Stats

File Path                        PID    Runtime      # DAGs    # Errors  Last Runtime    Last Run               Last # of DB Queries
-------------------------------  -----  ---------  --------  ----------  --------------  -------------------  ----------------------
/opt/airflow/dags/dag_sample.py                           1           0  0.11s           2024-09-05T00:18:59                      12
================================================================================
[2024-09-05T00:19:31.231+0000] {manager.py:997} INFO - 
================================================================================
DAG File Processing Stats

File Path                        PID    Runtime      # DAGs    # Errors  Last Runtime    Last Run               Last # of DB Queries
-------------------------------  -----  ---------  --------  ----------  --------------  -------------------  ----------------------
/opt/airflow/dags/dag_sample.py                           1           0  0.23s           2024-09-05T00:19:29                      12
================================================================================
[2024-09-05T00:20:01.486+0000] {manager.py:997} INFO - 
================================================================================
DAG File Processing Stats

File Path                        PID    Runtime      # DAGs    # Errors  Last Runtime    Last Run               Last # of DB Queries
-------------------------------  -----  ---------  --------  ----------  --------------  -------------------  ----------------------
/opt/airflow/dags/dag_sample.py                           1           0  0.22s           2024-09-05T00:19:59                      12
================================================================================
[2024-09-05T00:20:31.824+0000] {manager.py:997} INFO - 
================================================================================
DAG File Processing Stats

File Path                        PID    Runtime      # DAGs    # Errors  Last Runtime    Last Run               Last # of DB Queries
-------------------------------  -----  ---------  --------  ----------  --------------  -------------------  ----------------------
/opt/airflow/dags/dag_sample.py                           1           0  0.23s           2024-09-05T00:20:30                      12
================================================================================
[2024-09-05T00:21:02.172+0000] {manager.py:997} INFO - 
================================================================================
DAG File Processing Stats

File Path                        PID    Runtime      # DAGs    # Errors  Last Runtime    Last Run               Last # of DB Queries
-------------------------------  -----  ---------  --------  ----------  --------------  -------------------  ----------------------
/opt/airflow/dags/dag_sample.py                           1           0  0.20s           2024-09-05T00:21:00                      12
================================================================================
[2024-09-05T00:21:27.467+0000] {manager.py:821} INFO - Searching for files in /opt/airflow/dags
[2024-09-05T00:21:27.468+0000] {manager.py:824} INFO - There are 1 files in /opt/airflow/dags
[2024-09-05T00:21:32.517+0000] {manager.py:997} INFO - 
================================================================================
DAG File Processing Stats

File Path                        PID    Runtime      # DAGs    # Errors  Last Runtime    Last Run               Last # of DB Queries
-------------------------------  -----  ---------  --------  ----------  --------------  -------------------  ----------------------
/opt/airflow/dags/dag_sample.py                           1           0  0.17s           2024-09-05T00:21:30                      12
================================================================================
[2024-09-05T00:22:02.798+0000] {manager.py:997} INFO - 
================================================================================
DAG File Processing Stats

File Path                        PID    Runtime      # DAGs    # Errors  Last Runtime    Last Run               Last # of DB Queries
-------------------------------  -----  ---------  --------  ----------  --------------  -------------------  ----------------------
/opt/airflow/dags/dag_sample.py                           1           0  0.09s           2024-09-05T00:22:00                      12
================================================================================
[2024-09-05T00:22:33.000+0000] {manager.py:997} INFO - 
================================================================================
DAG File Processing Stats

File Path                        PID    Runtime      # DAGs    # Errors  Last Runtime    Last Run               Last # of DB Queries
-------------------------------  -----  ---------  --------  ----------  --------------  -------------------  ----------------------
/opt/airflow/dags/dag_sample.py                           1           0  0.20s           2024-09-05T00:22:31                      12
================================================================================
[2024-09-05T00:23:03.246+0000] {manager.py:997} INFO - 
================================================================================
DAG File Processing Stats

File Path                        PID    Runtime      # DAGs    # Errors  Last Runtime    Last Run               Last # of DB Queries
-------------------------------  -----  ---------  --------  ----------  --------------  -------------------  ----------------------
/opt/airflow/dags/dag_sample.py                           1           0  0.21s           2024-09-05T00:23:01                      12
================================================================================
[2024-09-05T00:23:33.575+0000] {manager.py:997} INFO - 
================================================================================
DAG File Processing Stats

File Path                        PID    Runtime      # DAGs    # Errors  Last Runtime    Last Run               Last # of DB Queries
-------------------------------  -----  ---------  --------  ----------  --------------  -------------------  ----------------------
/opt/airflow/dags/dag_sample.py                           1           0  0.10s           2024-09-05T00:23:31                      12
================================================================================
[2024-09-05T00:24:03.779+0000] {manager.py:997} INFO - 
================================================================================
DAG File Processing Stats

File Path                        PID    Runtime      # DAGs    # Errors  Last Runtime    Last Run               Last # of DB Queries
-------------------------------  -----  ---------  --------  ----------  --------------  -------------------  ----------------------
/opt/airflow/dags/dag_sample.py                           1           0  0.09s           2024-09-05T00:24:01                      12
================================================================================
[2024-09-05T00:24:33.920+0000] {manager.py:997} INFO - 
================================================================================
DAG File Processing Stats

File Path                        PID    Runtime      # DAGs    # Errors  Last Runtime    Last Run               Last # of DB Queries
-------------------------------  -----  ---------  --------  ----------  --------------  -------------------  ----------------------
/opt/airflow/dags/dag_sample.py                           1           0  0.08s           2024-09-05T00:24:31                      12
================================================================================
[2024-09-05T00:25:04.100+0000] {manager.py:997} INFO - 
================================================================================
DAG File Processing Stats

File Path                        PID    Runtime      # DAGs    # Errors  Last Runtime    Last Run               Last # of DB Queries
-------------------------------  -----  ---------  --------  ----------  --------------  -------------------  ----------------------
/opt/airflow/dags/dag_sample.py                           1           0  0.09s           2024-09-05T00:25:02                      12
================================================================================
[2024-09-05T00:25:34.235+0000] {manager.py:997} INFO - 
================================================================================
DAG File Processing Stats

File Path                        PID    Runtime      # DAGs    # Errors  Last Runtime    Last Run               Last # of DB Queries
-------------------------------  -----  ---------  --------  ----------  --------------  -------------------  ----------------------
/opt/airflow/dags/dag_sample.py                           1           0  0.22s           2024-09-05T00:25:32                      12
================================================================================
[2024-09-05T00:26:04.568+0000] {manager.py:997} INFO - 
================================================================================
DAG File Processing Stats

File Path                        PID    Runtime      # DAGs    # Errors  Last Runtime    Last Run               Last # of DB Queries
-------------------------------  -----  ---------  --------  ----------  --------------  -------------------  ----------------------
/opt/airflow/dags/dag_sample.py                           1           0  0.46s           2024-09-05T00:26:03                      12
================================================================================
[2024-09-05T00:26:27.657+0000] {manager.py:821} INFO - Searching for files in /opt/airflow/dags
[2024-09-05T00:26:27.658+0000] {manager.py:824} INFO - There are 1 files in /opt/airflow/dags
[2024-09-05T00:26:35.144+0000] {manager.py:997} INFO - 
================================================================================
DAG File Processing Stats

File Path                        PID    Runtime      # DAGs    # Errors  Last Runtime    Last Run               Last # of DB Queries
-------------------------------  -----  ---------  --------  ----------  --------------  -------------------  ----------------------
/opt/airflow/dags/dag_sample.py                           1           0  0.09s           2024-09-05T00:26:33                      12
================================================================================
[2024-09-05T00:27:05.339+0000] {manager.py:997} INFO - 
================================================================================
DAG File Processing Stats

File Path                        PID    Runtime      # DAGs    # Errors  Last Runtime    Last Run               Last # of DB Queries
-------------------------------  -----  ---------  --------  ----------  --------------  -------------------  ----------------------
/opt/airflow/dags/dag_sample.py                           1           0  0.08s           2024-09-05T00:27:03                      12
================================================================================
[2024-09-05T00:27:35.481+0000] {manager.py:997} INFO - 
================================================================================
DAG File Processing Stats

File Path                        PID    Runtime      # DAGs    # Errors  Last Runtime    Last Run               Last # of DB Queries
-------------------------------  -----  ---------  --------  ----------  --------------  -------------------  ----------------------
/opt/airflow/dags/dag_sample.py                           1           0  0.09s           2024-09-05T00:27:33                      12
================================================================================
[2024-09-05T00:28:05.687+0000] {manager.py:997} INFO - 
================================================================================
DAG File Processing Stats

File Path                        PID    Runtime      # DAGs    # Errors  Last Runtime    Last Run               Last # of DB Queries
-------------------------------  -----  ---------  --------  ----------  --------------  -------------------  ----------------------
/opt/airflow/dags/dag_sample.py                           1           0  0.20s           2024-09-05T00:28:03                      12
================================================================================
[2024-09-05T00:28:35.932+0000] {manager.py:997} INFO - 
================================================================================
DAG File Processing Stats

File Path                        PID    Runtime      # DAGs    # Errors  Last Runtime    Last Run               Last # of DB Queries
-------------------------------  -----  ---------  --------  ----------  --------------  -------------------  ----------------------
/opt/airflow/dags/dag_sample.py                           1           0  0.21s           2024-09-05T00:28:34                      12
================================================================================
[2024-09-05T00:29:06.170+0000] {manager.py:997} INFO - 
================================================================================
DAG File Processing Stats

File Path                        PID    Runtime      # DAGs    # Errors  Last Runtime    Last Run               Last # of DB Queries
-------------------------------  -----  ---------  --------  ----------  --------------  -------------------  ----------------------
/opt/airflow/dags/dag_sample.py                           1           0  0.21s           2024-09-05T00:29:04                      12
================================================================================
[2024-09-05T00:29:36.390+0000] {manager.py:997} INFO - 
================================================================================
DAG File Processing Stats

File Path                        PID    Runtime      # DAGs    # Errors  Last Runtime    Last Run               Last # of DB Queries
-------------------------------  -----  ---------  --------  ----------  --------------  -------------------  ----------------------
/opt/airflow/dags/dag_sample.py                           1           0  0.09s           2024-09-05T00:29:34                      12
================================================================================
[2024-09-05T00:30:06.535+0000] {manager.py:997} INFO - 
================================================================================
DAG File Processing Stats

File Path                        PID    Runtime      # DAGs    # Errors  Last Runtime    Last Run               Last # of DB Queries
-------------------------------  -----  ---------  --------  ----------  --------------  -------------------  ----------------------
/opt/airflow/dags/dag_sample.py                           1           0  0.09s           2024-09-05T00:30:04                      12
================================================================================
[2024-09-05T00:30:36.717+0000] {manager.py:997} INFO - 
================================================================================
DAG File Processing Stats

File Path                        PID    Runtime      # DAGs    # Errors  Last Runtime    Last Run               Last # of DB Queries
-------------------------------  -----  ---------  --------  ----------  --------------  -------------------  ----------------------
/opt/airflow/dags/dag_sample.py                           1           0  0.12s           2024-09-05T00:30:34                      12
================================================================================
[2024-09-05T00:31:06.894+0000] {manager.py:997} INFO - 
================================================================================
DAG File Processing Stats

File Path                        PID    Runtime      # DAGs    # Errors  Last Runtime    Last Run               Last # of DB Queries
-------------------------------  -----  ---------  --------  ----------  --------------  -------------------  ----------------------
/opt/airflow/dags/dag_sample.py                           1           0  0.28s           2024-09-05T00:31:05                      12
================================================================================
[2024-09-05T00:31:27.989+0000] {manager.py:821} INFO - Searching for files in /opt/airflow/dags
[2024-09-05T00:31:27.990+0000] {manager.py:824} INFO - There are 1 files in /opt/airflow/dags
[2024-09-05T00:31:37.272+0000] {manager.py:997} INFO - 
================================================================================
DAG File Processing Stats

File Path                        PID    Runtime      # DAGs    # Errors  Last Runtime    Last Run               Last # of DB Queries
-------------------------------  -----  ---------  --------  ----------  --------------  -------------------  ----------------------
/opt/airflow/dags/dag_sample.py                           1           0  0.31s           2024-09-05T00:31:35                      12
================================================================================
[2024-09-05T00:32:07.695+0000] {manager.py:997} INFO - 
================================================================================
DAG File Processing Stats

File Path                        PID    Runtime      # DAGs    # Errors  Last Runtime    Last Run               Last # of DB Queries
-------------------------------  -----  ---------  --------  ----------  --------------  -------------------  ----------------------
/opt/airflow/dags/dag_sample.py                           1           0  0.21s           2024-09-05T00:32:05                      12
================================================================================
[2024-09-05T00:32:38.015+0000] {manager.py:997} INFO - 
================================================================================
DAG File Processing Stats

File Path                        PID    Runtime      # DAGs    # Errors  Last Runtime    Last Run               Last # of DB Queries
-------------------------------  -----  ---------  --------  ----------  --------------  -------------------  ----------------------
/opt/airflow/dags/dag_sample.py                           1           0  0.09s           2024-09-05T00:32:36                      12
================================================================================
[2024-09-05T00:33:08.208+0000] {manager.py:997} INFO - 
================================================================================
DAG File Processing Stats

File Path                        PID    Runtime      # DAGs    # Errors  Last Runtime    Last Run               Last # of DB Queries
-------------------------------  -----  ---------  --------  ----------  --------------  -------------------  ----------------------
/opt/airflow/dags/dag_sample.py                           1           0  0.09s           2024-09-05T00:33:06                      12
================================================================================
[2024-09-05T00:33:38.351+0000] {manager.py:997} INFO - 
================================================================================
DAG File Processing Stats

File Path                        PID    Runtime      # DAGs    # Errors  Last Runtime    Last Run               Last # of DB Queries
-------------------------------  -----  ---------  --------  ----------  --------------  -------------------  ----------------------
/opt/airflow/dags/dag_sample.py                           1           0  0.08s           2024-09-05T00:33:36                      12
================================================================================
[2024-09-05T00:34:08.541+0000] {manager.py:997} INFO - 
================================================================================
DAG File Processing Stats

File Path                        PID    Runtime      # DAGs    # Errors  Last Runtime    Last Run               Last # of DB Queries
-------------------------------  -----  ---------  --------  ----------  --------------  -------------------  ----------------------
/opt/airflow/dags/dag_sample.py                           1           0  0.25s           2024-09-05T00:34:06                      12
================================================================================
[2024-09-05T00:34:38.851+0000] {manager.py:997} INFO - 
================================================================================
DAG File Processing Stats

File Path                        PID    Runtime      # DAGs    # Errors  Last Runtime    Last Run               Last # of DB Queries
-------------------------------  -----  ---------  --------  ----------  --------------  -------------------  ----------------------
/opt/airflow/dags/dag_sample.py                           1           0  0.29s           2024-09-05T00:34:37                      12
================================================================================
[2024-09-05T00:35:09.266+0000] {manager.py:997} INFO - 
================================================================================
DAG File Processing Stats

File Path                        PID    Runtime      # DAGs    # Errors  Last Runtime    Last Run               Last # of DB Queries
-------------------------------  -----  ---------  --------  ----------  --------------  -------------------  ----------------------
/opt/airflow/dags/dag_sample.py                           1           0  0.08s           2024-09-05T00:35:07                      12
================================================================================
[2024-09-05T00:35:39.451+0000] {manager.py:997} INFO - 
================================================================================
DAG File Processing Stats

File Path                        PID    Runtime      # DAGs    # Errors  Last Runtime    Last Run               Last # of DB Queries
-------------------------------  -----  ---------  --------  ----------  --------------  -------------------  ----------------------
/opt/airflow/dags/dag_sample.py                           1           0  0.08s           2024-09-05T00:35:37                      12
================================================================================
[2024-09-05T00:36:09.586+0000] {manager.py:997} INFO - 
================================================================================
DAG File Processing Stats

File Path                        PID    Runtime      # DAGs    # Errors  Last Runtime    Last Run               Last # of DB Queries
-------------------------------  -----  ---------  --------  ----------  --------------  -------------------  ----------------------
/opt/airflow/dags/dag_sample.py                           1           0  0.09s           2024-09-05T00:36:07                      12
================================================================================
[2024-09-05T00:36:28.666+0000] {manager.py:821} INFO - Searching for files in /opt/airflow/dags
[2024-09-05T00:36:28.668+0000] {manager.py:824} INFO - There are 1 files in /opt/airflow/dags
[2024-09-05T00:36:39.776+0000] {manager.py:997} INFO - 
================================================================================
DAG File Processing Stats

File Path                        PID    Runtime      # DAGs    # Errors  Last Runtime    Last Run               Last # of DB Queries
-------------------------------  -----  ---------  --------  ----------  --------------  -------------------  ----------------------
/opt/airflow/dags/dag_sample.py                           1           0  0.21s           2024-09-05T00:36:37                      12
================================================================================
[2024-09-05T00:37:10.038+0000] {manager.py:997} INFO - 
================================================================================
DAG File Processing Stats

File Path                        PID    Runtime      # DAGs    # Errors  Last Runtime    Last Run               Last # of DB Queries
-------------------------------  -----  ---------  --------  ----------  --------------  -------------------  ----------------------
/opt/airflow/dags/dag_sample.py                           1           0  0.21s           2024-09-05T00:37:08                      12
================================================================================
[2024-09-05T00:37:40.354+0000] {manager.py:997} INFO - 
================================================================================
DAG File Processing Stats

File Path                        PID    Runtime      # DAGs    # Errors  Last Runtime    Last Run               Last # of DB Queries
-------------------------------  -----  ---------  --------  ----------  --------------  -------------------  ----------------------
/opt/airflow/dags/dag_sample.py                           1           0  0.21s           2024-09-05T00:37:38                      12
================================================================================
[2024-09-05T00:38:10.712+0000] {manager.py:997} INFO - 
================================================================================
DAG File Processing Stats

File Path                        PID    Runtime      # DAGs    # Errors  Last Runtime    Last Run               Last # of DB Queries
-------------------------------  -----  ---------  --------  ----------  --------------  -------------------  ----------------------
/opt/airflow/dags/dag_sample.py                           1           0  0.19s           2024-09-05T00:38:08                      12
================================================================================
[2024-09-05T00:38:40.992+0000] {manager.py:997} INFO - 
================================================================================
DAG File Processing Stats

File Path                        PID    Runtime      # DAGs    # Errors  Last Runtime    Last Run               Last # of DB Queries
-------------------------------  -----  ---------  --------  ----------  --------------  -------------------  ----------------------
/opt/airflow/dags/dag_sample.py                           1           0  0.18s           2024-09-05T00:38:39                      12
================================================================================
[2024-09-05T00:39:11.292+0000] {manager.py:997} INFO - 
================================================================================
DAG File Processing Stats

File Path                        PID    Runtime      # DAGs    # Errors  Last Runtime    Last Run               Last # of DB Queries
-------------------------------  -----  ---------  --------  ----------  --------------  -------------------  ----------------------
/opt/airflow/dags/dag_sample.py                           1           0  0.16s           2024-09-05T00:39:09                      12
================================================================================
[2024-09-05T00:39:41.566+0000] {manager.py:997} INFO - 
================================================================================
DAG File Processing Stats

File Path                        PID    Runtime      # DAGs    # Errors  Last Runtime    Last Run               Last # of DB Queries
-------------------------------  -----  ---------  --------  ----------  --------------  -------------------  ----------------------
/opt/airflow/dags/dag_sample.py                           1           0  0.20s           2024-09-05T00:39:39                      12
================================================================================
[2024-09-05T00:40:11.897+0000] {manager.py:997} INFO - 
================================================================================
DAG File Processing Stats

File Path                        PID    Runtime      # DAGs    # Errors  Last Runtime    Last Run               Last # of DB Queries
-------------------------------  -----  ---------  --------  ----------  --------------  -------------------  ----------------------
/opt/airflow/dags/dag_sample.py                           1           0  0.24s           2024-09-05T00:40:10                      12
================================================================================
[2024-09-05T00:40:42.249+0000] {manager.py:997} INFO - 
================================================================================
DAG File Processing Stats

File Path                        PID    Runtime      # DAGs    # Errors  Last Runtime    Last Run               Last # of DB Queries
-------------------------------  -----  ---------  --------  ----------  --------------  -------------------  ----------------------
/opt/airflow/dags/dag_sample.py                           1           0  0.21s           2024-09-05T00:40:40                      12
================================================================================
[2024-09-05T00:41:12.572+0000] {manager.py:997} INFO - 
================================================================================
DAG File Processing Stats

File Path                        PID    Runtime      # DAGs    # Errors  Last Runtime    Last Run               Last # of DB Queries
-------------------------------  -----  ---------  --------  ----------  --------------  -------------------  ----------------------
/opt/airflow/dags/dag_sample.py                           1           0  0.09s           2024-09-05T00:41:10                      12
================================================================================
[2024-09-05T00:41:28.711+0000] {manager.py:821} INFO - Searching for files in /opt/airflow/dags
[2024-09-05T00:41:28.712+0000] {manager.py:824} INFO - There are 1 files in /opt/airflow/dags
[2024-09-05T00:41:42.772+0000] {manager.py:997} INFO - 
================================================================================
DAG File Processing Stats

File Path                        PID    Runtime      # DAGs    # Errors  Last Runtime    Last Run               Last # of DB Queries
-------------------------------  -----  ---------  --------  ----------  --------------  -------------------  ----------------------
/opt/airflow/dags/dag_sample.py                           1           0  0.09s           2024-09-05T00:41:40                      12
================================================================================
[2024-09-05T00:42:12.923+0000] {manager.py:997} INFO - 
================================================================================
DAG File Processing Stats

File Path                        PID    Runtime      # DAGs    # Errors  Last Runtime    Last Run               Last # of DB Queries
-------------------------------  -----  ---------  --------  ----------  --------------  -------------------  ----------------------
/opt/airflow/dags/dag_sample.py                           1           0  0.10s           2024-09-05T00:42:10                      12
================================================================================
[2024-09-05T00:42:43.127+0000] {manager.py:997} INFO - 
================================================================================
DAG File Processing Stats

File Path                        PID    Runtime      # DAGs    # Errors  Last Runtime    Last Run               Last # of DB Queries
-------------------------------  -----  ---------  --------  ----------  --------------  -------------------  ----------------------
/opt/airflow/dags/dag_sample.py                           1           0  0.26s           2024-09-05T00:42:41                      12
================================================================================
[2024-09-05T00:43:13.439+0000] {manager.py:997} INFO - 
================================================================================
DAG File Processing Stats

File Path                        PID    Runtime      # DAGs    # Errors  Last Runtime    Last Run               Last # of DB Queries
-------------------------------  -----  ---------  --------  ----------  --------------  -------------------  ----------------------
/opt/airflow/dags/dag_sample.py                           1           0  0.22s           2024-09-05T00:43:11                      12
================================================================================
[2024-09-05T00:43:43.776+0000] {manager.py:997} INFO - 
================================================================================
DAG File Processing Stats

File Path                        PID    Runtime      # DAGs    # Errors  Last Runtime    Last Run               Last # of DB Queries
-------------------------------  -----  ---------  --------  ----------  --------------  -------------------  ----------------------
/opt/airflow/dags/dag_sample.py                           1           0  0.22s           2024-09-05T00:43:41                      12
================================================================================
[2024-09-05T00:44:14.113+0000] {manager.py:997} INFO - 
================================================================================
DAG File Processing Stats

File Path                        PID    Runtime      # DAGs    # Errors  Last Runtime    Last Run               Last # of DB Queries
-------------------------------  -----  ---------  --------  ----------  --------------  -------------------  ----------------------
/opt/airflow/dags/dag_sample.py                           1           0  0.09s           2024-09-05T00:44:12                      12
================================================================================
[2024-09-05T00:44:44.312+0000] {manager.py:997} INFO - 
================================================================================
DAG File Processing Stats

File Path                        PID    Runtime      # DAGs    # Errors  Last Runtime    Last Run               Last # of DB Queries
-------------------------------  -----  ---------  --------  ----------  --------------  -------------------  ----------------------
/opt/airflow/dags/dag_sample.py                           1           0  0.09s           2024-09-05T00:44:42                      12
================================================================================
[2024-09-05T00:45:14.453+0000] {manager.py:997} INFO - 
================================================================================
DAG File Processing Stats

File Path                        PID    Runtime      # DAGs    # Errors  Last Runtime    Last Run               Last # of DB Queries
-------------------------------  -----  ---------  --------  ----------  --------------  -------------------  ----------------------
/opt/airflow/dags/dag_sample.py                           1           0  0.30s           2024-09-05T00:45:12                      12
================================================================================
[2024-09-05T00:45:44.866+0000] {manager.py:997} INFO - 
================================================================================
DAG File Processing Stats

File Path                        PID    Runtime      # DAGs    # Errors  Last Runtime    Last Run               Last # of DB Queries
-------------------------------  -----  ---------  --------  ----------  --------------  -------------------  ----------------------
/opt/airflow/dags/dag_sample.py                           1           0  0.23s           2024-09-05T00:45:43                      12
================================================================================
[2024-09-05T00:46:15.206+0000] {manager.py:997} INFO - 
================================================================================
DAG File Processing Stats

File Path                        PID    Runtime      # DAGs    # Errors  Last Runtime    Last Run               Last # of DB Queries
-------------------------------  -----  ---------  --------  ----------  --------------  -------------------  ----------------------
/opt/airflow/dags/dag_sample.py                           1           0  0.28s           2024-09-05T00:46:13                      12
================================================================================
[2024-09-05T00:46:29.262+0000] {manager.py:821} INFO - Searching for files in /opt/airflow/dags
[2024-09-05T00:46:29.264+0000] {manager.py:824} INFO - There are 1 files in /opt/airflow/dags
[2024-09-05T00:46:37.417+0000] {manager.py:465} INFO - Exiting gracefully upon receiving signal 15
