[2024-09-05T00:11:27.388+0000] {processor.py:186} INFO - Started process (PID=58) to work on /opt/airflow/dags/dag_sample.py
[2024-09-05T00:11:27.396+0000] {processor.py:914} INFO - Processing file /opt/airflow/dags/dag_sample.py for tasks to queue
[2024-09-05T00:11:27.410+0000] {logging_mixin.py:190} INFO - [2024-09-05T00:11:27.409+0000] {dagbag.py:587} INFO - Filling up the DagBag from /opt/airflow/dags/dag_sample.py
[2024-09-05T00:11:27.490+0000] {processor.py:925} INFO - DAG(s) 'my_dag_name' retrieved from /opt/airflow/dags/dag_sample.py
[2024-09-05T00:11:28.194+0000] {logging_mixin.py:190} INFO - [2024-09-05T00:11:28.193+0000] {override.py:1858} INFO - Created Permission View: can read on DAG:my_dag_name
[2024-09-05T00:11:28.224+0000] {logging_mixin.py:190} INFO - [2024-09-05T00:11:28.224+0000] {override.py:1858} INFO - Created Permission View: can edit on DAG:my_dag_name
[2024-09-05T00:11:28.243+0000] {logging_mixin.py:190} INFO - [2024-09-05T00:11:28.243+0000] {override.py:1858} INFO - Created Permission View: can delete on DAG:my_dag_name
[2024-09-05T00:11:28.244+0000] {logging_mixin.py:190} INFO 
[2024-09-05T00:13:59.248+0000] {processor.py:914} INFO - Processing file /opt/airflow/dags/dag_sample.py for tasks to queue
[2024-09-05T00:13:59.250+0000] {logging_mixin.py:190} INFO - [2024-09-05T00:13:59.250+0000] {dagbag.py:587} INFO - Filling up the DagBag from /opt/airflow/dags/dag_sample.py
[2024-09-05T00:13:59.259+0000] {processor.py:925} INFO - DAG(s) 'my_dag_name' retrieved from /opt/airflow/dags/dag_sample.py
[2024-09-05T00:13:59.277+0000] {logging_mixin.py:190} INFO - [2024-09-05T00:13:59.277+0000] {dag.py:3211} INFO - Sync 1 DAGs
[2024-09-05T00:13:59.306+0000] {logging_mixin.py:190} INFO - [2024-09-05T00:13:59.306+0000] {dag.py:4138} INFO - Setting next_dagrun for my_dag_name to 2024-09-04 00:00:00+00:00, run_after=2024-09-05 00:00:00+00:00
[2024-09-05T00:13:59.330+0000] {processor.py:208} INFO - Processing /opt/airflow/dags/dag_s- [2024-09-05T00:11:28.244+0000] {dag.py:3211} INFO - Sync 1 DAGs
[2024-09-05T00:11:28.312+0000] {logging_mixin.py:190} INFO - [2024-09-05T00:11:28.312+0000] {dag.py:3234} INFO - Creating ORM DAG for my_dag_name
[2024-09-05T00:11:28.350+0000] {logging_mixin.py:190} INFO - [2024-09-05T00:11:28.350+0000] {dag.py:4138} INFO - Setting next_dagrun for my_dag_name to 2024-09-04 00:00:00+00:00, run_after=2024-09-05 00:00:00+00:00
[2024-09-05T00:11:28.455+0000] {processor.py:208} INFO - Processing /opt/airflow/dags/dag_sample.py took 1.099 seconds
[2024-09-05T00:11:58.576+0000] {processor.py:186} INFO - Started process (PID=65) to work on /opt/airflow/dags/dag_sample.py
[2024-09-05T00:11:58.577+0000] {processor.py:914} INFO - Processing file /opt/airflow/dags/dag_sample.py for tasks to queue
[2024-09-05T00:11:58.579+0000] {logging_mixin.py:190} INFO - [2024-09-05T00:11:58.579+0000] {dagbag.py:587} INFO - Filling up the DagBag from /opt/airflow/dags/dag_sample.py
[2024-09-05T00:11:58.588+0000] {processor.py:925} INFO - DAG(s) 'my_dag_name' retrieved from /opt/airflow/dags/dag_sample.py
[2024-09-05T00:11:58.611+0000] {logging_mixin.py:190} INFO - [2024-09-05T00:11:58.610+0000] {dag.py:3211} INFO - Sync 1 DAGs
[2024-09-05T00:11:58.630+0000] {logging_mixin.py:190} INFO - [2024-09-05T00:11:58.629+0000] {dag.py:4138} INFO - Setting next_dagrun for my_dag_name to 2024-09-04 00:00:00+00:00, run_after=2024-09-05 00:00:00+00:00
[2024-09-05T00:11:58.649+0000] {processor.py:208} INFO - Processing /opt/airflow/dags/dag_sample.py took 0.077 seconds
[2024-09-05T00:12:28.764+0000] {processor.py:186} INFO - Started process (PID=72) to work on /opt/airflow/dags/dag_sample.py
[2024-09-05T00:12:28.765+0000] {processor.py:914} INFO - Processing file /opt/airflow/dags/dag_sample.py for tasks to queue
[2024-09-05T00:12:28.767+0000] {logging_mixin.py:190} INFO - [2024-09-05T00:12:28.767+0000] {dagbag.py:587} INFO - Filling up the DagBag from /opt/airflow/dags/dag_sample.py
[2024-09-05T00:12:28.779+0000] {processor.py:925} INFO - DAG(s) 'my_dag_name' retrieved from /opt/airflow/dags/dag_sample.py
[2024-09-05T00:12:28.798+0000] {logging_mixin.py:190} INFO - [2024-09-05T00:12:28.798+0000] {dag.py:3211} INFO - Sync 1 DAGs
[2024-09-05T00:12:28.816+0000] {logging_mixin.py:190} INFO - [2024-09-05T00:12:28.815+0000] {dag.py:4138} INFO - Setting next_dagrun for my_dag_name to 2024-09-04 00:00:00+00:00, run_after=2024-09-05 00:00:00+00:00
[2024-09-05T00:12:28.834+0000] {processor.py:208} INFO - Processing /opt/airflow/dags/dag_sample.py took 0.075 seconds
[2024-09-05T00:12:58.906+0000] {processor.py:186} INFO - Started process (PID=80) to work on /opt/airflow/dags/dag_sample.py
[2024-09-05T00:12:58.907+0000] {processor.py:914} INFO - Processing file /opt/airflow/dags/dag_sample.py for tasks to queue
[2024-09-05T00:12:58.909+0000] {logging_mixin.py:190} INFO - [2024-09-05T00:12:58.909+0000] {dagbag.py:587} INFO - Filling up the DagBag from /opt/airflow/dags/dag_sample.py
[2024-09-05T00:12:58.921+0000] {processor.py:925} INFO - DAG(s) 'my_dag_name' retrieved from /opt/airflow/dags/dag_sample.py
[2024-09-05T00:12:58.946+0000] {logging_mixin.py:190} INFO - [2024-09-05T00:12:58.946+0000] {dag.py:3211} INFO - Sync 1 DAGs
[2024-09-05T00:12:58.968+0000] {logging_mixin.py:190} INFO - [2024-09-05T00:12:58.967+0000] {dag.py:4138} INFO - Setting next_dagrun for my_dag_name to 2024-09-04 00:00:00+00:00, run_after=2024-09-05 00:00:00+00:00
[2024-09-05T00:12:58.989+0000] {processor.py:208} INFO - Processing /opt/airflow/dags/dag_sample.py took 0.089 seconds
[2024-09-05T00:13:29.085+0000] {processor.py:186} INFO - Started process (PID=88) to work on /opt/airflow/dags/dag_sample.py
[2024-09-05T00:13:29.086+0000] {processor.py:914} INFO - Processing file /opt/airflow/dags/dag_sample.py for tasks to queue
[2024-09-05T00:13:29.087+0000] {logging_mixin.py:190} INFO - [2024-09-05T00:13:29.087+0000] {dagbag.py:587} INFO - Filling up the DagBag from /opt/airflow/dags/dag_sample.py
[2024-09-05T00:13:29.097+0000] {processor.py:925} INFO - DAG(s) 'my_dag_name' retrieved from /opt/airflow/dags/dag_sample.py
[2024-09-05T00:13:29.121+0000] {logging_mixin.py:190} INFO - [2024-09-05T00:13:29.121+0000] {dag.py:3211} INFO - Sync 1 DAGs
[2024-09-05T00:13:29.146+0000] {logging_mixin.py:190} INFO - [2024-09-05T00:13:29.146+0000] {dag.py:4138} INFO - Setting next_dagrun for my_dag_name to 2024-09-04 00:00:00+00:00, run_after=2024-09-05 00:00:00+00:00
[2024-09-05T00:13:29.175+0000] {processor.py:208} INFO - Processing /opt/airflow/dags/dag_sample.py took 0.096 seconds
[2024-09-05T00:13:59.248+0000] {processor.py:186} INFO - Started process (PID=96) to work on /opt/airflow/dags/dag_sample.pyample.py took 0.086 seconds
[2024-09-05T00:14:29.448+0000] {processor.py:186} INFO - Started process (PID=104) to work on /opt/airflow/dags/dag_sample.py
[2024-09-05T00:14:29.449+0000] {processor.py:914} INFO - Processing file /opt/airflow/dags/dag_sample.py for tasks to queue
[2024-09-05T00:14:29.451+0000] {logging_mixin.py:190} INFO - [2024-09-05T00:14:29.450+0000] {dagbag.py:587} INFO - Filling up the DagBag from /opt/airflow/dags/dag_sample.py
[2024-09-05T00:14:29.459+0000] {processor.py:925} INFO - DAG(s) 'my_dag_name' retrieved from /opt/airflow/dags/dag_sample.py
[2024-09-05T00:14:29.478+0000] {logging_mixin.py:190} INFO - [2024-09-05T00:14:29.478+0000] {dag.py:3211} INFO - Sync 1 DAGs
[2024-09-05T00:14:29.496+0000] {logging_mixin.py:190} INFO - [2024-09-05T00:14:29.496+0000] {dag.py:4138} INFO - Setting next_dagrun for my_dag_name to 2024-09-04 00:00:00+00:00, run_after=2024-09-05 00:00:00+00:00
[2024-09-05T00:14:29.519+0000] {processor.py:208} INFO - Processing /opt/airflow/dags/dag_sample.py took 0.076 seconds
[2024-09-05T00:14:59.583+0000] {processor.py:186} INFO - Started process (PID=111) to work on /opt/airflow/dags/dag_sample.py
[2024-09-05T00:14:59.584+0000] {processor.py:914} INFO - Processing file /opt/airflow/dags/dag_sample.py for tasks to queue
[2024-09-05T00:14:59.586+0000] {logging_mixin.py:190} INFO - [2024-09-05T00:14:59.585+0000] {dagbag.py:587} INFO - Filling up the DagBag from /opt/airflow/dags/dag_sample.py
[2024-09-05T00:14:59.594+0000] {processor.py:925} INFO - DAG(s) 'my_dag_name' retrieved from /opt/airflow/dags/dag_sample.py
[2024-09-05T00:14:59.613+0000] {logging_mixin.py:190} INFO - [2024-09-05T00:14:59.613+0000] {dag.py:3211} INFO - Sync 1 DAGs
[2024-09-05T00:14:59.630+0000] {logging_mixin.py:190} INFO - [2024-09-05T00:14:59.630+0000] {dag.py:4138} INFO - Setting next_dagrun for my_dag_name to 2024-09-04 00:00:00+00:00, run_after=2024-09-05 00:00:00+00:00
[2024-09-05T00:14:59.655+0000] {processor.py:208} INFO - Processing /opt/airflow/dags/dag_sample.py took 0.077 seconds
[2024-09-05T00:15:29.793+0000] {processor.py:186} INFO - Started process (PID=118) to work on /opt/airflow/dags/dag_sample.py
[2024-09-05T00:15:29.794+0000] {processor.py:914} INFO - Processing file /opt/airflow/dags/dag_sample.py for tasks to queue
[2024-09-05T00:15:29.796+0000] {logging_mixin.py:190} INFO - [2024-09-05T00:15:29.796+0000] {dagbag.py:587} INFO - Filling up the DagBag from /opt/airflow/dags/dag_sample.py
[2024-09-05T00:15:29.808+0000] {processor.py:925} INFO - DAG(s) 'my_dag_name' retrieved from /opt/airflow/dags/dag_sample.py
[2024-09-05T00:15:29.837+0000] {logging_mixin.py:190} INFO - [2024-09-05T00:15:29.836+0000] {dag.py:3211} INFO - Sync 1 DAGs
[2024-09-05T00:15:29.863+0000] {logging_mixin.py:190} INFO - [2024-09-05T00:15:29.863+0000] {dag.py:4138} INFO - Setting next_dagrun for my_dag_name to 2024-09-04 00:00:00+00:00, run_after=2024-09-05 00:00:00+00:00
[2024-09-05T00:15:29.890+0000] {processor.py:208} INFO - Processing /opt/airflow/dags/dag_sample.py took 0.103 seconds
[2024-09-05T00:15:59.951+0000] {processor.py:186} INFO - Started process (PID=125) to work on /opt/airflow/dags/dag_sample.py
[2024-09-05T00:15:59.952+0000] {processor.py:914} INFO - Processing file /opt/airflow/dags/dag_sample.py for tasks to queue
[2024-09-05T00:15:59.955+0000] {logging_mixin.py:190} INFO - [2024-09-05T00:15:59.954+0000] {dagbag.py:587} INFO - Filling up the DagBag from /opt/airflow/dags/dag_sample.py
[2024-09-05T00:15:59.979+0000] {processor.py:925} INFO - DAG(s) 'my_dag_name' retrieved from /opt/airflow/dags/dag_sample.py
[2024-09-05T00:16:00.057+0000] {logging_mixin.py:190} INFO - [2024-09-05T00:16:00.056+0000] {dag.py:3211} INFO - Sync 1 DAGs
[2024-09-05T00:16:00.116+0000] {logging_mixin.py:190} INFO - [2024-09-05T00:16:00.116+0000] {dag.py:4138} INFO - Setting next_dagrun for my_dag_name to 2024-09-05 00:00:00+00:00, run_after=2024-09-06 00:00:00+00:00
[2024-09-05T00:16:00.179+0000] {processor.py:208} INFO - Processing /opt/airflow/dags/dag_sample.py took 0.247 seconds
[2024-09-05T00:16:30.333+0000] {processor.py:186} INFO - Started process (PID=132) to work on /opt/airflow/dags/dag_sample.py
[2024-09-05T00:16:30.334+0000] {processor.py:914} INFO - Processing file /opt/airflow/dags/dag_sample.py for tasks to queue
[2024-09-05T00:16:30.336+0000] {logging_mixin.py:190} INFO - [2024-09-05T00:16:30.336+0000] {dagbag.py:587} INFO - Filling up the DagBag from /opt/airflow/dags/dag_sample.py
[2024-09-05T00:16:30.348+0000] {processor.py:925} INFO - DAG(s) 'my_dag_name' retrieved from /opt/airflow/dags/dag_sample.py
[2024-09-05T00:16:30.376+0000] {logging_mixin.py:190} INFO - [2024-09-05T00:16:30.376+0000] {dag.py:3211} INFO - Sync 1 DAGs
[2024-09-05T00:16:30.411+0000] {logging_mixin.py:190} INFO - [2024-09-05T00:16:30.407+0000] {dag.py:4138} INFO - Setting next_dagrun for my_dag_name to 2024-09-05 00:00:00+00:00, run_after=2024-09-06 00:00:00+00:00
[2024-09-05T00:16:30.569+0000] {processor.py:208} INFO - Processing /opt/airflow/dags/dag_sample.py took 0.243 seconds
[2024-09-05T00:17:00.703+0000] {processor.py:186} INFO - Started process (PID=138) to work on /opt/airflow/dags/dag_sample.py
[2024-09-05T00:17:00.703+0000] {processor.py:914} INFO - Processing file /opt/airflow/dags/dag_sample.py for tasks to queue
[2024-09-05T00:17:00.705+0000] {logging_mixin.py:190} INFO - [2024-09-05T00:17:00.705+0000] {dagbag.py:587} INFO - Filling up the DagBag from /opt/airflow/dags/dag_sample.py
[2024-09-05T00:17:00.713+0000] {processor.py:925} INFO - DAG(s) 'my_dag_name' retrieved from /opt/airflow/dags/dag_sample.py
[2024-09-05T00:17:00.731+0000] {logging_mixin.py:190} INFO - [2024-09-05T00:17:00.731+0000] {dag.py:3211} INFO - Sync 1 DAGs
[2024-09-05T00:17:00.876+0000] {logging_mixin.py:190} INFO - [2024-09-05T00:17:00.876+0000] {dag.py:4138} INFO - Setting next_dagrun for my_dag_name to 2024-09-05 00:00:00+00:00, run_after=2024-09-06 00:00:00+00:00
[2024-09-05T00:17:00.906+0000] {processor.py:208} INFO - Processing /opt/airflow/dags/dag_sample.py took 0.208 seconds
[2024-09-05T00:17:31.045+0000] {processor.py:186} INFO - Started process (PID=145) to work on /opt/airflow/dags/dag_sample.py
[2024-09-05T00:17:31.045+0000] {processor.py:914} INFO - Processing file /opt/airflow/dags/dag_sample.py for tasks to queue
[2024-09-05T00:17:31.047+0000] {logging_mixin.py:190} INFO - [2024-09-05T00:17:31.047+0000] {dagbag.py:587} INFO - Filling up the DagBag from /opt/airflow/dags/dag_sample.py
[2024-09-05T00:17:31.056+0000] {processor.py:925} INFO - DAG(s) 'my_dag_name' retrieved from /opt/airflow/dags/dag_sample.py
[2024-09-05T00:17:31.075+0000] {logging_mixin.py:190} INFO - [2024-09-05T00:17:31.074+0000] {dag.py:3211} INFO - Sync 1 DAGs
[2024-09-05T00:17:31.228+0000] {logging_mixin.py:190} INFO - [2024-09-05T00:17:31.228+0000] {dag.py:4138} INFO - Setting next_dagrun for my_dag_name to 2024-09-05 00:00:00+00:00, run_after=2024-09-06 00:00:00+00:00
[2024-09-05T00:17:31.245+0000] {processor.py:208} INFO - Processing /opt/airflow/dags/dag_sample.py took 0.205 seconds
[2024-09-05T00:17:48.132+0000] {processor.py:186} INFO - Started process (PID=152) to work on /opt/airflow/dags/dag_sample.py
[2024-09-05T00:17:48.132+0000] {processor.py:914} INFO - Processing file /opt/airflow/dags/dag_sample.py for tasks to queue
[2024-09-05T00:17:48.135+0000] {logging_mixin.py:190} INFO - [2024-09-05T00:17:48.134+0000] {dagbag.py:587} INFO - Filling up the DagBag from /opt/airflow/dags/dag_sample.py
[2024-09-05T00:17:48.150+0000] {processor.py:925} INFO - DAG(s) 'my_dag_name' retrieved from /opt/airflow/dags/dag_sample.py
[2024-09-05T00:17:48.408+0000] {logging_mixin.py:190} INFO - [2024-09-05T00:17:48.408+0000] {dag.py:3211} INFO - Sync 1 DAGs
[2024-09-05T00:17:48.425+0000] {logging_mixin.py:190} INFO - [2024-09-05T00:17:48.425+0000] {dag.py:4138} INFO - Setting next_dagrun for my_dag_name to 2024-09-05 00:00:00+00:00, run_after=2024-09-06 00:00:00+00:00
[2024-09-05T00:17:48.452+0000] {processor.py:208} INFO - Processing /opt/airflow/dags/dag_sample.py took 0.326 seconds
[2024-09-05T00:17:57.377+0000] {processor.py:186} INFO - Started process (PID=153) to work on /opt/airflow/dags/dag_sample.py
[2024-09-05T00:17:57.377+0000] {processor.py:914} INFO - Processing file /opt/airflow/dags/dag_sample.py for tasks to queue
[2024-09-05T00:17:57.379+0000] {logging_mixin.py:190} INFO - [2024-09-05T00:17:57.379+0000] {dagbag.py:587} INFO - Filling up the DagBag from /opt/airflow/dags/dag_sample.py
[2024-09-05T00:17:57.388+0000] {processor.py:925} INFO - DAG(s) 'my_dag_name' retrieved from /opt/airflow/dags/dag_sample.py
[2024-09-05T00:17:57.397+0000] {logging_mixin.py:190} INFO - [2024-09-05T00:17:57.396+0000] {dag.py:3211} INFO - Sync 1 DAGs
[2024-09-05T00:17:57.415+0000] {logging_mixin.py:190} INFO - [2024-09-05T00:17:57.415+0000] {dag.py:4138} INFO - Setting next_dagrun for my_dag_name to 2024-09-05 00:00:00+00:00, run_after=2024-09-06 00:00:00+00:00
[2024-09-05T00:17:57.436+0000] {processor.py:208} INFO - Processing /opt/airflow/dags/dag_sample.py took 0.064 seconds
[2024-09-05T00:17:58.459+0000] {processor.py:186} INFO - Started process (PID=154) to work on /opt/airflow/dags/dag_sample.py
[2024-09-05T00:17:58.460+0000] {processor.py:914} INFO - Processing file /opt/airflow/dags/dag_sample.py for tasks to queue
[2024-09-05T00:17:58.461+0000] {logging_mixin.py:190} INFO - [2024-09-05T00:17:58.461+0000] {dagbag.py:587} INFO - Filling up the DagBag from /opt/airflow/dags/dag_sample.py
[2024-09-05T00:17:58.470+0000] {processor.py:925} INFO - DAG(s) 'my_dag_name' retrieved from /opt/airflow/dags/dag_sample.py
[2024-09-05T00:17:58.479+0000] {logging_mixin.py:190} INFO - [2024-09-05T00:17:58.479+0000] {dag.py:3211} INFO - Sync 1 DAGs
[2024-09-05T00:17:58.498+0000] {logging_mixin.py:190} INFO - [2024-09-05T00:17:58.498+0000] {dag.py:4138} INFO - Setting next_dagrun for my_dag_name to 2024-09-05 00:00:00+00:00, run_after=2024-09-06 00:00:00+00:00
[2024-09-05T00:17:58.522+0000] {processor.py:208} INFO - Processing /opt/airflow/dags/dag_sample.py took 0.067 seconds
[2024-09-05T00:18:28.592+0000] {processor.py:186} INFO - Started process (PID=161) to work on /opt/airflow/dags/dag_sample.py
[2024-09-05T00:18:28.593+0000] {processor.py:914} INFO - Processing file /opt/airflow/dags/dag_sample.py for tasks to queue
[2024-09-05T00:18:28.595+0000] {logging_mixin.py:190} INFO - [2024-09-05T00:18:28.594+0000] {dagbag.py:587} INFO - Filling up the DagBag from /opt/airflow/dags/dag_sample.py
[2024-09-05T00:18:28.603+0000] {processor.py:925} INFO - DAG(s) 'my_dag_name' retrieved from /opt/airflow/dags/dag_sample.py
[2024-09-05T00:18:28.820+0000] {logging_mixin.py:190} INFO - [2024-09-05T00:18:28.820+0000] {dag.py:3211} INFO - Sync 1 DAGs
[2024-09-05T00:18:28.836+0000] {logging_mixin.py:190} INFO - [2024-09-05T00:18:28.836+0000] {dag.py:4138} INFO - Setting next_dagrun for my_dag_name to 2024-09-05 00:00:00+00:00, run_after=2024-09-06 00:00:00+00:00
[2024-09-05T00:18:28.862+0000] {processor.py:208} INFO - Processing /opt/airflow/dags/dag_sample.py took 0.275 seconds
[2024-09-05T00:18:58.999+0000] {processor.py:186} INFO - Started process (PID=169) to work on /opt/airflow/dags/dag_sample.py
[2024-09-05T00:18:59.000+0000] {processor.py:914} INFO - Processing file /opt/airflow/dags/dag_sample.py for tasks to queue
[2024-09-05T00:18:59.002+0000] {logging_mixin.py:190} INFO - [2024-09-05T00:18:59.002+0000] {dagbag.py:587} INFO - Filling up the DagBag from /opt/airflow/dags/dag_sample.py
[2024-09-05T00:18:59.010+0000] {processor.py:925} INFO - DAG(s) 'my_dag_name' retrieved from /opt/airflow/dags/dag_sample.py
[2024-09-05T00:18:59.034+0000] {logging_mixin.py:190} INFO - [2024-09-05T00:18:59.034+0000] {dag.py:3211} INFO - Sync 1 DAGs
[2024-09-05T00:18:59.061+0000] {logging_mixin.py:190} INFO - [2024-09-05T00:18:59.061+0000] {dag.py:4138} INFO - Setting next_dagrun for my_dag_name to 2024-09-05 00:00:00+00:00, run_after=2024-09-06 00:00:00+00:00
[2024-09-05T00:18:59.096+0000] {processor.py:208} INFO - Processing /opt/airflow/dags/dag_sample.py took 0.101 seconds
[2024-09-05T00:19:29.142+0000] {processor.py:186} INFO - Started process (PID=176) to work on /opt/airflow/dags/dag_sample.py
[2024-09-05T00:19:29.143+0000] {processor.py:914} INFO - Processing file /opt/airflow/dags/dag_sample.py for tasks to queue
[2024-09-05T00:19:29.145+0000] {logging_mixin.py:190} INFO - [2024-09-05T00:19:29.145+0000] {dagbag.py:587} INFO - Filling up the DagBag from /opt/airflow/dags/dag_sample.py
[2024-09-05T00:19:29.153+0000] {processor.py:925} INFO - DAG(s) 'my_dag_name' retrieved from /opt/airflow/dags/dag_sample.py
[2024-09-05T00:19:29.172+0000] {logging_mixin.py:190} INFO - [2024-09-05T00:19:29.172+0000] {dag.py:3211} INFO - Sync 1 DAGs
[2024-09-05T00:19:29.190+0000] {logging_mixin.py:190} INFO - [2024-09-05T00:19:29.190+0000] {dag.py:4138} INFO - Setting next_dagrun for my_dag_name to 2024-09-05 00:00:00+00:00, run_after=2024-09-06 00:00:00+00:00
[2024-09-05T00:19:29.344+0000] {processor.py:208} INFO - Processing /opt/airflow/dags/dag_sample.py took 0.206 seconds
[2024-09-05T00:19:59.484+0000] {processor.py:186} INFO - Started process (PID=183) to work on /opt/airflow/dags/dag_sample.py
[2024-09-05T00:19:59.484+0000] {processor.py:914} INFO - Processing file /opt/airflow/dags/dag_sample.py for tasks to queue
[2024-09-05T00:19:59.487+0000] {logging_mixin.py:190} INFO - [2024-09-05T00:19:59.486+0000] {dagbag.py:587} INFO - Filling up the DagBag from /opt/airflow/dags/dag_sample.py
[2024-09-05T00:19:59.495+0000] {processor.py:925} INFO - DAG(s) 'my_dag_name' retrieved from /opt/airflow/dags/dag_sample.py
[2024-09-05T00:19:59.513+0000] {logging_mixin.py:190} INFO - [2024-09-05T00:19:59.513+0000] {dag.py:3211} INFO - Sync 1 DAGs
[2024-09-05T00:19:59.664+0000] {logging_mixin.py:190} INFO - [2024-09-05T00:19:59.664+0000] {dag.py:4138} INFO - Setting next_dagrun for my_dag_name to 2024-09-05 00:00:00+00:00, run_after=2024-09-06 00:00:00+00:00
[2024-09-05T00:19:59.683+0000] {processor.py:208} INFO - Processing /opt/airflow/dags/dag_sample.py took 0.203 seconds
[2024-09-05T00:20:29.820+0000] {processor.py:186} INFO - Started process (PID=190) to work on /opt/airflow/dags/dag_sample.py
[2024-09-05T00:20:29.820+0000] {processor.py:914} INFO - Processing file /opt/airflow/dags/dag_sample.py for tasks to queue
[2024-09-05T00:20:29.822+0000] {logging_mixin.py:190} INFO - [2024-09-05T00:20:29.822+0000] {dagbag.py:587} INFO - Filling up the DagBag from /opt/airflow/dags/dag_sample.py
[2024-09-05T00:20:29.833+0000] {processor.py:925} INFO - DAG(s) 'my_dag_name' retrieved from /opt/airflow/dags/dag_sample.py
[2024-09-05T00:20:29.854+0000] {logging_mixin.py:190} INFO - [2024-09-05T00:20:29.854+0000] {dag.py:3211} INFO - Sync 1 DAGs
[2024-09-05T00:20:30.010+0000] {logging_mixin.py:190} INFO - [2024-09-05T00:20:30.010+0000] {dag.py:4138} INFO - Setting next_dagrun for my_dag_name to 2024-09-05 00:00:00+00:00, run_after=2024-09-06 00:00:00+00:00
[2024-09-05T00:20:30.027+0000] {processor.py:208} INFO - Processing /opt/airflow/dags/dag_sample.py took 0.212 seconds
[2024-09-05T00:21:00.175+0000] {processor.py:186} INFO - Started process (PID=197) to work on /opt/airflow/dags/dag_sample.py
[2024-09-05T00:21:00.176+0000] {processor.py:914} INFO - Processing file /opt/airflow/dags/dag_sample.py for tasks to queue
[2024-09-05T00:21:00.182+0000] {logging_mixin.py:190} INFO - [2024-09-05T00:21:00.182+0000] {dagbag.py:587} INFO - Filling up the DagBag from /opt/airflow/dags/dag_sample.py
[2024-09-05T00:21:00.194+0000] {processor.py:925} INFO - DAG(s) 'my_dag_name' retrieved from /opt/airflow/dags/dag_sample.py
[2024-09-05T00:21:00.257+0000] {logging_mixin.py:190} INFO - [2024-09-05T00:21:00.256+0000] {dag.py:3211} INFO - Sync 1 DAGs
[2024-09-05T00:21:00.299+0000] {logging_mixin.py:190} INFO - [2024-09-05T00:21:00.298+0000] {dag.py:4138} INFO - Setting next_dagrun for my_dag_name to 2024-09-05 00:00:00+00:00, run_after=2024-09-06 00:00:00+00:00
[2024-09-05T00:21:00.339+0000] {processor.py:208} INFO - Processing /opt/airflow/dags/dag_sample.py took 0.171 seconds
[2024-09-05T00:21:30.522+0000] {processor.py:186} INFO - Started process (PID=204) to work on /opt/airflow/dags/dag_sample.py
[2024-09-05T00:21:30.524+0000] {processor.py:914} INFO - Processing file /opt/airflow/dags/dag_sample.py for tasks to queue
[2024-09-05T00:21:30.526+0000] {logging_mixin.py:190} INFO - [2024-09-05T00:21:30.526+0000] {dagbag.py:587} INFO - Filling up the DagBag from /opt/airflow/dags/dag_sample.py
[2024-09-05T00:21:30.560+0000] {processor.py:925} INFO - DAG(s) 'my_dag_name' retrieved from /opt/airflow/dags/dag_sample.py
[2024-09-05T00:21:30.597+0000] {logging_mixin.py:190} INFO - [2024-09-05T00:21:30.597+0000] {dag.py:3211} INFO - Sync 1 DAGs
[2024-09-05T00:21:30.626+0000] {logging_mixin.py:190} INFO - [2024-09-05T00:21:30.626+0000] {dag.py:4138} INFO - Setting next_dagrun for my_dag_name to 2024-09-05 00:00:00+00:00, run_after=2024-09-06 00:00:00+00:00
[2024-09-05T00:21:30.652+0000] {processor.py:208} INFO - Processing /opt/airflow/dags/dag_sample.py took 0.148 seconds
[2024-09-05T00:22:00.795+0000] {processor.py:186} INFO - Started process (PID=212) to work on /opt/airflow/dags/dag_sample.py
[2024-09-05T00:22:00.795+0000] {processor.py:914} INFO - Processing file /opt/airflow/dags/dag_sample.py for tasks to queue
[2024-09-05T00:22:00.797+0000] {logging_mixin.py:190} INFO - [2024-09-05T00:22:00.797+0000] {dagbag.py:587} INFO - Filling up the DagBag from /opt/airflow/dags/dag_sample.py
[2024-09-05T00:22:00.806+0000] {processor.py:925} INFO - DAG(s) 'my_dag_name' retrieved from /opt/airflow/dags/dag_sample.py
[2024-09-05T00:22:00.824+0000] {logging_mixin.py:190} INFO - [2024-09-05T00:22:00.824+0000] {dag.py:3211} INFO - Sync 1 DAGs
[2024-09-05T00:22:00.842+0000] {logging_mixin.py:190} INFO - [2024-09-05T00:22:00.842+0000] {dag.py:4138} INFO - Setting next_dagrun for my_dag_name to 2024-09-05 00:00:00+00:00, run_after=2024-09-06 00:00:00+00:00
[2024-09-05T00:22:00.870+0000] {processor.py:208} INFO - Processing /opt/airflow/dags/dag_sample.py took 0.080 seconds
[2024-09-05T00:22:30.927+0000] {processor.py:186} INFO - Started process (PID=219) to work on /opt/airflow/dags/dag_sample.py
[2024-09-05T00:22:30.928+0000] {processor.py:914} INFO - Processing file /opt/airflow/dags/dag_sample.py for tasks to queue
[2024-09-05T00:22:30.930+0000] {logging_mixin.py:190} INFO - [2024-09-05T00:22:30.929+0000] {dagbag.py:587} INFO - Filling up the DagBag from /opt/airflow/dags/dag_sample.py
[2024-09-05T00:22:30.938+0000] {processor.py:925} INFO - DAG(s) 'my_dag_name' retrieved from /opt/airflow/dags/dag_sample.py
[2024-09-05T00:22:30.957+0000] {logging_mixin.py:190} INFO - [2024-09-05T00:22:30.957+0000] {dag.py:3211} INFO - Sync 1 DAGs
[2024-09-05T00:22:30.975+0000] {logging_mixin.py:190} INFO - [2024-09-05T00:22:30.975+0000] {dag.py:4138} INFO - Setting next_dagrun for my_dag_name to 2024-09-05 00:00:00+00:00, run_after=2024-09-06 00:00:00+00:00
[2024-09-05T00:22:31.107+0000] {processor.py:208} INFO - Processing /opt/airflow/dags/dag_sample.py took 0.185 seconds
[2024-09-05T00:23:01.243+0000] {processor.py:186} INFO - Started process (PID=227) to work on /opt/airflow/dags/dag_sample.py
[2024-09-05T00:23:01.244+0000] {processor.py:914} INFO - Processing file /opt/airflow/dags/dag_sample.py for tasks to queue
[2024-09-05T00:23:01.247+0000] {logging_mixin.py:190} INFO - [2024-09-05T00:23:01.247+0000] {dagbag.py:587} INFO - Filling up the DagBag from /opt/airflow/dags/dag_sample.py
[2024-09-05T00:23:01.256+0000] {processor.py:925} INFO - DAG(s) 'my_dag_name' retrieved from /opt/airflow/dags/dag_sample.py
[2024-09-05T00:23:01.276+0000] {logging_mixin.py:190} INFO - [2024-09-05T00:23:01.276+0000] {dag.py:3211} INFO - Sync 1 DAGs
[2024-09-05T00:23:01.415+0000] {logging_mixin.py:190} INFO - [2024-09-05T00:23:01.415+0000] {dag.py:4138} INFO - Setting next_dagrun for my_dag_name to 2024-09-05 00:00:00+00:00, run_after=2024-09-06 00:00:00+00:00
[2024-09-05T00:23:01.434+0000] {processor.py:208} INFO - Processing /opt/airflow/dags/dag_sample.py took 0.197 seconds
[2024-09-05T00:23:31.571+0000] {processor.py:186} INFO - Started process (PID=235) to work on /opt/airflow/dags/dag_sample.py
[2024-09-05T00:23:31.572+0000] {processor.py:914} INFO - Processing file /opt/airflow/dags/dag_sample.py for tasks to queue
[2024-09-05T00:23:31.574+0000] {logging_mixin.py:190} INFO - [2024-09-05T00:23:31.574+0000] {dagbag.py:587} INFO - Filling up the DagBag from /opt/airflow/dags/dag_sample.py
[2024-09-05T00:23:31.583+0000] {processor.py:925} INFO - DAG(s) 'my_dag_name' retrieved from /opt/airflow/dags/dag_sample.py
[2024-09-05T00:23:31.606+0000] {logging_mixin.py:190} INFO - [2024-09-05T00:23:31.606+0000] {dag.py:3211} INFO - Sync 1 DAGs
[2024-09-05T00:23:31.624+0000] {logging_mixin.py:190} INFO - [2024-09-05T00:23:31.624+0000] {dag.py:4138} INFO - Setting next_dagrun for my_dag_name to 2024-09-05 00:00:00+00:00, run_after=2024-09-06 00:00:00+00:00
[2024-09-05T00:23:31.652+0000] {processor.py:208} INFO - Processing /opt/airflow/dags/dag_sample.py took 0.085 seconds
[2024-09-05T00:24:01.715+0000] {processor.py:186} INFO - Started process (PID=243) to work on /opt/airflow/dags/dag_sample.py
[2024-09-05T00:24:01.715+0000] {processor.py:914} INFO - Processing file /opt/airflow/dags/dag_sample.py for tasks to queue
[2024-09-05T00:24:01.717+0000] {logging_mixin.py:190} INFO - [2024-09-05T00:24:01.717+0000] {dagbag.py:587} INFO - Filling up the DagBag from /opt/airflow/dags/dag_sample.py
[2024-09-05T00:24:01.726+0000] {processor.py:925} INFO - DAG(s) 'my_dag_name' retrieved from /opt/airflow/dags/dag_sample.py
[2024-09-05T00:24:01.745+0000] {logging_mixin.py:190} INFO - [2024-09-05T00:24:01.744+0000] {dag.py:3211} INFO - Sync 1 DAGs
[2024-09-05T00:24:01.763+0000] {logging_mixin.py:190} INFO - [2024-09-05T00:24:01.763+0000] {dag.py:4138} INFO - Setting next_dagrun for my_dag_name to 2024-09-05 00:00:00+00:00, run_after=2024-09-06 00:00:00+00:00
[2024-09-05T00:24:01.788+0000] {processor.py:208} INFO - Processing /opt/airflow/dags/dag_sample.py took 0.078 seconds
[2024-09-05T00:24:31.913+0000] {processor.py:186} INFO - Started process (PID=250) to work on /opt/airflow/dags/dag_sample.py
[2024-09-05T00:24:31.914+0000] {processor.py:914} INFO - Processing file /opt/airflow/dags/dag_sample.py for tasks to queue
[2024-09-05T00:24:31.916+0000] {logging_mixin.py:190} INFO - [2024-09-05T00:24:31.916+0000] {dagbag.py:587} INFO - Filling up the DagBag from /opt/airflow/dags/dag_sample.py
[2024-09-05T00:24:31.924+0000] {processor.py:925} INFO - DAG(s) 'my_dag_name' retrieved from /opt/airflow/dags/dag_sample.py
[2024-09-05T00:24:31.943+0000] {logging_mixin.py:190} INFO - [2024-09-05T00:24:31.942+0000] {dag.py:3211} INFO - Sync 1 DAGs
[2024-09-05T00:24:31.960+0000] {logging_mixin.py:190} INFO - [2024-09-05T00:24:31.960+0000] {dag.py:4138} INFO - Setting next_dagrun for my_dag_name to 2024-09-05 00:00:00+00:00, run_after=2024-09-06 00:00:00+00:00
[2024-09-05T00:24:31.979+0000] {processor.py:208} INFO - Processing /opt/airflow/dags/dag_sample.py took 0.071 seconds
[2024-09-05T00:25:02.052+0000] {processor.py:186} INFO - Started process (PID=257) to work on /opt/airflow/dags/dag_sample.py
[2024-09-05T00:25:02.053+0000] {processor.py:914} INFO - Processing file /opt/airflow/dags/dag_sample.py for tasks to queue
[2024-09-05T00:25:02.054+0000] {logging_mixin.py:190} INFO - [2024-09-05T00:25:02.054+0000] {dagbag.py:587} INFO - Filling up the DagBag from /opt/airflow/dags/dag_sample.py
[2024-09-05T00:25:02.063+0000] {processor.py:925} INFO - DAG(s) 'my_dag_name' retrieved from /opt/airflow/dags/dag_sample.py
[2024-09-05T00:25:02.081+0000] {logging_mixin.py:190} INFO - [2024-09-05T00:25:02.081+0000] {dag.py:3211} INFO - Sync 1 DAGs
[2024-09-05T00:25:02.103+0000] {logging_mixin.py:190} INFO - [2024-09-05T00:25:02.102+0000] {dag.py:4138} INFO - Setting next_dagrun for my_dag_name to 2024-09-05 00:00:00+00:00, run_after=2024-09-06 00:00:00+00:00
[2024-09-05T00:25:02.122+0000] {processor.py:208} INFO - Processing /opt/airflow/dags/dag_sample.py took 0.075 seconds
[2024-09-05T00:25:32.227+0000] {processor.py:186} INFO - Started process (PID=265) to work on /opt/airflow/dags/dag_sample.py
[2024-09-05T00:25:32.228+0000] {processor.py:914} INFO - Processing file /opt/airflow/dags/dag_sample.py for tasks to queue
[2024-09-05T00:25:32.230+0000] {logging_mixin.py:190} INFO - [2024-09-05T00:25:32.229+0000] {dagbag.py:587} INFO - Filling up the DagBag from /opt/airflow/dags/dag_sample.py
[2024-09-05T00:25:32.238+0000] {processor.py:925} INFO - DAG(s) 'my_dag_name' retrieved from /opt/airflow/dags/dag_sample.py
[2024-09-05T00:25:32.257+0000] {logging_mixin.py:190} INFO - [2024-09-05T00:25:32.257+0000] {dag.py:3211} INFO - Sync 1 DAGs
[2024-09-05T00:25:32.403+0000] {logging_mixin.py:190} INFO - [2024-09-05T00:25:32.402+0000] {dag.py:4138} INFO - Setting next_dagrun for my_dag_name to 2024-09-05 00:00:00+00:00, run_after=2024-09-06 00:00:00+00:00
[2024-09-05T00:25:32.426+0000] {processor.py:208} INFO - Processing /opt/airflow/dags/dag_sample.py took 0.204 seconds
[2024-09-05T00:26:02.577+0000] {processor.py:186} INFO - Started process (PID=273) to work on /opt/airflow/dags/dag_sample.py
[2024-09-05T00:26:02.585+0000] {processor.py:914} INFO - Processing file /opt/airflow/dags/dag_sample.py for tasks to queue
[2024-09-05T00:26:02.587+0000] {logging_mixin.py:190} INFO - [2024-09-05T00:26:02.587+0000] {dagbag.py:587} INFO - Filling up the DagBag from /opt/airflow/dags/dag_sample.py
[2024-09-05T00:26:02.602+0000] {processor.py:925} INFO - DAG(s) 'my_dag_name' retrieved from /opt/airflow/dags/dag_sample.py
[2024-09-05T00:26:02.671+0000] {logging_mixin.py:190} INFO - [2024-09-05T00:26:02.671+0000] {dag.py:3211} INFO - Sync 1 DAGs
[2024-09-05T00:26:02.955+0000] {logging_mixin.py:190} INFO - [2024-09-05T00:26:02.955+0000] {dag.py:4138} INFO - Setting next_dagrun for my_dag_name to 2024-09-05 00:00:00+00:00, run_after=2024-09-06 00:00:00+00:00
[2024-09-05T00:26:02.994+0000] {processor.py:208} INFO - Processing /opt/airflow/dags/dag_sample.py took 0.431 seconds
[2024-09-05T00:26:33.139+0000] {processor.py:186} INFO - Started process (PID=280) to work on /opt/airflow/dags/dag_sample.py
[2024-09-05T00:26:33.140+0000] {processor.py:914} INFO - Processing file /opt/airflow/dags/dag_sample.py for tasks to queue
[2024-09-05T00:26:33.141+0000] {logging_mixin.py:190} INFO - [2024-09-05T00:26:33.141+0000] {dagbag.py:587} INFO - Filling up the DagBag from /opt/airflow/dags/dag_sample.py
[2024-09-05T00:26:33.150+0000] {processor.py:925} INFO - DAG(s) 'my_dag_name' retrieved from /opt/airflow/dags/dag_sample.py
[2024-09-05T00:26:33.169+0000] {logging_mixin.py:190} INFO - [2024-09-05T00:26:33.169+0000] {dag.py:3211} INFO - Sync 1 DAGs
[2024-09-05T00:26:33.186+0000] {logging_mixin.py:190} INFO - [2024-09-05T00:26:33.186+0000] {dag.py:4138} INFO - Setting next_dagrun for my_dag_name to 2024-09-05 00:00:00+00:00, run_after=2024-09-06 00:00:00+00:00
[2024-09-05T00:26:33.207+0000] {processor.py:208} INFO - Processing /opt/airflow/dags/dag_sample.py took 0.073 seconds
[2024-09-05T00:27:03.292+0000] {processor.py:186} INFO - Started process (PID=286) to work on /opt/airflow/dags/dag_sample.py
[2024-09-05T00:27:03.292+0000] {processor.py:914} INFO - Processing file /opt/airflow/dags/dag_sample.py for tasks to queue
[2024-09-05T00:27:03.294+0000] {logging_mixin.py:190} INFO - [2024-09-05T00:27:03.294+0000] {dagbag.py:587} INFO - Filling up the DagBag from /opt/airflow/dags/dag_sample.py
[2024-09-05T00:27:03.303+0000] {processor.py:925} INFO - DAG(s) 'my_dag_name' retrieved from /opt/airflow/dags/dag_sample.py
[2024-09-05T00:27:03.321+0000] {logging_mixin.py:190} INFO - [2024-09-05T00:27:03.321+0000] {dag.py:3211} INFO - Sync 1 DAGs
[2024-09-05T00:27:03.340+0000] {logging_mixin.py:190} INFO - [2024-09-05T00:27:03.340+0000] {dag.py:4138} INFO - Setting next_dagrun for my_dag_name to 2024-09-05 00:00:00+00:00, run_after=2024-09-06 00:00:00+00:00
[2024-09-05T00:27:03.359+0000] {processor.py:208} INFO - Processing /opt/airflow/dags/dag_sample.py took 0.071 seconds
[2024-09-05T00:27:33.466+0000] {processor.py:186} INFO - Started process (PID=293) to work on /opt/airflow/dags/dag_sample.py
[2024-09-05T00:27:33.466+0000] {processor.py:914} INFO - Processing file /opt/airflow/dags/dag_sample.py for tasks to queue
[2024-09-05T00:27:33.469+0000] {logging_mixin.py:190} INFO - [2024-09-05T00:27:33.468+0000] {dagbag.py:587} INFO - Filling up the DagBag from /opt/airflow/dags/dag_sample.py
[2024-09-05T00:27:33.478+0000] {processor.py:925} INFO - DAG(s) 'my_dag_name' retrieved from /opt/airflow/dags/dag_sample.py
[2024-09-05T00:27:33.496+0000] {logging_mixin.py:190} INFO - [2024-09-05T00:27:33.496+0000] {dag.py:3211} INFO - Sync 1 DAGs
[2024-09-05T00:27:33.515+0000] {logging_mixin.py:190} INFO - [2024-09-05T00:27:33.514+0000] {dag.py:4138} INFO - Setting next_dagrun for my_dag_name to 2024-09-05 00:00:00+00:00, run_after=2024-09-06 00:00:00+00:00
[2024-09-05T00:27:33.535+0000] {processor.py:208} INFO - Processing /opt/airflow/dags/dag_sample.py took 0.074 seconds
[2024-09-05T00:28:03.614+0000] {processor.py:186} INFO - Started process (PID=300) to work on /opt/airflow/dags/dag_sample.py
[2024-09-05T00:28:03.615+0000] {processor.py:914} INFO - Processing file /opt/airflow/dags/dag_sample.py for tasks to queue
[2024-09-05T00:28:03.617+0000] {logging_mixin.py:190} INFO - [2024-09-05T00:28:03.617+0000] {dagbag.py:587} INFO - Filling up the DagBag from /opt/airflow/dags/dag_sample.py
[2024-09-05T00:28:03.626+0000] {processor.py:925} INFO - DAG(s) 'my_dag_name' retrieved from /opt/airflow/dags/dag_sample.py
[2024-09-05T00:28:03.644+0000] {logging_mixin.py:190} INFO - [2024-09-05T00:28:03.644+0000] {dag.py:3211} INFO - Sync 1 DAGs
[2024-09-05T00:28:03.663+0000] {logging_mixin.py:190} INFO - [2024-09-05T00:28:03.663+0000] {dag.py:4138} INFO - Setting next_dagrun for my_dag_name to 2024-09-05 00:00:00+00:00, run_after=2024-09-06 00:00:00+00:00
[2024-09-05T00:28:03.797+0000] {processor.py:208} INFO - Processing /opt/airflow/dags/dag_sample.py took 0.187 seconds
[2024-09-05T00:28:33.818+0000] {processor.py:186} INFO - Started process (PID=307) to work on /opt/airflow/dags/dag_sample.py
[2024-09-05T00:28:33.819+0000] {processor.py:914} INFO - Processing file /opt/airflow/dags/dag_sample.py for tasks to queue
[2024-09-05T00:28:33.821+0000] {logging_mixin.py:190} INFO - [2024-09-05T00:28:33.821+0000] {dagbag.py:587} INFO - Filling up the DagBag from /opt/airflow/dags/dag_sample.py
[2024-09-05T00:28:33.830+0000] {processor.py:925} INFO - DAG(s) 'my_dag_name' retrieved from /opt/airflow/dags/dag_sample.py
[2024-09-05T00:28:33.852+0000] {logging_mixin.py:190} INFO - [2024-09-05T00:28:33.852+0000] {dag.py:3211} INFO - Sync 1 DAGs
[2024-09-05T00:28:33.996+0000] {logging_mixin.py:190} INFO - [2024-09-05T00:28:33.996+0000] {dag.py:4138} INFO - Setting next_dagrun for my_dag_name to 2024-09-05 00:00:00+00:00, run_after=2024-09-06 00:00:00+00:00
[2024-09-05T00:28:34.014+0000] {processor.py:208} INFO - Processing /opt/airflow/dags/dag_sample.py took 0.200 seconds
[2024-09-05T00:29:04.068+0000] {processor.py:186} INFO - Started process (PID=314) to work on /opt/airflow/dags/dag_sample.py
[2024-09-05T00:29:04.069+0000] {processor.py:914} INFO - Processing file /opt/airflow/dags/dag_sample.py for tasks to queue
[2024-09-05T00:29:04.070+0000] {logging_mixin.py:190} INFO - [2024-09-05T00:29:04.070+0000] {dagbag.py:587} INFO - Filling up the DagBag from /opt/airflow/dags/dag_sample.py
[2024-09-05T00:29:04.079+0000] {processor.py:925} INFO - DAG(s) 'my_dag_name' retrieved from /opt/airflow/dags/dag_sample.py
[2024-09-05T00:29:04.098+0000] {logging_mixin.py:190} INFO - [2024-09-05T00:29:04.098+0000] {dag.py:3211} INFO - Sync 1 DAGs
[2024-09-05T00:29:04.240+0000] {logging_mixin.py:190} INFO - [2024-09-05T00:29:04.240+0000] {dag.py:4138} INFO - Setting next_dagrun for my_dag_name to 2024-09-05 00:00:00+00:00, run_after=2024-09-06 00:00:00+00:00
[2024-09-05T00:29:04.258+0000] {processor.py:208} INFO - Processing /opt/airflow/dags/dag_sample.py took 0.195 seconds
[2024-09-05T00:29:34.304+0000] {processor.py:186} INFO - Started process (PID=320) to work on /opt/airflow/dags/dag_sample.py
[2024-09-05T00:29:34.304+0000] {processor.py:914} INFO - Processing file /opt/airflow/dags/dag_sample.py for tasks to queue
[2024-09-05T00:29:34.306+0000] {logging_mixin.py:190} INFO - [2024-09-05T00:29:34.306+0000] {dagbag.py:587} INFO - Filling up the DagBag from /opt/airflow/dags/dag_sample.py
[2024-09-05T00:29:34.314+0000] {processor.py:925} INFO - DAG(s) 'my_dag_name' retrieved from /opt/airflow/dags/dag_sample.py
[2024-09-05T00:29:34.333+0000] {logging_mixin.py:190} INFO - [2024-09-05T00:29:34.333+0000] {dag.py:3211} INFO - Sync 1 DAGs
[2024-09-05T00:29:34.351+0000] {logging_mixin.py:190} INFO - [2024-09-05T00:29:34.351+0000] {dag.py:4138} INFO - Setting next_dagrun for my_dag_name to 2024-09-05 00:00:00+00:00, run_after=2024-09-06 00:00:00+00:00
[2024-09-05T00:29:34.372+0000] {processor.py:208} INFO - Processing /opt/airflow/dags/dag_sample.py took 0.073 seconds
[2024-09-05T00:30:04.529+0000] {processor.py:186} INFO - Started process (PID=328) to work on /opt/airflow/dags/dag_sample.py
[2024-09-05T00:30:04.529+0000] {processor.py:914} INFO - Processing file /opt/airflow/dags/dag_sample.py for tasks to queue
[2024-09-05T00:30:04.531+0000] {logging_mixin.py:190} INFO - [2024-09-05T00:30:04.531+0000] {dagbag.py:587} INFO - Filling up the DagBag from /opt/airflow/dags/dag_sample.py
[2024-09-05T00:30:04.540+0000] {processor.py:925} INFO - DAG(s) 'my_dag_name' retrieved from /opt/airflow/dags/dag_sample.py
[2024-09-05T00:30:04.558+0000] {logging_mixin.py:190} INFO - [2024-09-05T00:30:04.558+0000] {dag.py:3211} INFO - Sync 1 DAGs
[2024-09-05T00:30:04.576+0000] {logging_mixin.py:190} INFO - [2024-09-05T00:30:04.575+0000] {dag.py:4138} INFO - Setting next_dagrun for my_dag_name to 2024-09-05 00:00:00+00:00, run_after=2024-09-06 00:00:00+00:00
[2024-09-05T00:30:04.596+0000] {processor.py:208} INFO - Processing /opt/airflow/dags/dag_sample.py took 0.073 seconds
[2024-09-05T00:30:34.676+0000] {processor.py:186} INFO - Started process (PID=335) to work on /opt/airflow/dags/dag_sample.py
[2024-09-05T00:30:34.677+0000] {processor.py:914} INFO - Processing file /opt/airflow/dags/dag_sample.py for tasks to queue
[2024-09-05T00:30:34.679+0000] {logging_mixin.py:190} INFO - [2024-09-05T00:30:34.678+0000] {dagbag.py:587} INFO - Filling up the DagBag from /opt/airflow/dags/dag_sample.py
[2024-09-05T00:30:34.694+0000] {processor.py:925} INFO - DAG(s) 'my_dag_name' retrieved from /opt/airflow/dags/dag_sample.py
[2024-09-05T00:30:34.730+0000] {logging_mixin.py:190} INFO - [2024-09-05T00:30:34.730+0000] {dag.py:3211} INFO - Sync 1 DAGs
[2024-09-05T00:30:34.748+0000] {logging_mixin.py:190} INFO - [2024-09-05T00:30:34.748+0000] {dag.py:4138} INFO - Setting next_dagrun for my_dag_name to 2024-09-05 00:00:00+00:00, run_after=2024-09-06 00:00:00+00:00
[2024-09-05T00:30:34.774+0000] {processor.py:208} INFO - Processing /opt/airflow/dags/dag_sample.py took 0.104 seconds
[2024-09-05T00:31:04.889+0000] {processor.py:186} INFO - Started process (PID=343) to work on /opt/airflow/dags/dag_sample.py
[2024-09-05T00:31:04.890+0000] {processor.py:914} INFO - Processing file /opt/airflow/dags/dag_sample.py for tasks to queue
[2024-09-05T00:31:04.892+0000] {logging_mixin.py:190} INFO - [2024-09-05T00:31:04.892+0000] {dagbag.py:587} INFO - Filling up the DagBag from /opt/airflow/dags/dag_sample.py
[2024-09-05T00:31:04.904+0000] {processor.py:925} INFO - DAG(s) 'my_dag_name' retrieved from /opt/airflow/dags/dag_sample.py
[2024-09-05T00:31:04.930+0000] {logging_mixin.py:190} INFO - [2024-09-05T00:31:04.930+0000] {dag.py:3211} INFO - Sync 1 DAGs
[2024-09-05T00:31:04.959+0000] {logging_mixin.py:190} INFO - [2024-09-05T00:31:04.959+0000] {dag.py:4138} INFO - Setting next_dagrun for my_dag_name to 2024-09-05 00:00:00+00:00, run_after=2024-09-06 00:00:00+00:00
[2024-09-05T00:31:05.135+0000] {processor.py:208} INFO - Processing /opt/airflow/dags/dag_sample.py took 0.257 seconds
[2024-09-05T00:31:35.272+0000] {processor.py:186} INFO - Started process (PID=351) to work on /opt/airflow/dags/dag_sample.py
[2024-09-05T00:31:35.273+0000] {processor.py:914} INFO - Processing file /opt/airflow/dags/dag_sample.py for tasks to queue
[2024-09-05T00:31:35.275+0000] {logging_mixin.py:190} INFO - [2024-09-05T00:31:35.275+0000] {dagbag.py:587} INFO - Filling up the DagBag from /opt/airflow/dags/dag_sample.py
[2024-09-05T00:31:35.287+0000] {processor.py:925} INFO - DAG(s) 'my_dag_name' retrieved from /opt/airflow/dags/dag_sample.py
[2024-09-05T00:31:35.314+0000] {logging_mixin.py:190} INFO - [2024-09-05T00:31:35.313+0000] {dag.py:3211} INFO - Sync 1 DAGs
[2024-09-05T00:31:35.506+0000] {logging_mixin.py:190} INFO - [2024-09-05T00:31:35.506+0000] {dag.py:4138} INFO - Setting next_dagrun for my_dag_name to 2024-09-05 00:00:00+00:00, run_after=2024-09-06 00:00:00+00:00
[2024-09-05T00:31:35.550+0000] {processor.py:208} INFO - Processing /opt/airflow/dags/dag_sample.py took 0.285 seconds
[2024-09-05T00:32:05.691+0000] {processor.py:186} INFO - Started process (PID=358) to work on /opt/airflow/dags/dag_sample.py
[2024-09-05T00:32:05.692+0000] {processor.py:914} INFO - Processing file /opt/airflow/dags/dag_sample.py for tasks to queue
[2024-09-05T00:32:05.694+0000] {logging_mixin.py:190} INFO - [2024-09-05T00:32:05.694+0000] {dagbag.py:587} INFO - Filling up the DagBag from /opt/airflow/dags/dag_sample.py
[2024-09-05T00:32:05.702+0000] {processor.py:925} INFO - DAG(s) 'my_dag_name' retrieved from /opt/airflow/dags/dag_sample.py
[2024-09-05T00:32:05.846+0000] {logging_mixin.py:190} INFO - [2024-09-05T00:32:05.845+0000] {dag.py:3211} INFO - Sync 1 DAGs
[2024-09-05T00:32:05.863+0000] {logging_mixin.py:190} INFO - [2024-09-05T00:32:05.862+0000] {dag.py:4138} INFO - Setting next_dagrun for my_dag_name to 2024-09-05 00:00:00+00:00, run_after=2024-09-06 00:00:00+00:00
[2024-09-05T00:32:05.882+0000] {processor.py:208} INFO - Processing /opt/airflow/dags/dag_sample.py took 0.195 seconds
[2024-09-05T00:32:36.011+0000] {processor.py:186} INFO - Started process (PID=365) to work on /opt/airflow/dags/dag_sample.py
[2024-09-05T00:32:36.012+0000] {processor.py:914} INFO - Processing file /opt/airflow/dags/dag_sample.py for tasks to queue
[2024-09-05T00:32:36.014+0000] {logging_mixin.py:190} INFO - [2024-09-05T00:32:36.014+0000] {dagbag.py:587} INFO - Filling up the DagBag from /opt/airflow/dags/dag_sample.py
[2024-09-05T00:32:36.022+0000] {processor.py:925} INFO - DAG(s) 'my_dag_name' retrieved from /opt/airflow/dags/dag_sample.py
[2024-09-05T00:32:36.041+0000] {logging_mixin.py:190} INFO - [2024-09-05T00:32:36.041+0000] {dag.py:3211} INFO - Sync 1 DAGs
[2024-09-05T00:32:36.060+0000] {logging_mixin.py:190} INFO - [2024-09-05T00:32:36.059+0000] {dag.py:4138} INFO - Setting next_dagrun for my_dag_name to 2024-09-05 00:00:00+00:00, run_after=2024-09-06 00:00:00+00:00
[2024-09-05T00:32:36.080+0000] {processor.py:208} INFO - Processing /opt/airflow/dags/dag_sample.py took 0.074 seconds
[2024-09-05T00:33:06.143+0000] {processor.py:186} INFO - Started process (PID=372) to work on /opt/airflow/dags/dag_sample.py
[2024-09-05T00:33:06.143+0000] {processor.py:914} INFO - Processing file /opt/airflow/dags/dag_sample.py for tasks to queue
[2024-09-05T00:33:06.145+0000] {logging_mixin.py:190} INFO - [2024-09-05T00:33:06.145+0000] {dagbag.py:587} INFO - Filling up the DagBag from /opt/airflow/dags/dag_sample.py
[2024-09-05T00:33:06.155+0000] {processor.py:925} INFO - DAG(s) 'my_dag_name' retrieved from /opt/airflow/dags/dag_sample.py
[2024-09-05T00:33:06.174+0000] {logging_mixin.py:190} INFO - [2024-09-05T00:33:06.173+0000] {dag.py:3211} INFO - Sync 1 DAGs
[2024-09-05T00:33:06.192+0000] {logging_mixin.py:190} INFO - [2024-09-05T00:33:06.192+0000] {dag.py:4138} INFO - Setting next_dagrun for my_dag_name to 2024-09-05 00:00:00+00:00, run_after=2024-09-06 00:00:00+00:00
[2024-09-05T00:33:06.214+0000] {processor.py:208} INFO - Processing /opt/airflow/dags/dag_sample.py took 0.076 seconds
[2024-09-05T00:33:36.344+0000] {processor.py:186} INFO - Started process (PID=379) to work on /opt/airflow/dags/dag_sample.py
[2024-09-05T00:33:36.344+0000] {processor.py:914} INFO - Processing file /opt/airflow/dags/dag_sample.py for tasks to queue
[2024-09-05T00:33:36.346+0000] {logging_mixin.py:190} INFO - [2024-09-05T00:33:36.346+0000] {dagbag.py:587} INFO - Filling up the DagBag from /opt/airflow/dags/dag_sample.py
[2024-09-05T00:33:36.354+0000] {processor.py:925} INFO - DAG(s) 'my_dag_name' retrieved from /opt/airflow/dags/dag_sample.py
[2024-09-05T00:33:36.372+0000] {logging_mixin.py:190} INFO - [2024-09-05T00:33:36.372+0000] {dag.py:3211} INFO - Sync 1 DAGs
[2024-09-05T00:33:36.391+0000] {logging_mixin.py:190} INFO - [2024-09-05T00:33:36.391+0000] {dag.py:4138} INFO - Setting next_dagrun for my_dag_name to 2024-09-05 00:00:00+00:00, run_after=2024-09-06 00:00:00+00:00
[2024-09-05T00:33:36.411+0000] {processor.py:208} INFO - Processing /opt/airflow/dags/dag_sample.py took 0.072 seconds
[2024-09-05T00:34:06.492+0000] {processor.py:186} INFO - Started process (PID=386) to work on /opt/airflow/dags/dag_sample.py
[2024-09-05T00:34:06.494+0000] {processor.py:914} INFO - Processing file /opt/airflow/dags/dag_sample.py for tasks to queue
[2024-09-05T00:34:06.496+0000] {logging_mixin.py:190} INFO - [2024-09-05T00:34:06.496+0000] {dagbag.py:587} INFO - Filling up the DagBag from /opt/airflow/dags/dag_sample.py
[2024-09-05T00:34:06.509+0000] {processor.py:925} INFO - DAG(s) 'my_dag_name' retrieved from /opt/airflow/dags/dag_sample.py
[2024-09-05T00:34:06.539+0000] {logging_mixin.py:190} INFO - [2024-09-05T00:34:06.539+0000] {dag.py:3211} INFO - Sync 1 DAGs
[2024-09-05T00:34:06.701+0000] {logging_mixin.py:190} INFO - [2024-09-05T00:34:06.701+0000] {dag.py:4138} INFO - Setting next_dagrun for my_dag_name to 2024-09-05 00:00:00+00:00, run_after=2024-09-06 00:00:00+00:00
[2024-09-05T00:34:06.719+0000] {processor.py:208} INFO - Processing /opt/airflow/dags/dag_sample.py took 0.233 seconds
[2024-09-05T00:34:36.850+0000] {processor.py:186} INFO - Started process (PID=393) to work on /opt/airflow/dags/dag_sample.py
[2024-09-05T00:34:36.851+0000] {processor.py:914} INFO - Processing file /opt/airflow/dags/dag_sample.py for tasks to queue
[2024-09-05T00:34:36.852+0000] {logging_mixin.py:190} INFO - [2024-09-05T00:34:36.852+0000] {dagbag.py:587} INFO - Filling up the DagBag from /opt/airflow/dags/dag_sample.py
[2024-09-05T00:34:36.862+0000] {processor.py:925} INFO - DAG(s) 'my_dag_name' retrieved from /opt/airflow/dags/dag_sample.py
[2024-09-05T00:34:36.895+0000] {logging_mixin.py:190} INFO - [2024-09-05T00:34:36.895+0000] {dag.py:3211} INFO - Sync 1 DAGs
[2024-09-05T00:34:37.091+0000] {logging_mixin.py:190} INFO - [2024-09-05T00:34:37.091+0000] {dag.py:4138} INFO - Setting next_dagrun for my_dag_name to 2024-09-05 00:00:00+00:00, run_after=2024-09-06 00:00:00+00:00
[2024-09-05T00:34:37.118+0000] {processor.py:208} INFO - Processing /opt/airflow/dags/dag_sample.py took 0.273 seconds
[2024-09-05T00:35:07.263+0000] {processor.py:186} INFO - Started process (PID=407) to work on /opt/airflow/dags/dag_sample.py
[2024-09-05T00:35:07.264+0000] {processor.py:914} INFO - Processing file /opt/airflow/dags/dag_sample.py for tasks to queue
[2024-09-05T00:35:07.265+0000] {logging_mixin.py:190} INFO - [2024-09-05T00:35:07.265+0000] {dagbag.py:587} INFO - Filling up the DagBag from /opt/airflow/dags/dag_sample.py
[2024-09-05T00:35:07.274+0000] {processor.py:925} INFO - DAG(s) 'my_dag_name' retrieved from /opt/airflow/dags/dag_sample.py
[2024-09-05T00:35:07.292+0000] {logging_mixin.py:190} INFO - [2024-09-05T00:35:07.292+0000] {dag.py:3211} INFO - Sync 1 DAGs
[2024-09-05T00:35:07.310+0000] {logging_mixin.py:190} INFO - [2024-09-05T00:35:07.310+0000] {dag.py:4138} INFO - Setting next_dagrun for my_dag_name to 2024-09-05 00:00:00+00:00, run_after=2024-09-06 00:00:00+00:00
[2024-09-05T00:35:07.328+0000] {processor.py:208} INFO - Processing /opt/airflow/dags/dag_sample.py took 0.069 seconds
[2024-09-05T00:35:37.402+0000] {processor.py:186} INFO - Started process (PID=414) to work on /opt/airflow/dags/dag_sample.py
[2024-09-05T00:35:37.403+0000] {processor.py:914} INFO - Processing file /opt/airflow/dags/dag_sample.py for tasks to queue
[2024-09-05T00:35:37.405+0000] {logging_mixin.py:190} INFO - [2024-09-05T00:35:37.404+0000] {dagbag.py:587} INFO - Filling up the DagBag from /opt/airflow/dags/dag_sample.py
[2024-09-05T00:35:37.413+0000] {processor.py:925} INFO - DAG(s) 'my_dag_name' retrieved from /opt/airflow/dags/dag_sample.py
[2024-09-05T00:35:37.432+0000] {logging_mixin.py:190} INFO - [2024-09-05T00:35:37.431+0000] {dag.py:3211} INFO - Sync 1 DAGs
[2024-09-05T00:35:37.451+0000] {logging_mixin.py:190} INFO - [2024-09-05T00:35:37.451+0000] {dag.py:4138} INFO - Setting next_dagrun for my_dag_name to 2024-09-05 00:00:00+00:00, run_after=2024-09-06 00:00:00+00:00
[2024-09-05T00:35:37.469+0000] {processor.py:208} INFO - Processing /opt/airflow/dags/dag_sample.py took 0.072 seconds
[2024-09-05T00:36:07.580+0000] {processor.py:186} INFO - Started process (PID=422) to work on /opt/airflow/dags/dag_sample.py
[2024-09-05T00:36:07.580+0000] {processor.py:914} INFO - Processing file /opt/airflow/dags/dag_sample.py for tasks to queue
[2024-09-05T00:36:07.582+0000] {logging_mixin.py:190} INFO - [2024-09-05T00:36:07.582+0000] {dagbag.py:587} INFO - Filling up the DagBag from /opt/airflow/dags/dag_sample.py
[2024-09-05T00:36:07.593+0000] {processor.py:925} INFO - DAG(s) 'my_dag_name' retrieved from /opt/airflow/dags/dag_sample.py
[2024-09-05T00:36:07.611+0000] {logging_mixin.py:190} INFO - [2024-09-05T00:36:07.611+0000] {dag.py:3211} INFO - Sync 1 DAGs
[2024-09-05T00:36:07.629+0000] {logging_mixin.py:190} INFO - [2024-09-05T00:36:07.629+0000] {dag.py:4138} INFO - Setting next_dagrun for my_dag_name to 2024-09-05 00:00:00+00:00, run_after=2024-09-06 00:00:00+00:00
[2024-09-05T00:36:07.654+0000] {processor.py:208} INFO - Processing /opt/airflow/dags/dag_sample.py took 0.079 seconds
[2024-09-05T00:36:37.723+0000] {processor.py:186} INFO - Started process (PID=429) to work on /opt/airflow/dags/dag_sample.py
[2024-09-05T00:36:37.724+0000] {processor.py:914} INFO - Processing file /opt/airflow/dags/dag_sample.py for tasks to queue
[2024-09-05T00:36:37.726+0000] {logging_mixin.py:190} INFO - [2024-09-05T00:36:37.726+0000] {dagbag.py:587} INFO - Filling up the DagBag from /opt/airflow/dags/dag_sample.py
[2024-09-05T00:36:37.734+0000] {processor.py:925} INFO - DAG(s) 'my_dag_name' retrieved from /opt/airflow/dags/dag_sample.py
[2024-09-05T00:36:37.753+0000] {logging_mixin.py:190} INFO - [2024-09-05T00:36:37.753+0000] {dag.py:3211} INFO - Sync 1 DAGs
[2024-09-05T00:36:37.773+0000] {logging_mixin.py:190} INFO - [2024-09-05T00:36:37.773+0000] {dag.py:4138} INFO - Setting next_dagrun for my_dag_name to 2024-09-05 00:00:00+00:00, run_after=2024-09-06 00:00:00+00:00
[2024-09-05T00:36:37.909+0000] {processor.py:208} INFO - Processing /opt/airflow/dags/dag_sample.py took 0.190 seconds
[2024-09-05T00:37:08.035+0000] {processor.py:186} INFO - Started process (PID=436) to work on /opt/airflow/dags/dag_sample.py
[2024-09-05T00:37:08.036+0000] {processor.py:914} INFO - Processing file /opt/airflow/dags/dag_sample.py for tasks to queue
[2024-09-05T00:37:08.038+0000] {logging_mixin.py:190} INFO - [2024-09-05T00:37:08.038+0000] {dagbag.py:587} INFO - Filling up the DagBag from /opt/airflow/dags/dag_sample.py
[2024-09-05T00:37:08.046+0000] {processor.py:925} INFO - DAG(s) 'my_dag_name' retrieved from /opt/airflow/dags/dag_sample.py
[2024-09-05T00:37:08.065+0000] {logging_mixin.py:190} INFO - [2024-09-05T00:37:08.064+0000] {dag.py:3211} INFO - Sync 1 DAGs
[2024-09-05T00:37:08.208+0000] {logging_mixin.py:190} INFO - [2024-09-05T00:37:08.207+0000] {dag.py:4138} INFO - Setting next_dagrun for my_dag_name to 2024-09-05 00:00:00+00:00, run_after=2024-09-06 00:00:00+00:00
[2024-09-05T00:37:08.225+0000] {processor.py:208} INFO - Processing /opt/airflow/dags/dag_sample.py took 0.195 seconds
[2024-09-05T00:37:38.350+0000] {processor.py:186} INFO - Started process (PID=443) to work on /opt/airflow/dags/dag_sample.py
[2024-09-05T00:37:38.351+0000] {processor.py:914} INFO - Processing file /opt/airflow/dags/dag_sample.py for tasks to queue
[2024-09-05T00:37:38.353+0000] {logging_mixin.py:190} INFO - [2024-09-05T00:37:38.353+0000] {dagbag.py:587} INFO - Filling up the DagBag from /opt/airflow/dags/dag_sample.py
[2024-09-05T00:37:38.361+0000] {processor.py:925} INFO - DAG(s) 'my_dag_name' retrieved from /opt/airflow/dags/dag_sample.py
[2024-09-05T00:37:38.381+0000] {logging_mixin.py:190} INFO - [2024-09-05T00:37:38.380+0000] {dag.py:3211} INFO - Sync 1 DAGs
[2024-09-05T00:37:38.524+0000] {logging_mixin.py:190} INFO - [2024-09-05T00:37:38.524+0000] {dag.py:4138} INFO - Setting next_dagrun for my_dag_name to 2024-09-05 00:00:00+00:00, run_after=2024-09-06 00:00:00+00:00
[2024-09-05T00:37:38.542+0000] {processor.py:208} INFO - Processing /opt/airflow/dags/dag_sample.py took 0.196 seconds
[2024-09-05T00:38:08.721+0000] {processor.py:186} INFO - Started process (PID=450) to work on /opt/airflow/dags/dag_sample.py
[2024-09-05T00:38:08.733+0000] {processor.py:914} INFO - Processing file /opt/airflow/dags/dag_sample.py for tasks to queue
[2024-09-05T00:38:08.735+0000] {logging_mixin.py:190} INFO - [2024-09-05T00:38:08.735+0000] {dagbag.py:587} INFO - Filling up the DagBag from /opt/airflow/dags/dag_sample.py
[2024-09-05T00:38:08.768+0000] {processor.py:925} INFO - DAG(s) 'my_dag_name' retrieved from /opt/airflow/dags/dag_sample.py
[2024-09-05T00:38:08.797+0000] {logging_mixin.py:190} INFO - [2024-09-05T00:38:08.797+0000] {dag.py:3211} INFO - Sync 1 DAGs
[2024-09-05T00:38:08.825+0000] {logging_mixin.py:190} INFO - [2024-09-05T00:38:08.825+0000] {dag.py:4138} INFO - Setting next_dagrun for my_dag_name to 2024-09-05 00:00:00+00:00, run_after=2024-09-06 00:00:00+00:00
[2024-09-05T00:38:08.851+0000] {processor.py:208} INFO - Processing /opt/airflow/dags/dag_sample.py took 0.145 seconds
[2024-09-05T00:38:38.990+0000] {processor.py:186} INFO - Started process (PID=457) to work on /opt/airflow/dags/dag_sample.py
[2024-09-05T00:38:38.991+0000] {processor.py:914} INFO - Processing file /opt/airflow/dags/dag_sample.py for tasks to queue
[2024-09-05T00:38:38.994+0000] {logging_mixin.py:190} INFO - [2024-09-05T00:38:38.993+0000] {dagbag.py:587} INFO - Filling up the DagBag from /opt/airflow/dags/dag_sample.py
[2024-09-05T00:38:39.006+0000] {processor.py:925} INFO - DAG(s) 'my_dag_name' retrieved from /opt/airflow/dags/dag_sample.py
[2024-09-05T00:38:39.034+0000] {logging_mixin.py:190} INFO - [2024-09-05T00:38:39.033+0000] {dag.py:3211} INFO - Sync 1 DAGs
[2024-09-05T00:38:39.100+0000] {logging_mixin.py:190} INFO - [2024-09-05T00:38:39.097+0000] {dag.py:4138} INFO - Setting next_dagrun for my_dag_name to 2024-09-05 00:00:00+00:00, run_after=2024-09-06 00:00:00+00:00
[2024-09-05T00:38:39.147+0000] {processor.py:208} INFO - Processing /opt/airflow/dags/dag_sample.py took 0.164 seconds
[2024-09-05T00:39:09.292+0000] {processor.py:186} INFO - Started process (PID=464) to work on /opt/airflow/dags/dag_sample.py
[2024-09-05T00:39:09.293+0000] {processor.py:914} INFO - Processing file /opt/airflow/dags/dag_sample.py for tasks to queue
[2024-09-05T00:39:09.295+0000] {logging_mixin.py:190} INFO - [2024-09-05T00:39:09.295+0000] {dagbag.py:587} INFO - Filling up the DagBag from /opt/airflow/dags/dag_sample.py
[2024-09-05T00:39:09.307+0000] {processor.py:925} INFO - DAG(s) 'my_dag_name' retrieved from /opt/airflow/dags/dag_sample.py
[2024-09-05T00:39:09.335+0000] {logging_mixin.py:190} INFO - [2024-09-05T00:39:09.334+0000] {dag.py:3211} INFO - Sync 1 DAGs
[2024-09-05T00:39:09.363+0000] {logging_mixin.py:190} INFO - [2024-09-05T00:39:09.363+0000] {dag.py:4138} INFO - Setting next_dagrun for my_dag_name to 2024-09-05 00:00:00+00:00, run_after=2024-09-06 00:00:00+00:00
[2024-09-05T00:39:09.414+0000] {processor.py:208} INFO - Processing /opt/airflow/dags/dag_sample.py took 0.129 seconds
[2024-09-05T00:39:39.564+0000] {processor.py:186} INFO - Started process (PID=471) to work on /opt/airflow/dags/dag_sample.py
[2024-09-05T00:39:39.565+0000] {processor.py:914} INFO - Processing file /opt/airflow/dags/dag_sample.py for tasks to queue
[2024-09-05T00:39:39.566+0000] {logging_mixin.py:190} INFO - [2024-09-05T00:39:39.566+0000] {dagbag.py:587} INFO - Filling up the DagBag from /opt/airflow/dags/dag_sample.py
[2024-09-05T00:39:39.575+0000] {processor.py:925} INFO - DAG(s) 'my_dag_name' retrieved from /opt/airflow/dags/dag_sample.py
[2024-09-05T00:39:39.594+0000] {logging_mixin.py:190} INFO - [2024-09-05T00:39:39.594+0000] {dag.py:3211} INFO - Sync 1 DAGs
[2024-09-05T00:39:39.612+0000] {logging_mixin.py:190} INFO - [2024-09-05T00:39:39.612+0000] {dag.py:4138} INFO - Setting next_dagrun for my_dag_name to 2024-09-05 00:00:00+00:00, run_after=2024-09-06 00:00:00+00:00
[2024-09-05T00:39:39.749+0000] {processor.py:208} INFO - Processing /opt/airflow/dags/dag_sample.py took 0.190 seconds
[2024-09-05T00:40:09.897+0000] {processor.py:186} INFO - Started process (PID=478) to work on /opt/airflow/dags/dag_sample.py
[2024-09-05T00:40:09.898+0000] {processor.py:914} INFO - Processing file /opt/airflow/dags/dag_sample.py for tasks to queue
[2024-09-05T00:40:09.899+0000] {logging_mixin.py:190} INFO - [2024-09-05T00:40:09.899+0000] {dagbag.py:587} INFO - Filling up the DagBag from /opt/airflow/dags/dag_sample.py
[2024-09-05T00:40:09.909+0000] {processor.py:925} INFO - DAG(s) 'my_dag_name' retrieved from /opt/airflow/dags/dag_sample.py
[2024-09-05T00:40:09.930+0000] {logging_mixin.py:190} INFO - [2024-09-05T00:40:09.930+0000] {dag.py:3211} INFO - Sync 1 DAGs
[2024-09-05T00:40:10.094+0000] {logging_mixin.py:190} INFO - [2024-09-05T00:40:10.094+0000] {dag.py:4138} INFO - Setting next_dagrun for my_dag_name to 2024-09-05 00:00:00+00:00, run_after=2024-09-06 00:00:00+00:00
[2024-09-05T00:40:10.118+0000] {processor.py:208} INFO - Processing /opt/airflow/dags/dag_sample.py took 0.228 seconds
[2024-09-05T00:40:40.246+0000] {processor.py:186} INFO - Started process (PID=485) to work on /opt/airflow/dags/dag_sample.py
[2024-09-05T00:40:40.246+0000] {processor.py:914} INFO - Processing file /opt/airflow/dags/dag_sample.py for tasks to queue
[2024-09-05T00:40:40.248+0000] {logging_mixin.py:190} INFO - [2024-09-05T00:40:40.248+0000] {dagbag.py:587} INFO - Filling up the DagBag from /opt/airflow/dags/dag_sample.py
[2024-09-05T00:40:40.257+0000] {processor.py:925} INFO - DAG(s) 'my_dag_name' retrieved from /opt/airflow/dags/dag_sample.py
[2024-09-05T00:40:40.402+0000] {logging_mixin.py:190} INFO - [2024-09-05T00:40:40.402+0000] {dag.py:3211} INFO - Sync 1 DAGs
[2024-09-05T00:40:40.420+0000] {logging_mixin.py:190} INFO - [2024-09-05T00:40:40.419+0000] {dag.py:4138} INFO - Setting next_dagrun for my_dag_name to 2024-09-05 00:00:00+00:00, run_after=2024-09-06 00:00:00+00:00
[2024-09-05T00:40:40.441+0000] {processor.py:208} INFO - Processing /opt/airflow/dags/dag_sample.py took 0.200 seconds
[2024-09-05T00:41:10.569+0000] {processor.py:186} INFO - Started process (PID=492) to work on /opt/airflow/dags/dag_sample.py
[2024-09-05T00:41:10.570+0000] {processor.py:914} INFO - Processing file /opt/airflow/dags/dag_sample.py for tasks to queue
[2024-09-05T00:41:10.572+0000] {logging_mixin.py:190} INFO - [2024-09-05T00:41:10.572+0000] {dagbag.py:587} INFO - Filling up the DagBag from /opt/airflow/dags/dag_sample.py
[2024-09-05T00:41:10.580+0000] {processor.py:925} INFO - DAG(s) 'my_dag_name' retrieved from /opt/airflow/dags/dag_sample.py
[2024-09-05T00:41:10.600+0000] {logging_mixin.py:190} INFO - [2024-09-05T00:41:10.600+0000] {dag.py:3211} INFO - Sync 1 DAGs
[2024-09-05T00:41:10.619+0000] {logging_mixin.py:190} INFO - [2024-09-05T00:41:10.618+0000] {dag.py:4138} INFO - Setting next_dagrun for my_dag_name to 2024-09-05 00:00:00+00:00, run_after=2024-09-06 00:00:00+00:00
[2024-09-05T00:41:10.638+0000] {processor.py:208} INFO - Processing /opt/airflow/dags/dag_sample.py took 0.073 seconds
[2024-09-05T00:41:40.723+0000] {processor.py:186} INFO - Started process (PID=499) to work on /opt/airflow/dags/dag_sample.py
[2024-09-05T00:41:40.724+0000] {processor.py:914} INFO - Processing file /opt/airflow/dags/dag_sample.py for tasks to queue
[2024-09-05T00:41:40.726+0000] {logging_mixin.py:190} INFO - [2024-09-05T00:41:40.726+0000] {dagbag.py:587} INFO - Filling up the DagBag from /opt/airflow/dags/dag_sample.py
[2024-09-05T00:41:40.735+0000] {processor.py:925} INFO - DAG(s) 'my_dag_name' retrieved from /opt/airflow/dags/dag_sample.py
[2024-09-05T00:41:40.754+0000] {logging_mixin.py:190} INFO - [2024-09-05T00:41:40.754+0000] {dag.py:3211} INFO - Sync 1 DAGs
[2024-09-05T00:41:40.775+0000] {logging_mixin.py:190} INFO - [2024-09-05T00:41:40.775+0000] {dag.py:4138} INFO - Setting next_dagrun for my_dag_name to 2024-09-05 00:00:00+00:00, run_after=2024-09-06 00:00:00+00:00
[2024-09-05T00:41:40.795+0000] {processor.py:208} INFO - Processing /opt/airflow/dags/dag_sample.py took 0.077 seconds
[2024-09-05T00:42:10.914+0000] {processor.py:186} INFO - Started process (PID=506) to work on /opt/airflow/dags/dag_sample.py
[2024-09-05T00:42:10.915+0000] {processor.py:914} INFO - Processing file /opt/airflow/dags/dag_sample.py for tasks to queue
[2024-09-05T00:42:10.916+0000] {logging_mixin.py:190} INFO - [2024-09-05T00:42:10.916+0000] {dagbag.py:587} INFO - Filling up the DagBag from /opt/airflow/dags/dag_sample.py
[2024-09-05T00:42:10.925+0000] {processor.py:925} INFO - DAG(s) 'my_dag_name' retrieved from /opt/airflow/dags/dag_sample.py
[2024-09-05T00:42:10.944+0000] {logging_mixin.py:190} INFO - [2024-09-05T00:42:10.944+0000] {dag.py:3211} INFO - Sync 1 DAGs
[2024-09-05T00:42:10.969+0000] {logging_mixin.py:190} INFO - [2024-09-05T00:42:10.969+0000] {dag.py:4138} INFO - Setting next_dagrun for my_dag_name to 2024-09-05 00:00:00+00:00, run_after=2024-09-06 00:00:00+00:00
[2024-09-05T00:42:10.992+0000] {processor.py:208} INFO - Processing /opt/airflow/dags/dag_sample.py took 0.085 seconds
[2024-09-05T00:42:41.068+0000] {processor.py:186} INFO - Started process (PID=513) to work on /opt/airflow/dags/dag_sample.py
[2024-09-05T00:42:41.069+0000] {processor.py:914} INFO - Processing file /opt/airflow/dags/dag_sample.py for tasks to queue
[2024-09-05T00:42:41.070+0000] {logging_mixin.py:190} INFO - [2024-09-05T00:42:41.070+0000] {dagbag.py:587} INFO - Filling up the DagBag from /opt/airflow/dags/dag_sample.py
[2024-09-05T00:42:41.080+0000] {processor.py:925} INFO - DAG(s) 'my_dag_name' retrieved from /opt/airflow/dags/dag_sample.py
[2024-09-05T00:42:41.100+0000] {logging_mixin.py:190} INFO - [2024-09-05T00:42:41.100+0000] {dag.py:3211} INFO - Sync 1 DAGs
[2024-09-05T00:42:41.281+0000] {logging_mixin.py:190} INFO - [2024-09-05T00:42:41.280+0000] {dag.py:4138} INFO - Setting next_dagrun for my_dag_name to 2024-09-05 00:00:00+00:00, run_after=2024-09-06 00:00:00+00:00
[2024-09-05T00:42:41.305+0000] {processor.py:208} INFO - Processing /opt/airflow/dags/dag_sample.py took 0.242 seconds
[2024-09-05T00:43:11.437+0000] {processor.py:186} INFO - Started process (PID=520) to work on /opt/airflow/dags/dag_sample.py
[2024-09-05T00:43:11.438+0000] {processor.py:914} INFO - Processing file /opt/airflow/dags/dag_sample.py for tasks to queue
[2024-09-05T00:43:11.439+0000] {logging_mixin.py:190} INFO - [2024-09-05T00:43:11.439+0000] {dagbag.py:587} INFO - Filling up the DagBag from /opt/airflow/dags/dag_sample.py
[2024-09-05T00:43:11.448+0000] {processor.py:925} INFO - DAG(s) 'my_dag_name' retrieved from /opt/airflow/dags/dag_sample.py
[2024-09-05T00:43:11.468+0000] {logging_mixin.py:190} INFO - [2024-09-05T00:43:11.467+0000] {dag.py:3211} INFO - Sync 1 DAGs
[2024-09-05T00:43:11.622+0000] {logging_mixin.py:190} INFO - [2024-09-05T00:43:11.622+0000] {dag.py:4138} INFO - Setting next_dagrun for my_dag_name to 2024-09-05 00:00:00+00:00, run_after=2024-09-06 00:00:00+00:00
[2024-09-05T00:43:11.640+0000] {processor.py:208} INFO - Processing /opt/airflow/dags/dag_sample.py took 0.208 seconds
[2024-09-05T00:43:41.775+0000] {processor.py:186} INFO - Started process (PID=527) to work on /opt/airflow/dags/dag_sample.py
[2024-09-05T00:43:41.776+0000] {processor.py:914} INFO - Processing file /opt/airflow/dags/dag_sample.py for tasks to queue
[2024-09-05T00:43:41.777+0000] {logging_mixin.py:190} INFO - [2024-09-05T00:43:41.777+0000] {dagbag.py:587} INFO - Filling up the DagBag from /opt/airflow/dags/dag_sample.py
[2024-09-05T00:43:41.787+0000] {processor.py:925} INFO - DAG(s) 'my_dag_name' retrieved from /opt/airflow/dags/dag_sample.py
[2024-09-05T00:43:41.937+0000] {logging_mixin.py:190} INFO - [2024-09-05T00:43:41.937+0000] {dag.py:3211} INFO - Sync 1 DAGs
[2024-09-05T00:43:41.954+0000] {logging_mixin.py:190} INFO - [2024-09-05T00:43:41.954+0000] {dag.py:4138} INFO - Setting next_dagrun for my_dag_name to 2024-09-05 00:00:00+00:00, run_after=2024-09-06 00:00:00+00:00
[2024-09-05T00:43:41.974+0000] {processor.py:208} INFO - Processing /opt/airflow/dags/dag_sample.py took 0.204 seconds
[2024-09-05T00:44:12.110+0000] {processor.py:186} INFO - Started process (PID=534) to work on /opt/airflow/dags/dag_sample.py
[2024-09-05T00:44:12.111+0000] {processor.py:914} INFO - Processing file /opt/airflow/dags/dag_sample.py for tasks to queue
[2024-09-05T00:44:12.113+0000] {logging_mixin.py:190} INFO - [2024-09-05T00:44:12.112+0000] {dagbag.py:587} INFO - Filling up the DagBag from /opt/airflow/dags/dag_sample.py
[2024-09-05T00:44:12.121+0000] {processor.py:925} INFO - DAG(s) 'my_dag_name' retrieved from /opt/airflow/dags/dag_sample.py
[2024-09-05T00:44:12.141+0000] {logging_mixin.py:190} INFO - [2024-09-05T00:44:12.141+0000] {dag.py:3211} INFO - Sync 1 DAGs
[2024-09-05T00:44:12.160+0000] {logging_mixin.py:190} INFO - [2024-09-05T00:44:12.160+0000] {dag.py:4138} INFO - Setting next_dagrun for my_dag_name to 2024-09-05 00:00:00+00:00, run_after=2024-09-06 00:00:00+00:00
[2024-09-05T00:44:12.187+0000] {processor.py:208} INFO - Processing /opt/airflow/dags/dag_sample.py took 0.081 seconds
[2024-09-05T00:44:42.251+0000] {processor.py:186} INFO - Started process (PID=540) to work on /opt/airflow/dags/dag_sample.py
[2024-09-05T00:44:42.251+0000] {processor.py:914} INFO - Processing file /opt/airflow/dags/dag_sample.py for tasks to queue
[2024-09-05T00:44:42.253+0000] {logging_mixin.py:190} INFO - [2024-09-05T00:44:42.253+0000] {dagbag.py:587} INFO - Filling up the DagBag from /opt/airflow/dags/dag_sample.py
[2024-09-05T00:44:42.262+0000] {processor.py:925} INFO - DAG(s) 'my_dag_name' retrieved from /opt/airflow/dags/dag_sample.py
[2024-09-05T00:44:42.282+0000] {logging_mixin.py:190} INFO - [2024-09-05T00:44:42.282+0000] {dag.py:3211} INFO - Sync 1 DAGs
[2024-09-05T00:44:42.301+0000] {logging_mixin.py:190} INFO - [2024-09-05T00:44:42.301+0000] {dag.py:4138} INFO - Setting next_dagrun for my_dag_name to 2024-09-05 00:00:00+00:00, run_after=2024-09-06 00:00:00+00:00
[2024-09-05T00:44:42.323+0000] {processor.py:208} INFO - Processing /opt/airflow/dags/dag_sample.py took 0.077 seconds
[2024-09-05T00:45:12.454+0000] {processor.py:186} INFO - Started process (PID=547) to work on /opt/airflow/dags/dag_sample.py
[2024-09-05T00:45:12.455+0000] {processor.py:914} INFO - Processing file /opt/airflow/dags/dag_sample.py for tasks to queue
[2024-09-05T00:45:12.457+0000] {logging_mixin.py:190} INFO - [2024-09-05T00:45:12.457+0000] {dagbag.py:587} INFO - Filling up the DagBag from /opt/airflow/dags/dag_sample.py
[2024-09-05T00:45:12.470+0000] {processor.py:925} INFO - DAG(s) 'my_dag_name' retrieved from /opt/airflow/dags/dag_sample.py
[2024-09-05T00:45:12.497+0000] {logging_mixin.py:190} INFO - [2024-09-05T00:45:12.497+0000] {dag.py:3211} INFO - Sync 1 DAGs
[2024-09-05T00:45:12.527+0000] {logging_mixin.py:190} INFO - [2024-09-05T00:45:12.527+0000] {dag.py:4138} INFO - Setting next_dagrun for my_dag_name to 2024-09-05 00:00:00+00:00, run_after=2024-09-06 00:00:00+00:00
[2024-09-05T00:45:12.722+0000] {processor.py:208} INFO - Processing /opt/airflow/dags/dag_sample.py took 0.275 seconds
[2024-09-05T00:45:42.862+0000] {processor.py:186} INFO - Started process (PID=554) to work on /opt/airflow/dags/dag_sample.py
[2024-09-05T00:45:42.862+0000] {processor.py:914} INFO - Processing file /opt/airflow/dags/dag_sample.py for tasks to queue
[2024-09-05T00:45:42.865+0000] {logging_mixin.py:190} INFO - [2024-09-05T00:45:42.864+0000] {dagbag.py:587} INFO - Filling up the DagBag from /opt/airflow/dags/dag_sample.py
[2024-09-05T00:45:42.873+0000] {processor.py:925} INFO - DAG(s) 'my_dag_name' retrieved from /opt/airflow/dags/dag_sample.py
[2024-09-05T00:45:42.892+0000] {logging_mixin.py:190} INFO - [2024-09-05T00:45:42.892+0000] {dag.py:3211} INFO - Sync 1 DAGs
[2024-09-05T00:45:43.043+0000] {logging_mixin.py:190} INFO - [2024-09-05T00:45:43.043+0000] {dag.py:4138} INFO - Setting next_dagrun for my_dag_name to 2024-09-05 00:00:00+00:00, run_after=2024-09-06 00:00:00+00:00
[2024-09-05T00:45:43.070+0000] {processor.py:208} INFO - Processing /opt/airflow/dags/dag_sample.py took 0.212 seconds
[2024-09-05T00:46:13.208+0000] {processor.py:186} INFO - Started process (PID=561) to work on /opt/airflow/dags/dag_sample.py
[2024-09-05T00:46:13.209+0000] {processor.py:914} INFO - Processing file /opt/airflow/dags/dag_sample.py for tasks to queue
[2024-09-05T00:46:13.212+0000] {logging_mixin.py:190} INFO - [2024-09-05T00:46:13.212+0000] {dagbag.py:587} INFO - Filling up the DagBag from /opt/airflow/dags/dag_sample.py
[2024-09-05T00:46:13.224+0000] {processor.py:925} INFO - DAG(s) 'my_dag_name' retrieved from /opt/airflow/dags/dag_sample.py
[2024-09-05T00:46:13.252+0000] {logging_mixin.py:190} INFO - [2024-09-05T00:46:13.252+0000] {dag.py:3211} INFO - Sync 1 DAGs
[2024-09-05T00:46:13.438+0000] {logging_mixin.py:190} INFO - [2024-09-05T00:46:13.437+0000] {dag.py:4138} INFO - Setting next_dagrun for my_dag_name to 2024-09-05 00:00:00+00:00, run_after=2024-09-06 00:00:00+00:00
[2024-09-05T00:46:13.463+0000] {processor.py:208} INFO - Processing /opt/airflow/dags/dag_sample.py took 0.262 seconds
