[2024-09-05T01:31:41.890+0000] {local_task_job_runner.py:120} INFO - ::group::Pre task execution logs
[2024-09-05T01:31:41.944+0000] {taskinstance.py:2076} INFO - Dependencies all met for dep_context=non-requeueable deps ti=<TaskInstance: data_sensors_DBU.print_message scheduled__2024-09-04T00:00:00+00:00 [queued]>
[2024-09-05T01:31:41.953+0000] {taskinstance.py:2076} INFO - Dependencies all met for dep_context=requeueable deps ti=<TaskInstance: data_sensors_DBU.print_message scheduled__2024-09-04T00:00:00+00:00 [queued]>
[2024-09-05T01:31:41.954+0000] {taskinstance.py:2306} INFO - Starting attempt 1 of 3
[2024-09-05T01:31:41.987+0000] {taskinstance.py:2330} INFO - Executing <Task(PythonOperator): print_message> on 2024-09-04 00:00:00+00:00
[2024-09-05T01:31:41.994+0000] {warnings.py:112} WARNING - /home/***/.local/lib/python3.12/site-packages/***/task/task_runner/standard_task_runner.py:61: DeprecationWarning: This process (pid=106) is multi-threaded, use of fork() may lead to deadlocks in the child.
  pid = os.fork()

[2024-09-05T01:31:41.995+0000] {standard_task_runner.py:63} INFO - Started process 109 to run task
[2024-09-05T01:31:41.999+0000] {standard_task_runner.py:90} INFO - Running: ['***', 'tasks', 'run', 'data_sensors_DBU', 'print_message', 'scheduled__2024-09-04T00:00:00+00:00', '--job-id', '19', '--raw', '--subdir', 'DAGS_FOLDER/dag_sensor_csv.py', '--cfg-path', '/tmp/tmpnt3f89sd']
[2024-09-05T01:31:42.001+0000] {standard_task_runner.py:91} INFO - Job 19: Subtask print_message
[2024-09-05T01:31:42.073+0000] {task_command.py:426} INFO - Running <TaskInstance: data_sensors_DBU.print_message scheduled__2024-09-04T00:00:00+00:00 [running]> on host 2374d61fd1eb
[2024-09-05T01:31:42.357+0000] {taskinstance.py:2648} INFO - Exporting env vars: AIRFLOW_CTX_DAG_EMAIL='anderson.coder.space@gmail.com' AIRFLOW_CTX_DAG_OWNER='ander_o' AIRFLOW_CTX_DAG_ID='data_sensors_DBU' AIRFLOW_CTX_TASK_ID='print_message' AIRFLOW_CTX_EXECUTION_DATE='2024-09-04T00:00:00+00:00' AIRFLOW_CTX_TRY_NUMBER='1' AIRFLOW_CTX_DAG_RUN_ID='scheduled__2024-09-04T00:00:00+00:00'
[2024-09-05T01:31:42.358+0000] {taskinstance.py:430} INFO - ::endgroup::
[2024-09-05T01:31:42.428+0000] {logging_mixin.py:188} INFO - Llegó el archivo: /opt/***/data/data-uno.csv
[2024-09-05T01:31:42.429+0000] {python.py:237} INFO - Done. Returned value was: None
[2024-09-05T01:31:42.429+0000] {taskinstance.py:441} INFO - ::group::Post task execution logs
[2024-09-05T01:31:42.455+0000] {taskinstance.py:1206} INFO - Marking task as SUCCESS. dag_id=data_sensors_DBU, task_id=print_message, run_id=scheduled__2024-09-04T00:00:00+00:00, execution_date=20240904T000000, start_date=20240905T013141, end_date=20240905T013142
[2024-09-05T01:31:42.495+0000] {local_task_job_runner.py:240} INFO - Task exited with return code 0
[2024-09-05T01:31:42.535+0000] {taskinstance.py:3503} INFO - 1 downstream tasks scheduled from follow-on schedule check
[2024-09-05T01:31:42.552+0000] {local_task_job_runner.py:222} INFO - ::endgroup::
