[2024-09-05T00:49:45.606+0000] {processor.py:161} INFO - Started process (PID=57) to work on /opt/airflow/dags/dag_sensor_csv.py
[2024-09-05T00:49:45.642+0000] {processor.py:830} INFO - Processing file /opt/airflow/dags/dag_sensor_csv.py for tasks to queue
[2024-09-05T00:49:45.654+0000] {logging_mixin.py:188} INFO - [2024-09-05T00:49:45.654+0000] {dagbag.py:545} INFO - Filling up the DagBag from /opt/airflow/dags/dag_sensor_csv.py
[2024-09-05T00:49:45.745+0000] {processor.py:840} INFO - DAG(s) 'data_sensors_DBU' retrieved from /opt/airflow/dags/dag_sensor_csv.py
[2024-09-05T00:49:46.538+0000] {logging_mixin.py:188} INFO - [2024-09-05T00:49:46.537+0000] {override.py:1829} INFO - Created Permission View: can read on DAG:data_sensors_DBU
[2024-09-05T00:49:46.574+0000] {logging_mixin.py:188} INFO - [2024-09-05T00:49:46.573+0000] {override.py:1829} INFO - Created Permission View: can edit on DAG:data_sensors_DBU
[2024-09-05T00:49:46.587+0000] {logging_mixin.py:188} INFO - [2024-09-05T00:49:46.587+0000] {override.py:1829} INFO - Created Permission View: can delete on DAG:data_sensors_DBU
[2024-09-05T00:49:46.588+0000] {logging_mixin.py:188} INFO - [2024-09-05T00:49:46.588+0000] {dag.py:3096} INFO - Sync 1 DAGs
[2024-09-05T00:49:46.618+0000] {logging_mixin.py:188} INFO - [2024-09-05T00:49:46.618+0000] {dag.py:3118} INFO - Creating ORM DAG for data_sensors_DBU
[2024-09-05T00:49:46.644+0000] {logging_mixin.py:188} INFO - [2024-09-05T00:49:46.643+0000] {dag.py:3954} INFO - Setting next_dagrun for data_sensors_DBU to 2024-09-04 00:00:00+00:00, run_after=2024-09-05 00:00:00+00:00
[2024-09-05T00:49:46.693+0000] {processor.py:183} INFO - Processing /opt/airflow/dags/dag_sensor_csv.py took 1.135 seconds
[2024-09-05T00:50:16.834+0000] {processor.py:161} INFO - Started process (PID=63) to work on /opt/airflow/dags/dag_sensor_csv.py
[2024-09-05T00:50:16.835+0000] {processor.py:830} INFO - Processing file /opt/airflow/dags/dag_sensor_csv.py for tasks to queue
[2024-09-05T00:50:16.836+0000] {logging_mixin.py:188} INFO - [2024-09-05T00:50:16.836+0000] {dagbag.py:545} INFO - Filling up the DagBag from /opt/airflow/dags/dag_sensor_csv.py
[2024-09-05T00:50:16.847+0000] {processor.py:840} INFO - DAG(s) 'data_sensors_DBU' retrieved from /opt/airflow/dags/dag_sensor_csv.py
[2024-09-05T00:50:16.869+0000] {logging_mixin.py:188} INFO - [2024-09-05T00:50:16.868+0000] {dag.py:3096} INFO - Sync 1 DAGs
[2024-09-05T00:50:16.887+0000] {logging_mixin.py:188} INFO - [2024-09-05T00:50:16.886+0000] {dag.py:3954} INFO - Setting next_dagrun for data_sensors_DBU to 2024-09-04 00:00:00+00:00, run_after=2024-09-05 00:00:00+00:00
[2024-09-05T00:50:16.912+0000] {processor.py:183} INFO - Processing /opt/airflow/dags/dag_sensor_csv.py took 0.082 seconds
[2024-09-05T00:50:46.945+0000] {processor.py:161} INFO - Started process (PID=70) to work on /opt/airflow/dags/dag_sensor_csv.py
[2024-09-05T00:50:46.946+0000] {processor.py:830} INFO - Processing file /opt/airflow/dags/dag_sensor_csv.py for tasks to queue
[2024-09-05T00:50:46.947+0000] {logging_mixin.py:188} INFO - [2024-09-05T00:50:46.947+0000] {dagbag.py:545} INFO - Filling up the DagBag from /opt/airflow/dags/dag_sensor_csv.py
[2024-09-05T00:50:46.962+0000] {processor.py:840} INFO - DAG(s) 'data_sensors_DBU' retrieved from /opt/airflow/dags/dag_sensor_csv.py
[2024-09-05T00:50:46.995+0000] {logging_mixin.py:188} INFO - [2024-09-05T00:50:46.994+0000] {dag.py:3096} INFO - Sync 1 DAGs
[2024-09-05T00:50:47.018+0000] {logging_mixin.py:188} INFO - [2024-09-05T00:50:47.018+0000] {dag.py:3954} INFO - Setting next_dagrun for data_sensors_DBU to 2024-09-04 00:00:00+00:00, run_after=2024-09-05 00:00:00+00:00
[2024-09-05T00:50:47.036+0000] {processor.py:183} INFO - Processing /opt/airflow/dags/dag_sensor_csv.py took 0.095 seconds
[2024-09-05T00:51:17.120+0000] {processor.py:161} INFO - Started process (PID=77) to work on /opt/airflow/dags/dag_sensor_csv.py
[2024-09-05T00:51:17.121+0000] {processor.py:830} INFO - Processing file /opt/airflow/dags/dag_sensor_csv.py for tasks to queue
[2024-09-05T00:51:17.122+0000] {logging_mixin.py:188} INFO - [2024-09-05T00:51:17.122+0000] {dagbag.py:545} INFO - Filling up the DagBag from /opt/airflow/dags/dag_sensor_csv.py
[2024-09-05T00:51:17.134+0000] {processor.py:840} INFO - DAG(s) 'data_sensors_DBU' retrieved from /opt/airflow/dags/dag_sensor_csv.py
[2024-09-05T00:51:17.157+0000] {logging_mixin.py:188} INFO - [2024-09-05T00:51:17.157+0000] {dag.py:3096} INFO - Sync 1 DAGs
[2024-09-05T00:51:17.175+0000] {logging_mixin.py:188} INFO - [2024-09-05T00:51:17.175+0000] {dag.py:3954} INFO - Setting next_dagrun for data_sensors_DBU to 2024-09-04 00:00:00+00:00, run_after=2024-09-05 00:00:00+00:00
[2024-09-05T00:51:17.195+0000] {processor.py:183} INFO - Processing /opt/airflow/dags/dag_sensor_csv.py took 0.081 seconds
[2024-09-05T00:51:47.248+0000] {processor.py:161} INFO - Started process (PID=84) to work on /opt/airflow/dags/dag_sensor_csv.py
[2024-09-05T00:51:47.249+0000] {processor.py:830} INFO - Processing file /opt/airflow/dags/dag_sensor_csv.py for tasks to queue
[2024-09-05T00:51:47.250+0000] {logging_mixin.py:188} INFO - [2024-09-05T00:51:47.250+0000] {dagbag.py:545} INFO - Filling up the DagBag from /opt/airflow/dags/dag_sensor_csv.py
[2024-09-05T00:51:47.262+0000] {processor.py:840} INFO - DAG(s) 'data_sensors_DBU' retrieved from /opt/airflow/dags/dag_sensor_csv.py
[2024-09-05T00:51:47.296+0000] {logging_mixin.py:188} INFO - [2024-09-05T00:51:47.296+0000] {dag.py:3096} INFO - Sync 1 DAGs
[2024-09-05T00:51:47.321+0000] {logging_mixin.py:188} INFO - [2024-09-05T00:51:47.321+0000] {dag.py:3954} INFO - Setting next_dagrun for data_sensors_DBU to 2024-09-04 00:00:00+00:00, run_after=2024-09-05 00:00:00+00:00
[2024-09-05T00:51:47.341+0000] {processor.py:183} INFO - Processing /opt/airflow/dags/dag_sensor_csv.py took 0.097 seconds
[2024-09-05T00:52:17.422+0000] {processor.py:161} INFO - Started process (PID=92) to work on /opt/airflow/dags/dag_sensor_csv.py
[2024-09-05T00:52:17.423+0000] {processor.py:830} INFO - Processing file /opt/airflow/dags/dag_sensor_csv.py for tasks to queue
[2024-09-05T00:52:17.426+0000] {logging_mixin.py:188} INFO - [2024-09-05T00:52:17.425+0000] {dagbag.py:545} INFO - Filling up the DagBag from /opt/airflow/dags/dag_sensor_csv.py
[2024-09-05T00:52:17.445+0000] {processor.py:840} INFO - DAG(s) 'data_sensors_DBU' retrieved from /opt/airflow/dags/dag_sensor_csv.py
[2024-09-05T00:52:17.467+0000] {logging_mixin.py:188} INFO - [2024-09-05T00:52:17.467+0000] {dag.py:3096} INFO - Sync 1 DAGs
[2024-09-05T00:52:17.484+0000] {logging_mixin.py:188} INFO - [2024-09-05T00:52:17.484+0000] {dag.py:3954} INFO - Setting next_dagrun for data_sensors_DBU to 2024-09-04 00:00:00+00:00, run_after=2024-09-05 00:00:00+00:00
[2024-09-05T00:52:17.504+0000] {processor.py:183} INFO - Processing /opt/airflow/dags/dag_sensor_csv.py took 0.094 seconds
[2024-09-05T00:52:47.555+0000] {processor.py:161} INFO - Started process (PID=100) to work on /opt/airflow/dags/dag_sensor_csv.py
[2024-09-05T00:52:47.556+0000] {processor.py:830} INFO - Processing file /opt/airflow/dags/dag_sensor_csv.py for tasks to queue
[2024-09-05T00:52:47.557+0000] {logging_mixin.py:188} INFO - [2024-09-05T00:52:47.557+0000] {dagbag.py:545} INFO - Filling up the DagBag from /opt/airflow/dags/dag_sensor_csv.py
[2024-09-05T00:52:47.568+0000] {processor.py:840} INFO - DAG(s) 'data_sensors_DBU' retrieved from /opt/airflow/dags/dag_sensor_csv.py
[2024-09-05T00:52:47.598+0000] {logging_mixin.py:188} INFO - [2024-09-05T00:52:47.598+0000] {dag.py:3096} INFO - Sync 1 DAGs
[2024-09-05T00:52:47.616+0000] {logging_mixin.py:188} INFO - [2024-09-05T00:52:47.616+0000] {dag.py:3954} INFO - Setting next_dagrun for data_sensors_DBU to 2024-09-04 00:00:00+00:00, run_after=2024-09-05 00:00:00+00:00
[2024-09-05T00:52:47.642+0000] {processor.py:183} INFO - Processing /opt/airflow/dags/dag_sensor_csv.py took 0.091 seconds
[2024-09-05T00:53:17.727+0000] {processor.py:161} INFO - Started process (PID=107) to work on /opt/airflow/dags/dag_sensor_csv.py
[2024-09-05T00:53:17.728+0000] {processor.py:830} INFO - Processing file /opt/airflow/dags/dag_sensor_csv.py for tasks to queue
[2024-09-05T00:53:17.730+0000] {logging_mixin.py:188} INFO - [2024-09-05T00:53:17.729+0000] {dagbag.py:545} INFO - Filling up the DagBag from /opt/airflow/dags/dag_sensor_csv.py
[2024-09-05T00:53:17.743+0000] {processor.py:840} INFO - DAG(s) 'data_sensors_DBU' retrieved from /opt/airflow/dags/dag_sensor_csv.py
[2024-09-05T00:53:17.776+0000] {logging_mixin.py:188} INFO - [2024-09-05T00:53:17.776+0000] {dag.py:3096} INFO - Sync 1 DAGs
[2024-09-05T00:53:17.801+0000] {logging_mixin.py:188} INFO - [2024-09-05T00:53:17.801+0000] {dag.py:3954} INFO - Setting next_dagrun for data_sensors_DBU to 2024-09-04 00:00:00+00:00, run_after=2024-09-05 00:00:00+00:00
[2024-09-05T00:53:17.822+0000] {processor.py:183} INFO - Processing /opt/airflow/dags/dag_sensor_csv.py took 0.099 seconds
[2024-09-05T00:53:47.859+0000] {processor.py:161} INFO - Started process (PID=114) to work on /opt/airflow/dags/dag_sensor_csv.py
[2024-09-05T00:53:47.860+0000] {processor.py:830} INFO - Processing file /opt/airflow/dags/dag_sensor_csv.py for tasks to queue
[2024-09-05T00:53:47.862+0000] {logging_mixin.py:188} INFO - [2024-09-05T00:53:47.862+0000] {dagbag.py:545} INFO - Filling up the DagBag from /opt/airflow/dags/dag_sensor_csv.py
[2024-09-05T00:53:47.878+0000] {processor.py:840} INFO - DAG(s) 'data_sensors_DBU' retrieved from /opt/airflow/dags/dag_sensor_csv.py
[2024-09-05T00:53:47.909+0000] {logging_mixin.py:188} INFO - [2024-09-05T00:53:47.909+0000] {dag.py:3096} INFO - Sync 1 DAGs
[2024-09-05T00:53:47.937+0000] {logging_mixin.py:188} INFO - [2024-09-05T00:53:47.936+0000] {dag.py:3954} INFO - Setting next_dagrun for data_sensors_DBU to 2024-09-04 00:00:00+00:00, run_after=2024-09-05 00:00:00+00:00
[2024-09-05T00:53:47.968+0000] {processor.py:183} INFO - Processing /opt/airflow/dags/dag_sensor_csv.py took 0.115 seconds
[2024-09-05T00:54:18.050+0000] {processor.py:161} INFO - Started process (PID=121) to work on /opt/airflow/dags/dag_sensor_csv.py
[2024-09-05T00:54:20.412+0000] {processor.py:830} INFO - Processing file /opt/airflow/dags/dag_sensor_csv.py for tasks to queue
[2024-09-05T00:54:20.414+0000] {logging_mixin.py:188} INFO - [2024-09-05T00:54:20.413+0000] {dagbag.py:545} INFO - Filling up the DagBag from /opt/airflow/dags/dag_sensor_csv.py
[2024-09-05T00:54:20.458+0000] {processor.py:840} INFO - DAG(s) 'data_sensors_DBU' retrieved from /opt/airflow/dags/dag_sensor_csv.py
[2024-09-05T00:54:20.614+0000] {logging_mixin.py:188} INFO - [2024-09-05T00:54:20.613+0000] {dag.py:3096} INFO - Sync 1 DAGs
[2024-09-05T00:54:20.676+0000] {logging_mixin.py:188} INFO - [2024-09-05T00:54:20.675+0000] {dag.py:3954} INFO - Setting next_dagrun for data_sensors_DBU to 2024-09-04 00:00:00+00:00, run_after=2024-09-05 00:00:00+00:00
[2024-09-05T00:54:20.834+0000] {processor.py:183} INFO - Processing /opt/airflow/dags/dag_sensor_csv.py took 2.798 seconds
[2024-09-05T00:54:50.961+0000] {processor.py:161} INFO - Started process (PID=129) to work on /opt/airflow/dags/dag_sensor_csv.py
[2024-09-05T00:54:50.962+0000] {processor.py:830} INFO - Processing file /opt/airflow/dags/dag_sensor_csv.py for tasks to queue
[2024-09-05T00:54:50.963+0000] {logging_mixin.py:188} INFO - [2024-09-05T00:54:50.963+0000] {dagbag.py:545} INFO - Filling up the DagBag from /opt/airflow/dags/dag_sensor_csv.py
[2024-09-05T00:54:50.974+0000] {processor.py:840} INFO - DAG(s) 'data_sensors_DBU' retrieved from /opt/airflow/dags/dag_sensor_csv.py
[2024-09-05T00:54:50.995+0000] {logging_mixin.py:188} INFO - [2024-09-05T00:54:50.995+0000] {dag.py:3096} INFO - Sync 1 DAGs
[2024-09-05T00:54:51.011+0000] {logging_mixin.py:188} INFO - [2024-09-05T00:54:51.011+0000] {dag.py:3954} INFO - Setting next_dagrun for data_sensors_DBU to 2024-09-04 00:00:00+00:00, run_after=2024-09-05 00:00:00+00:00
[2024-09-05T00:54:51.075+0000] {processor.py:183} INFO - Processing /opt/airflow/dags/dag_sensor_csv.py took 0.118 seconds
[2024-09-05T00:55:21.177+0000] {processor.py:161} INFO - Started process (PID=137) to work on /opt/airflow/dags/dag_sensor_csv.py
[2024-09-05T00:55:21.178+0000] {processor.py:830} INFO - Processing file /opt/airflow/dags/dag_sensor_csv.py for tasks to queue
[2024-09-05T00:55:21.179+0000] {logging_mixin.py:188} INFO - [2024-09-05T00:55:21.179+0000] {dagbag.py:545} INFO - Filling up the DagBag from /opt/airflow/dags/dag_sensor_csv.py
[2024-09-05T00:55:21.190+0000] {processor.py:840} INFO - DAG(s) 'data_sensors_DBU' retrieved from /opt/airflow/dags/dag_sensor_csv.py
[2024-09-05T00:55:21.213+0000] {logging_mixin.py:188} INFO - [2024-09-05T00:55:21.213+0000] {dag.py:3096} INFO - Sync 1 DAGs
[2024-09-05T00:55:21.231+0000] {logging_mixin.py:188} INFO - [2024-09-05T00:55:21.230+0000] {dag.py:3954} INFO - Setting next_dagrun for data_sensors_DBU to 2024-09-04 00:00:00+00:00, run_after=2024-09-05 00:00:00+00:00
[2024-09-05T00:55:21.312+0000] {processor.py:183} INFO - Processing /opt/airflow/dags/dag_sensor_csv.py took 0.139 seconds
[2024-09-05T00:55:51.422+0000] {processor.py:161} INFO - Started process (PID=144) to work on /opt/airflow/dags/dag_sensor_csv.py
[2024-09-05T00:55:51.423+0000] {processor.py:830} INFO - Processing file /opt/airflow/dags/dag_sensor_csv.py for tasks to queue
[2024-09-05T00:55:51.424+0000] {logging_mixin.py:188} INFO - [2024-09-05T00:55:51.424+0000] {dagbag.py:545} INFO - Filling up the DagBag from /opt/airflow/dags/dag_sensor_csv.py
[2024-09-05T00:55:51.437+0000] {processor.py:840} INFO - DAG(s) 'data_sensors_DBU' retrieved from /opt/airflow/dags/dag_sensor_csv.py
[2024-09-05T00:55:51.479+0000] {logging_mixin.py:188} INFO - [2024-09-05T00:55:51.479+0000] {dag.py:3096} INFO - Sync 1 DAGs
[2024-09-05T00:55:51.509+0000] {logging_mixin.py:188} INFO - [2024-09-05T00:55:51.509+0000] {dag.py:3954} INFO - Setting next_dagrun for data_sensors_DBU to 2024-09-04 00:00:00+00:00, run_after=2024-09-05 00:00:00+00:00
[2024-09-05T00:55:51.624+0000] {processor.py:183} INFO - Processing /opt/airflow/dags/dag_sensor_csv.py took 0.207 seconds
[2024-09-05T00:56:21.725+0000] {processor.py:161} INFO - Started process (PID=151) to work on /opt/airflow/dags/dag_sensor_csv.py
[2024-09-05T00:56:21.726+0000] {processor.py:830} INFO - Processing file /opt/airflow/dags/dag_sensor_csv.py for tasks to queue
[2024-09-05T00:56:21.727+0000] {logging_mixin.py:188} INFO - [2024-09-05T00:56:21.727+0000] {dagbag.py:545} INFO - Filling up the DagBag from /opt/airflow/dags/dag_sensor_csv.py
[2024-09-05T00:56:21.738+0000] {processor.py:840} INFO - DAG(s) 'data_sensors_DBU' retrieved from /opt/airflow/dags/dag_sensor_csv.py
[2024-09-05T00:56:21.768+0000] {logging_mixin.py:188} INFO - [2024-09-05T00:56:21.768+0000] {dag.py:3096} INFO - Sync 1 DAGs
[2024-09-05T00:56:21.795+0000] {logging_mixin.py:188} INFO - [2024-09-05T00:56:21.794+0000] {dag.py:3954} INFO - Setting next_dagrun for data_sensors_DBU to 2024-09-04 00:00:00+00:00, run_after=2024-09-05 00:00:00+00:00
[2024-09-05T00:56:21.824+0000] {processor.py:183} INFO - Processing /opt/airflow/dags/dag_sensor_csv.py took 0.103 seconds
[2024-09-05T00:56:51.930+0000] {processor.py:161} INFO - Started process (PID=159) to work on /opt/airflow/dags/dag_sensor_csv.py
[2024-09-05T00:56:51.930+0000] {processor.py:830} INFO - Processing file /opt/airflow/dags/dag_sensor_csv.py for tasks to queue
[2024-09-05T00:56:51.932+0000] {logging_mixin.py:188} INFO - [2024-09-05T00:56:51.931+0000] {dagbag.py:545} INFO - Filling up the DagBag from /opt/airflow/dags/dag_sensor_csv.py
[2024-09-05T00:56:51.942+0000] {processor.py:840} INFO - DAG(s) 'data_sensors_DBU' retrieved from /opt/airflow/dags/dag_sensor_csv.py
[2024-09-05T00:56:51.964+0000] {logging_mixin.py:188} INFO - [2024-09-05T00:56:51.963+0000] {dag.py:3096} INFO - Sync 1 DAGs
[2024-09-05T00:56:51.980+0000] {logging_mixin.py:188} INFO - [2024-09-05T00:56:51.980+0000] {dag.py:3954} INFO - Setting next_dagrun for data_sensors_DBU to 2024-09-04 00:00:00+00:00, run_after=2024-09-05 00:00:00+00:00
[2024-09-05T00:56:52.002+0000] {processor.py:183} INFO - Processing /opt/airflow/dags/dag_sensor_csv.py took 0.077 seconds
[2024-09-05T00:57:22.050+0000] {processor.py:161} INFO - Started process (PID=166) to work on /opt/airflow/dags/dag_sensor_csv.py
[2024-09-05T00:57:22.051+0000] {processor.py:830} INFO - Processing file /opt/airflow/dags/dag_sensor_csv.py for tasks to queue
[2024-09-05T00:57:22.053+0000] {logging_mixin.py:188} INFO - [2024-09-05T00:57:22.052+0000] {dagbag.py:545} INFO - Filling up the DagBag from /opt/airflow/dags/dag_sensor_csv.py
[2024-09-05T00:57:22.063+0000] {processor.py:840} INFO - DAG(s) 'data_sensors_DBU' retrieved from /opt/airflow/dags/dag_sensor_csv.py
[2024-09-05T00:57:22.085+0000] {logging_mixin.py:188} INFO - [2024-09-05T00:57:22.085+0000] {dag.py:3096} INFO - Sync 1 DAGs
[2024-09-05T00:57:22.103+0000] {logging_mixin.py:188} INFO - [2024-09-05T00:57:22.103+0000] {dag.py:3954} INFO - Setting next_dagrun for data_sensors_DBU to 2024-09-04 00:00:00+00:00, run_after=2024-09-05 00:00:00+00:00
[2024-09-05T00:57:22.129+0000] {processor.py:183} INFO - Processing /opt/airflow/dags/dag_sensor_csv.py took 0.083 seconds
[2024-09-05T00:57:52.211+0000] {processor.py:161} INFO - Started process (PID=174) to work on /opt/airflow/dags/dag_sensor_csv.py
[2024-09-05T00:57:52.212+0000] {processor.py:830} INFO - Processing file /opt/airflow/dags/dag_sensor_csv.py for tasks to queue
[2024-09-05T00:57:52.213+0000] {logging_mixin.py:188} INFO - [2024-09-05T00:57:52.213+0000] {dagbag.py:545} INFO - Filling up the DagBag from /opt/airflow/dags/dag_sensor_csv.py
[2024-09-05T00:57:52.224+0000] {processor.py:840} INFO - DAG(s) 'data_sensors_DBU' retrieved from /opt/airflow/dags/dag_sensor_csv.py
[2024-09-05T00:57:52.249+0000] {logging_mixin.py:188} INFO - [2024-09-05T00:57:52.249+0000] {dag.py:3096} INFO - Sync 1 DAGs
[2024-09-05T00:57:52.266+0000] {logging_mixin.py:188} INFO - [2024-09-05T00:57:52.266+0000] {dag.py:3954} INFO - Setting next_dagrun for data_sensors_DBU to 2024-09-04 00:00:00+00:00, run_after=2024-09-05 00:00:00+00:00
[2024-09-05T00:57:52.286+0000] {processor.py:183} INFO - Processing /opt/airflow/dags/dag_sensor_csv.py took 0.079 seconds
[2024-09-05T00:58:22.336+0000] {processor.py:161} INFO - Started process (PID=182) to work on /opt/airflow/dags/dag_sensor_csv.py
[2024-09-05T00:58:22.337+0000] {processor.py:830} INFO - Processing file /opt/airflow/dags/dag_sensor_csv.py for tasks to queue
[2024-09-05T00:58:22.338+0000] {logging_mixin.py:188} INFO - [2024-09-05T00:58:22.338+0000] {dagbag.py:545} INFO - Filling up the DagBag from /opt/airflow/dags/dag_sensor_csv.py
[2024-09-05T00:58:22.348+0000] {processor.py:840} INFO - DAG(s) 'data_sensors_DBU' retrieved from /opt/airflow/dags/dag_sensor_csv.py
[2024-09-05T00:58:22.371+0000] {logging_mixin.py:188} INFO - [2024-09-05T00:58:22.371+0000] {dag.py:3096} INFO - Sync 1 DAGs
[2024-09-05T00:58:22.387+0000] {logging_mixin.py:188} INFO - [2024-09-05T00:58:22.387+0000] {dag.py:3954} INFO - Setting next_dagrun for data_sensors_DBU to 2024-09-04 00:00:00+00:00, run_after=2024-09-05 00:00:00+00:00
[2024-09-05T00:58:22.406+0000] {processor.py:183} INFO - Processing /opt/airflow/dags/dag_sensor_csv.py took 0.075 seconds
[2024-09-05T00:58:52.489+0000] {processor.py:161} INFO - Started process (PID=190) to work on /opt/airflow/dags/dag_sensor_csv.py
[2024-09-05T00:58:52.490+0000] {processor.py:830} INFO - Processing file /opt/airflow/dags/dag_sensor_csv.py for tasks to queue
[2024-09-05T00:58:52.491+0000] {logging_mixin.py:188} INFO - [2024-09-05T00:58:52.491+0000] {dagbag.py:545} INFO - Filling up the DagBag from /opt/airflow/dags/dag_sensor_csv.py
[2024-09-05T00:58:52.501+0000] {processor.py:840} INFO - DAG(s) 'data_sensors_DBU' retrieved from /opt/airflow/dags/dag_sensor_csv.py
[2024-09-05T00:58:52.523+0000] {logging_mixin.py:188} INFO - [2024-09-05T00:58:52.523+0000] {dag.py:3096} INFO - Sync 1 DAGs
[2024-09-05T00:58:52.539+0000] {logging_mixin.py:188} INFO - [2024-09-05T00:58:52.539+0000] {dag.py:3954} INFO - Setting next_dagrun for data_sensors_DBU to 2024-09-04 00:00:00+00:00, run_after=2024-09-05 00:00:00+00:00
[2024-09-05T00:58:52.563+0000] {processor.py:183} INFO - Processing /opt/airflow/dags/dag_sensor_csv.py took 0.078 seconds
[2024-09-05T00:59:22.600+0000] {processor.py:161} INFO - Started process (PID=198) to work on /opt/airflow/dags/dag_sensor_csv.py
[2024-09-05T00:59:22.601+0000] {processor.py:830} INFO - Processing file /opt/airflow/dags/dag_sensor_csv.py for tasks to queue
[2024-09-05T00:59:22.602+0000] {logging_mixin.py:188} INFO - [2024-09-05T00:59:22.602+0000] {dagbag.py:545} INFO - Filling up the DagBag from /opt/airflow/dags/dag_sensor_csv.py
[2024-09-05T00:59:22.612+0000] {processor.py:840} INFO - DAG(s) 'data_sensors_DBU' retrieved from /opt/airflow/dags/dag_sensor_csv.py
[2024-09-05T00:59:22.634+0000] {logging_mixin.py:188} INFO - [2024-09-05T00:59:22.634+0000] {dag.py:3096} INFO - Sync 1 DAGs
[2024-09-05T00:59:22.652+0000] {logging_mixin.py:188} INFO - [2024-09-05T00:59:22.652+0000] {dag.py:3954} INFO - Setting next_dagrun for data_sensors_DBU to 2024-09-04 00:00:00+00:00, run_after=2024-09-05 00:00:00+00:00
[2024-09-05T00:59:22.672+0000] {processor.py:183} INFO - Processing /opt/airflow/dags/dag_sensor_csv.py took 0.077 seconds
[2024-09-05T00:59:52.778+0000] {processor.py:161} INFO - Started process (PID=206) to work on /opt/airflow/dags/dag_sensor_csv.py
[2024-09-05T00:59:52.779+0000] {processor.py:830} INFO - Processing file /opt/airflow/dags/dag_sensor_csv.py for tasks to queue
[2024-09-05T00:59:52.780+0000] {logging_mixin.py:188} INFO - [2024-09-05T00:59:52.780+0000] {dagbag.py:545} INFO - Filling up the DagBag from /opt/airflow/dags/dag_sensor_csv.py
[2024-09-05T00:59:52.791+0000] {processor.py:840} INFO - DAG(s) 'data_sensors_DBU' retrieved from /opt/airflow/dags/dag_sensor_csv.py
[2024-09-05T00:59:52.812+0000] {logging_mixin.py:188} INFO - [2024-09-05T00:59:52.812+0000] {dag.py:3096} INFO - Sync 1 DAGs
[2024-09-05T00:59:52.830+0000] {logging_mixin.py:188} INFO - [2024-09-05T00:59:52.830+0000] {dag.py:3954} INFO - Setting next_dagrun for data_sensors_DBU to 2024-09-04 00:00:00+00:00, run_after=2024-09-05 00:00:00+00:00
[2024-09-05T00:59:52.861+0000] {processor.py:183} INFO - Processing /opt/airflow/dags/dag_sensor_csv.py took 0.088 seconds
[2024-09-05T01:09:53.269+0000] {processor.py:161} INFO - Started process (PID=61) to work on /opt/airflow/dags/dag_sensor_csv.py
[2024-09-05T01:09:53.273+0000] {processor.py:830} INFO - Processing file /opt/airflow/dags/dag_sensor_csv.py for tasks to queue
[2024-09-05T01:09:53.276+0000] {logging_mixin.py:188} INFO - [2024-09-05T01:09:53.275+0000] {dagbag.py:545} INFO - Filling up the DagBag from /opt/airflow/dags/dag_sensor_csv.py
[2024-09-05T01:09:53.382+0000] {processor.py:840} INFO - DAG(s) 'data_sensors_DBU' retrieved from /opt/airflow/dags/dag_sensor_csv.py
[2024-09-05T01:09:54.041+0000] {logging_mixin.py:188} INFO - [2024-09-05T01:09:54.041+0000] {dag.py:3096} INFO - Sync 1 DAGs
[2024-09-05T01:09:54.091+0000] {logging_mixin.py:188} INFO - [2024-09-05T01:09:54.091+0000] {dag.py:3954} INFO - Setting next_dagrun for data_sensors_DBU to 2024-09-04 00:00:00+00:00, run_after=2024-09-05 00:00:00+00:00
[2024-09-05T01:09:54.133+0000] {processor.py:183} INFO - Processing /opt/airflow/dags/dag_sensor_csv.py took 0.879 seconds
[2024-09-05T01:10:24.298+0000] {processor.py:161} INFO - Started process (PID=67) to work on /opt/airflow/dags/dag_sensor_csv.py
[2024-09-05T01:10:24.299+0000] {processor.py:830} INFO - Processing file /opt/airflow/dags/dag_sensor_csv.py for tasks to queue
[2024-09-05T01:10:24.300+0000] {logging_mixin.py:188} INFO - [2024-09-05T01:10:24.300+0000] {dagbag.py:545} INFO - Filling up the DagBag from /opt/airflow/dags/dag_sensor_csv.py
[2024-09-05T01:10:24.312+0000] {processor.py:840} INFO - DAG(s) 'data_sensors_DBU' retrieved from /opt/airflow/dags/dag_sensor_csv.py
[2024-09-05T01:10:24.334+0000] {logging_mixin.py:188} INFO - [2024-09-05T01:10:24.334+0000] {dag.py:3096} INFO - Sync 1 DAGs
[2024-09-05T01:10:24.354+0000] {logging_mixin.py:188} INFO - [2024-09-05T01:10:24.354+0000] {dag.py:3954} INFO - Setting next_dagrun for data_sensors_DBU to 2024-09-04 00:00:00+00:00, run_after=2024-09-05 00:00:00+00:00
[2024-09-05T01:10:24.378+0000] {processor.py:183} INFO - Processing /opt/airflow/dags/dag_sensor_csv.py took 0.084 seconds
[2024-09-05T01:10:54.417+0000] {processor.py:161} INFO - Started process (PID=74) to work on /opt/airflow/dags/dag_sensor_csv.py
[2024-09-05T01:10:54.418+0000] {processor.py:830} INFO - Processing file /opt/airflow/dags/dag_sensor_csv.py for tasks to queue
[2024-09-05T01:10:54.419+0000] {logging_mixin.py:188} INFO - [2024-09-05T01:10:54.419+0000] {dagbag.py:545} INFO - Filling up the DagBag from /opt/airflow/dags/dag_sensor_csv.py
[2024-09-05T01:10:54.429+0000] {processor.py:840} INFO - DAG(s) 'data_sensors_DBU' retrieved from /opt/airflow/dags/dag_sensor_csv.py
[2024-09-05T01:10:54.450+0000] {logging_mixin.py:188} INFO - [2024-09-05T01:10:54.450+0000] {dag.py:3096} INFO - Sync 1 DAGs
[2024-09-05T01:10:54.468+0000] {logging_mixin.py:188} INFO - [2024-09-05T01:10:54.467+0000] {dag.py:3954} INFO - Setting next_dagrun for data_sensors_DBU to 2024-09-04 00:00:00+00:00, run_after=2024-09-05 00:00:00+00:00
[2024-09-05T01:10:54.487+0000] {processor.py:183} INFO - Processing /opt/airflow/dags/dag_sensor_csv.py took 0.074 seconds
[2024-09-05T01:11:24.586+0000] {processor.py:161} INFO - Started process (PID=82) to work on /opt/airflow/dags/dag_sensor_csv.py
[2024-09-05T01:11:24.586+0000] {processor.py:830} INFO - Processing file /opt/airflow/dags/dag_sensor_csv.py for tasks to queue
[2024-09-05T01:11:24.588+0000] {logging_mixin.py:188} INFO - [2024-09-05T01:11:24.588+0000] {dagbag.py:545} INFO - Filling up the DagBag from /opt/airflow/dags/dag_sensor_csv.py
[2024-09-05T01:11:24.598+0000] {processor.py:840} INFO - DAG(s) 'data_sensors_DBU' retrieved from /opt/airflow/dags/dag_sensor_csv.py
[2024-09-05T01:11:24.621+0000] {logging_mixin.py:188} INFO - [2024-09-05T01:11:24.621+0000] {dag.py:3096} INFO - Sync 1 DAGs
[2024-09-05T01:11:24.638+0000] {logging_mixin.py:188} INFO - [2024-09-05T01:11:24.638+0000] {dag.py:3954} INFO - Setting next_dagrun for data_sensors_DBU to 2024-09-04 00:00:00+00:00, run_after=2024-09-05 00:00:00+00:00
[2024-09-05T01:11:24.659+0000] {processor.py:183} INFO - Processing /opt/airflow/dags/dag_sensor_csv.py took 0.077 seconds
[2024-09-05T01:11:54.701+0000] {processor.py:161} INFO - Started process (PID=89) to work on /opt/airflow/dags/dag_sensor_csv.py
[2024-09-05T01:11:54.702+0000] {processor.py:830} INFO - Processing file /opt/airflow/dags/dag_sensor_csv.py for tasks to queue
[2024-09-05T01:11:54.703+0000] {logging_mixin.py:188} INFO - [2024-09-05T01:11:54.703+0000] {dagbag.py:545} INFO - Filling up the DagBag from /opt/airflow/dags/dag_sensor_csv.py
[2024-09-05T01:11:54.713+0000] {processor.py:840} INFO - DAG(s) 'data_sensors_DBU' retrieved from /opt/airflow/dags/dag_sensor_csv.py
[2024-09-05T01:11:54.735+0000] {logging_mixin.py:188} INFO - [2024-09-05T01:11:54.735+0000] {dag.py:3096} INFO - Sync 1 DAGs
[2024-09-05T01:11:54.752+0000] {logging_mixin.py:188} INFO - [2024-09-05T01:11:54.752+0000] {dag.py:3954} INFO - Setting next_dagrun for data_sensors_DBU to 2024-09-04 00:00:00+00:00, run_after=2024-09-05 00:00:00+00:00
[2024-09-05T01:11:54.779+0000] {processor.py:183} INFO - Processing /opt/airflow/dags/dag_sensor_csv.py took 0.082 seconds
[2024-09-05T01:12:24.856+0000] {processor.py:161} INFO - Started process (PID=97) to work on /opt/airflow/dags/dag_sensor_csv.py
[2024-09-05T01:12:24.857+0000] {processor.py:830} INFO - Processing file /opt/airflow/dags/dag_sensor_csv.py for tasks to queue
[2024-09-05T01:12:24.858+0000] {logging_mixin.py:188} INFO - [2024-09-05T01:12:24.858+0000] {dagbag.py:545} INFO - Filling up the DagBag from /opt/airflow/dags/dag_sensor_csv.py
[2024-09-05T01:12:24.871+0000] {processor.py:840} INFO - DAG(s) 'data_sensors_DBU' retrieved from /opt/airflow/dags/dag_sensor_csv.py
[2024-09-05T01:12:24.905+0000] {logging_mixin.py:188} INFO - [2024-09-05T01:12:24.905+0000] {dag.py:3096} INFO - Sync 1 DAGs
[2024-09-05T01:12:24.927+0000] {logging_mixin.py:188} INFO - [2024-09-05T01:12:24.927+0000] {dag.py:3954} INFO - Setting next_dagrun for data_sensors_DBU to 2024-09-04 00:00:00+00:00, run_after=2024-09-05 00:00:00+00:00
[2024-09-05T01:12:24.944+0000] {processor.py:183} INFO - Processing /opt/airflow/dags/dag_sensor_csv.py took 0.092 seconds
[2024-09-05T01:12:54.993+0000] {processor.py:161} INFO - Started process (PID=104) to work on /opt/airflow/dags/dag_sensor_csv.py
[2024-09-05T01:12:54.994+0000] {processor.py:830} INFO - Processing file /opt/airflow/dags/dag_sensor_csv.py for tasks to queue
[2024-09-05T01:12:54.995+0000] {logging_mixin.py:188} INFO - [2024-09-05T01:12:54.995+0000] {dagbag.py:545} INFO - Filling up the DagBag from /opt/airflow/dags/dag_sensor_csv.py
[2024-09-05T01:12:55.005+0000] {processor.py:840} INFO - DAG(s) 'data_sensors_DBU' retrieved from /opt/airflow/dags/dag_sensor_csv.py
[2024-09-05T01:12:55.028+0000] {logging_mixin.py:188} INFO - [2024-09-05T01:12:55.027+0000] {dag.py:3096} INFO - Sync 1 DAGs
[2024-09-05T01:12:55.045+0000] {logging_mixin.py:188} INFO - [2024-09-05T01:12:55.044+0000] {dag.py:3954} INFO - Setting next_dagrun for data_sensors_DBU to 2024-09-04 00:00:00+00:00, run_after=2024-09-05 00:00:00+00:00
[2024-09-05T01:12:55.064+0000] {processor.py:183} INFO - Processing /opt/airflow/dags/dag_sensor_csv.py took 0.075 seconds
[2024-09-05T01:13:25.161+0000] {processor.py:161} INFO - Started process (PID=111) to work on /opt/airflow/dags/dag_sensor_csv.py
[2024-09-05T01:13:25.162+0000] {processor.py:830} INFO - Processing file /opt/airflow/dags/dag_sensor_csv.py for tasks to queue
[2024-09-05T01:13:25.164+0000] {logging_mixin.py:188} INFO - [2024-09-05T01:13:25.164+0000] {dagbag.py:545} INFO - Filling up the DagBag from /opt/airflow/dags/dag_sensor_csv.py
[2024-09-05T01:13:25.179+0000] {processor.py:840} INFO - DAG(s) 'data_sensors_DBU' retrieved from /opt/airflow/dags/dag_sensor_csv.py
[2024-09-05T01:13:25.210+0000] {logging_mixin.py:188} INFO - [2024-09-05T01:13:25.210+0000] {dag.py:3096} INFO - Sync 1 DAGs
[2024-09-05T01:13:25.236+0000] {logging_mixin.py:188} INFO - [2024-09-05T01:13:25.235+0000] {dag.py:3954} INFO - Setting next_dagrun for data_sensors_DBU to 2024-09-04 00:00:00+00:00, run_after=2024-09-05 00:00:00+00:00
[2024-09-05T01:13:25.277+0000] {processor.py:183} INFO - Processing /opt/airflow/dags/dag_sensor_csv.py took 0.122 seconds
[2024-09-05T01:13:55.392+0000] {processor.py:161} INFO - Started process (PID=118) to work on /opt/airflow/dags/dag_sensor_csv.py
[2024-09-05T01:13:55.393+0000] {processor.py:830} INFO - Processing file /opt/airflow/dags/dag_sensor_csv.py for tasks to queue
[2024-09-05T01:13:55.395+0000] {logging_mixin.py:188} INFO - [2024-09-05T01:13:55.394+0000] {dagbag.py:545} INFO - Filling up the DagBag from /opt/airflow/dags/dag_sensor_csv.py
[2024-09-05T01:13:55.411+0000] {processor.py:840} INFO - DAG(s) 'data_sensors_DBU' retrieved from /opt/airflow/dags/dag_sensor_csv.py
[2024-09-05T01:13:55.443+0000] {logging_mixin.py:188} INFO - [2024-09-05T01:13:55.443+0000] {dag.py:3096} INFO - Sync 1 DAGs
[2024-09-05T01:13:55.472+0000] {logging_mixin.py:188} INFO - [2024-09-05T01:13:55.471+0000] {dag.py:3954} INFO - Setting next_dagrun for data_sensors_DBU to 2024-09-04 00:00:00+00:00, run_after=2024-09-05 00:00:00+00:00
[2024-09-05T01:13:55.506+0000] {processor.py:183} INFO - Processing /opt/airflow/dags/dag_sensor_csv.py took 0.121 seconds
[2024-09-05T01:14:25.619+0000] {processor.py:161} INFO - Started process (PID=125) to work on /opt/airflow/dags/dag_sensor_csv.py
[2024-09-05T01:14:25.620+0000] {processor.py:830} INFO - Processing file /opt/airflow/dags/dag_sensor_csv.py for tasks to queue
[2024-09-05T01:14:25.621+0000] {logging_mixin.py:188} INFO - [2024-09-05T01:14:25.621+0000] {dagbag.py:545} INFO - Filling up the DagBag from /opt/airflow/dags/dag_sensor_csv.py
[2024-09-05T01:14:25.636+0000] {processor.py:840} INFO - DAG(s) 'data_sensors_DBU' retrieved from /opt/airflow/dags/dag_sensor_csv.py
[2024-09-05T01:14:25.661+0000] {logging_mixin.py:188} INFO - [2024-09-05T01:14:25.661+0000] {dag.py:3096} INFO - Sync 1 DAGs
[2024-09-05T01:14:25.679+0000] {logging_mixin.py:188} INFO - [2024-09-05T01:14:25.679+0000] {dag.py:3954} INFO - Setting next_dagrun for data_sensors_DBU to 2024-09-04 00:00:00+00:00, run_after=2024-09-05 00:00:00+00:00
[2024-09-05T01:14:25.722+0000] {processor.py:183} INFO - Processing /opt/airflow/dags/dag_sensor_csv.py took 0.107 seconds
[2024-09-05T01:16:05.591+0000] {processor.py:161} INFO - Started process (PID=60) to work on /opt/airflow/dags/dag_sensor_csv.py
[2024-09-05T01:16:05.594+0000] {processor.py:830} INFO - Processing file /opt/airflow/dags/dag_sensor_csv.py for tasks to queue
[2024-09-05T01:16:05.602+0000] {logging_mixin.py:188} INFO - [2024-09-05T01:16:05.601+0000] {dagbag.py:545} INFO - Filling up the DagBag from /opt/airflow/dags/dag_sensor_csv.py
[2024-09-05T01:16:05.706+0000] {processor.py:840} INFO - DAG(s) 'data_sensors_DBU' retrieved from /opt/airflow/dags/dag_sensor_csv.py
[2024-09-05T01:16:06.082+0000] {logging_mixin.py:188} INFO - [2024-09-05T01:16:06.082+0000] {dag.py:3096} INFO - Sync 1 DAGs
[2024-09-05T01:16:06.133+0000] {logging_mixin.py:188} INFO - [2024-09-05T01:16:06.132+0000] {dag.py:3954} INFO - Setting next_dagrun for data_sensors_DBU to 2024-09-04 00:00:00+00:00, run_after=2024-09-05 00:00:00+00:00
[2024-09-05T01:16:06.181+0000] {processor.py:183} INFO - Processing /opt/airflow/dags/dag_sensor_csv.py took 0.619 seconds
[2024-09-05T01:16:36.869+0000] {processor.py:161} INFO - Started process (PID=67) to work on /opt/airflow/dags/dag_sensor_csv.py
[2024-09-05T01:16:36.869+0000] {processor.py:830} INFO - Processing file /opt/airflow/dags/dag_sensor_csv.py for tasks to queue
[2024-09-05T01:16:36.871+0000] {logging_mixin.py:188} INFO - [2024-09-05T01:16:36.871+0000] {dagbag.py:545} INFO - Filling up the DagBag from /opt/airflow/dags/dag_sensor_csv.py
[2024-09-05T01:16:36.881+0000] {processor.py:840} INFO - DAG(s) 'data_sensors_DBU' retrieved from /opt/airflow/dags/dag_sensor_csv.py
[2024-09-05T01:16:36.902+0000] {logging_mixin.py:188} INFO - [2024-09-05T01:16:36.902+0000] {dag.py:3096} INFO - Sync 1 DAGs
[2024-09-05T01:16:36.920+0000] {logging_mixin.py:188} INFO - [2024-09-05T01:16:36.920+0000] {dag.py:3954} INFO - Setting next_dagrun for data_sensors_DBU to 2024-09-04 00:00:00+00:00, run_after=2024-09-05 00:00:00+00:00
[2024-09-05T01:16:36.940+0000] {processor.py:183} INFO - Processing /opt/airflow/dags/dag_sensor_csv.py took 0.076 seconds
[2024-09-05T01:17:07.086+0000] {processor.py:161} INFO - Started process (PID=75) to work on /opt/airflow/dags/dag_sensor_csv.py
[2024-09-05T01:17:07.087+0000] {processor.py:830} INFO - Processing file /opt/airflow/dags/dag_sensor_csv.py for tasks to queue
[2024-09-05T01:17:07.089+0000] {logging_mixin.py:188} INFO - [2024-09-05T01:17:07.089+0000] {dagbag.py:545} INFO - Filling up the DagBag from /opt/airflow/dags/dag_sensor_csv.py
[2024-09-05T01:17:07.136+0000] {processor.py:840} INFO - DAG(s) 'data_sensors_DBU' retrieved from /opt/airflow/dags/dag_sensor_csv.py
[2024-09-05T01:17:07.214+0000] {logging_mixin.py:188} INFO - [2024-09-05T01:17:07.213+0000] {dag.py:3096} INFO - Sync 1 DAGs
[2024-09-05T01:17:07.250+0000] {logging_mixin.py:188} INFO - [2024-09-05T01:17:07.250+0000] {dag.py:3954} INFO - Setting next_dagrun for data_sensors_DBU to 2024-09-04 00:00:00+00:00, run_after=2024-09-05 00:00:00+00:00
[2024-09-05T01:17:07.336+0000] {processor.py:183} INFO - Processing /opt/airflow/dags/dag_sensor_csv.py took 0.268 seconds
[2024-09-05T01:17:38.308+0000] {processor.py:161} INFO - Started process (PID=84) to work on /opt/airflow/dags/dag_sensor_csv.py
[2024-09-05T01:17:38.309+0000] {processor.py:830} INFO - Processing file /opt/airflow/dags/dag_sensor_csv.py for tasks to queue
[2024-09-05T01:17:38.311+0000] {logging_mixin.py:188} INFO - [2024-09-05T01:17:38.311+0000] {dagbag.py:545} INFO - Filling up the DagBag from /opt/airflow/dags/dag_sensor_csv.py
[2024-09-05T01:17:38.327+0000] {processor.py:840} INFO - DAG(s) 'data_sensors_DBU' retrieved from /opt/airflow/dags/dag_sensor_csv.py
[2024-09-05T01:17:38.376+0000] {logging_mixin.py:188} INFO - [2024-09-05T01:17:38.375+0000] {dag.py:3096} INFO - Sync 1 DAGs
[2024-09-05T01:17:38.411+0000] {logging_mixin.py:188} INFO - [2024-09-05T01:17:38.411+0000] {dag.py:3954} INFO - Setting next_dagrun for data_sensors_DBU to 2024-09-04 00:00:00+00:00, run_after=2024-09-05 00:00:00+00:00
[2024-09-05T01:17:38.454+0000] {processor.py:183} INFO - Processing /opt/airflow/dags/dag_sensor_csv.py took 0.154 seconds
[2024-09-05T01:18:09.460+0000] {processor.py:161} INFO - Started process (PID=93) to work on /opt/airflow/dags/dag_sensor_csv.py
[2024-09-05T01:18:09.461+0000] {processor.py:830} INFO - Processing file /opt/airflow/dags/dag_sensor_csv.py for tasks to queue
[2024-09-05T01:18:09.462+0000] {logging_mixin.py:188} INFO - [2024-09-05T01:18:09.462+0000] {dagbag.py:545} INFO - Filling up the DagBag from /opt/airflow/dags/dag_sensor_csv.py
[2024-09-05T01:18:09.473+0000] {processor.py:840} INFO - DAG(s) 'data_sensors_DBU' retrieved from /opt/airflow/dags/dag_sensor_csv.py
[2024-09-05T01:18:09.495+0000] {logging_mixin.py:188} INFO - [2024-09-05T01:18:09.494+0000] {dag.py:3096} INFO - Sync 1 DAGs
[2024-09-05T01:18:09.513+0000] {logging_mixin.py:188} INFO - [2024-09-05T01:18:09.512+0000] {dag.py:3954} INFO - Setting next_dagrun for data_sensors_DBU to 2024-09-04 00:00:00+00:00, run_after=2024-09-05 00:00:00+00:00
[2024-09-05T01:18:09.532+0000] {processor.py:183} INFO - Processing /opt/airflow/dags/dag_sensor_csv.py took 0.076 seconds
[2024-09-05T01:18:39.715+0000] {processor.py:161} INFO - Started process (PID=108) to work on /opt/airflow/dags/dag_sensor_csv.py
[2024-09-05T01:18:39.716+0000] {processor.py:830} INFO - Processing file /opt/airflow/dags/dag_sensor_csv.py for tasks to queue
[2024-09-05T01:18:39.717+0000] {logging_mixin.py:188} INFO - [2024-09-05T01:18:39.717+0000] {dagbag.py:545} INFO - Filling up the DagBag from /opt/airflow/dags/dag_sensor_csv.py
[2024-09-05T01:18:39.729+0000] {processor.py:840} INFO - DAG(s) 'data_sensors_DBU' retrieved from /opt/airflow/dags/dag_sensor_csv.py
[2024-09-05T01:18:39.750+0000] {logging_mixin.py:188} INFO - [2024-09-05T01:18:39.750+0000] {dag.py:3096} INFO - Sync 1 DAGs
[2024-09-05T01:18:39.766+0000] {logging_mixin.py:188} INFO - [2024-09-05T01:18:39.766+0000] {dag.py:3954} INFO - Setting next_dagrun for data_sensors_DBU to 2024-09-04 00:00:00+00:00, run_after=2024-09-05 00:00:00+00:00
[2024-09-05T01:18:39.784+0000] {processor.py:183} INFO - Processing /opt/airflow/dags/dag_sensor_csv.py took 0.076 seconds
[2024-09-05T01:19:09.885+0000] {processor.py:161} INFO - Started process (PID=117) to work on /opt/airflow/dags/dag_sensor_csv.py
[2024-09-05T01:19:09.885+0000] {processor.py:830} INFO - Processing file /opt/airflow/dags/dag_sensor_csv.py for tasks to queue
[2024-09-05T01:19:09.887+0000] {logging_mixin.py:188} INFO - [2024-09-05T01:19:09.886+0000] {dagbag.py:545} INFO - Filling up the DagBag from /opt/airflow/dags/dag_sensor_csv.py
[2024-09-05T01:19:09.897+0000] {processor.py:840} INFO - DAG(s) 'data_sensors_DBU' retrieved from /opt/airflow/dags/dag_sensor_csv.py
[2024-09-05T01:19:09.922+0000] {logging_mixin.py:188} INFO - [2024-09-05T01:19:09.922+0000] {dag.py:3096} INFO - Sync 1 DAGs
[2024-09-05T01:19:09.939+0000] {logging_mixin.py:188} INFO - [2024-09-05T01:19:09.939+0000] {dag.py:3954} INFO - Setting next_dagrun for data_sensors_DBU to 2024-09-04 00:00:00+00:00, run_after=2024-09-05 00:00:00+00:00
[2024-09-05T01:19:09.964+0000] {processor.py:183} INFO - Processing /opt/airflow/dags/dag_sensor_csv.py took 0.084 seconds
[2024-09-05T01:19:40.078+0000] {processor.py:161} INFO - Started process (PID=125) to work on /opt/airflow/dags/dag_sensor_csv.py
[2024-09-05T01:19:40.079+0000] {processor.py:830} INFO - Processing file /opt/airflow/dags/dag_sensor_csv.py for tasks to queue
[2024-09-05T01:19:40.080+0000] {logging_mixin.py:188} INFO - [2024-09-05T01:19:40.080+0000] {dagbag.py:545} INFO - Filling up the DagBag from /opt/airflow/dags/dag_sensor_csv.py
[2024-09-05T01:19:40.090+0000] {processor.py:840} INFO - DAG(s) 'data_sensors_DBU' retrieved from /opt/airflow/dags/dag_sensor_csv.py
[2024-09-05T01:19:40.111+0000] {logging_mixin.py:188} INFO - [2024-09-05T01:19:40.111+0000] {dag.py:3096} INFO - Sync 1 DAGs
[2024-09-05T01:19:40.131+0000] {logging_mixin.py:188} INFO - [2024-09-05T01:19:40.131+0000] {dag.py:3954} INFO - Setting next_dagrun for data_sensors_DBU to 2024-09-04 00:00:00+00:00, run_after=2024-09-05 00:00:00+00:00
[2024-09-05T01:19:40.151+0000] {processor.py:183} INFO - Processing /opt/airflow/dags/dag_sensor_csv.py took 0.077 seconds
[2024-09-05T01:20:10.264+0000] {processor.py:161} INFO - Started process (PID=134) to work on /opt/airflow/dags/dag_sensor_csv.py
[2024-09-05T01:20:10.264+0000] {processor.py:830} INFO - Processing file /opt/airflow/dags/dag_sensor_csv.py for tasks to queue
[2024-09-05T01:20:10.266+0000] {logging_mixin.py:188} INFO - [2024-09-05T01:20:10.265+0000] {dagbag.py:545} INFO - Filling up the DagBag from /opt/airflow/dags/dag_sensor_csv.py
[2024-09-05T01:20:10.276+0000] {processor.py:840} INFO - DAG(s) 'data_sensors_DBU' retrieved from /opt/airflow/dags/dag_sensor_csv.py
[2024-09-05T01:20:10.297+0000] {logging_mixin.py:188} INFO - [2024-09-05T01:20:10.297+0000] {dag.py:3096} INFO - Sync 1 DAGs
[2024-09-05T01:20:10.313+0000] {logging_mixin.py:188} INFO - [2024-09-05T01:20:10.313+0000] {dag.py:3954} INFO - Setting next_dagrun for data_sensors_DBU to 2024-09-04 00:00:00+00:00, run_after=2024-09-05 00:00:00+00:00
[2024-09-05T01:20:10.333+0000] {processor.py:183} INFO - Processing /opt/airflow/dags/dag_sensor_csv.py took 0.074 seconds
[2024-09-05T01:20:40.441+0000] {processor.py:161} INFO - Started process (PID=142) to work on /opt/airflow/dags/dag_sensor_csv.py
[2024-09-05T01:20:40.442+0000] {processor.py:830} INFO - Processing file /opt/airflow/dags/dag_sensor_csv.py for tasks to queue
[2024-09-05T01:20:40.443+0000] {logging_mixin.py:188} INFO - [2024-09-05T01:20:40.443+0000] {dagbag.py:545} INFO - Filling up the DagBag from /opt/airflow/dags/dag_sensor_csv.py
[2024-09-05T01:20:40.454+0000] {processor.py:840} INFO - DAG(s) 'data_sensors_DBU' retrieved from /opt/airflow/dags/dag_sensor_csv.py
[2024-09-05T01:20:40.476+0000] {logging_mixin.py:188} INFO - [2024-09-05T01:20:40.476+0000] {dag.py:3096} INFO - Sync 1 DAGs
[2024-09-05T01:20:40.494+0000] {logging_mixin.py:188} INFO - [2024-09-05T01:20:40.494+0000] {dag.py:3954} INFO - Setting next_dagrun for data_sensors_DBU to 2024-09-04 00:00:00+00:00, run_after=2024-09-05 00:00:00+00:00
[2024-09-05T01:20:40.514+0000] {processor.py:183} INFO - Processing /opt/airflow/dags/dag_sensor_csv.py took 0.078 seconds
[2024-09-05T01:21:10.892+0000] {processor.py:161} INFO - Started process (PID=152) to work on /opt/airflow/dags/dag_sensor_csv.py
[2024-09-05T01:21:10.893+0000] {processor.py:830} INFO - Processing file /opt/airflow/dags/dag_sensor_csv.py for tasks to queue
[2024-09-05T01:21:10.894+0000] {logging_mixin.py:188} INFO - [2024-09-05T01:21:10.894+0000] {dagbag.py:545} INFO - Filling up the DagBag from /opt/airflow/dags/dag_sensor_csv.py
[2024-09-05T01:21:10.905+0000] {processor.py:840} INFO - DAG(s) 'data_sensors_DBU' retrieved from /opt/airflow/dags/dag_sensor_csv.py
[2024-09-05T01:21:10.927+0000] {logging_mixin.py:188} INFO - [2024-09-05T01:21:10.927+0000] {dag.py:3096} INFO - Sync 1 DAGs
[2024-09-05T01:21:10.944+0000] {logging_mixin.py:188} INFO - [2024-09-05T01:21:10.944+0000] {dag.py:3954} INFO - Setting next_dagrun for data_sensors_DBU to 2024-09-04 00:00:00+00:00, run_after=2024-09-05 00:00:00+00:00
[2024-09-05T01:21:10.966+0000] {processor.py:183} INFO - Processing /opt/airflow/dags/dag_sensor_csv.py took 0.078 seconds
[2024-09-05T01:21:41.141+0000] {processor.py:161} INFO - Started process (PID=160) to work on /opt/airflow/dags/dag_sensor_csv.py
[2024-09-05T01:21:41.141+0000] {processor.py:830} INFO - Processing file /opt/airflow/dags/dag_sensor_csv.py for tasks to queue
[2024-09-05T01:21:41.143+0000] {logging_mixin.py:188} INFO - [2024-09-05T01:21:41.142+0000] {dagbag.py:545} INFO - Filling up the DagBag from /opt/airflow/dags/dag_sensor_csv.py
[2024-09-05T01:21:41.154+0000] {processor.py:840} INFO - DAG(s) 'data_sensors_DBU' retrieved from /opt/airflow/dags/dag_sensor_csv.py
[2024-09-05T01:21:41.180+0000] {logging_mixin.py:188} INFO - [2024-09-05T01:21:41.180+0000] {dag.py:3096} INFO - Sync 1 DAGs
[2024-09-05T01:21:41.206+0000] {logging_mixin.py:188} INFO - [2024-09-05T01:21:41.206+0000] {dag.py:3954} INFO - Setting next_dagrun for data_sensors_DBU to 2024-09-04 00:00:00+00:00, run_after=2024-09-05 00:00:00+00:00
[2024-09-05T01:21:41.231+0000] {processor.py:183} INFO - Processing /opt/airflow/dags/dag_sensor_csv.py took 0.094 seconds
[2024-09-05T01:22:11.461+0000] {processor.py:161} INFO - Started process (PID=170) to work on /opt/airflow/dags/dag_sensor_csv.py
[2024-09-05T01:22:11.462+0000] {processor.py:830} INFO - Processing file /opt/airflow/dags/dag_sensor_csv.py for tasks to queue
[2024-09-05T01:22:11.463+0000] {logging_mixin.py:188} INFO - [2024-09-05T01:22:11.463+0000] {dagbag.py:545} INFO - Filling up the DagBag from /opt/airflow/dags/dag_sensor_csv.py
[2024-09-05T01:22:11.474+0000] {processor.py:840} INFO - DAG(s) 'data_sensors_DBU' retrieved from /opt/airflow/dags/dag_sensor_csv.py
[2024-09-05T01:22:11.495+0000] {logging_mixin.py:188} INFO - [2024-09-05T01:22:11.495+0000] {dag.py:3096} INFO - Sync 1 DAGs
[2024-09-05T01:22:11.513+0000] {logging_mixin.py:188} INFO - [2024-09-05T01:22:11.513+0000] {dag.py:3954} INFO - Setting next_dagrun for data_sensors_DBU to 2024-09-04 00:00:00+00:00, run_after=2024-09-05 00:00:00+00:00
[2024-09-05T01:22:11.539+0000] {processor.py:183} INFO - Processing /opt/airflow/dags/dag_sensor_csv.py took 0.083 seconds
[2024-09-05T01:22:41.748+0000] {processor.py:161} INFO - Started process (PID=181) to work on /opt/airflow/dags/dag_sensor_csv.py
[2024-09-05T01:22:41.748+0000] {processor.py:830} INFO - Processing file /opt/airflow/dags/dag_sensor_csv.py for tasks to queue
[2024-09-05T01:22:41.750+0000] {logging_mixin.py:188} INFO - [2024-09-05T01:22:41.749+0000] {dagbag.py:545} INFO - Filling up the DagBag from /opt/airflow/dags/dag_sensor_csv.py
[2024-09-05T01:22:41.761+0000] {processor.py:840} INFO - DAG(s) 'data_sensors_DBU' retrieved from /opt/airflow/dags/dag_sensor_csv.py
[2024-09-05T01:22:41.783+0000] {logging_mixin.py:188} INFO - [2024-09-05T01:22:41.783+0000] {dag.py:3096} INFO - Sync 1 DAGs
[2024-09-05T01:22:41.800+0000] {logging_mixin.py:188} INFO - [2024-09-05T01:22:41.800+0000] {dag.py:3954} INFO - Setting next_dagrun for data_sensors_DBU to 2024-09-04 00:00:00+00:00, run_after=2024-09-05 00:00:00+00:00
[2024-09-05T01:22:41.821+0000] {processor.py:183} INFO - Processing /opt/airflow/dags/dag_sensor_csv.py took 0.078 seconds
[2024-09-05T01:23:11.941+0000] {processor.py:161} INFO - Started process (PID=189) to work on /opt/airflow/dags/dag_sensor_csv.py
[2024-09-05T01:23:11.942+0000] {processor.py:830} INFO - Processing file /opt/airflow/dags/dag_sensor_csv.py for tasks to queue
[2024-09-05T01:23:11.944+0000] {logging_mixin.py:188} INFO - [2024-09-05T01:23:11.943+0000] {dagbag.py:545} INFO - Filling up the DagBag from /opt/airflow/dags/dag_sensor_csv.py
[2024-09-05T01:23:11.972+0000] {processor.py:840} INFO - DAG(s) 'data_sensors_DBU' retrieved from /opt/airflow/dags/dag_sensor_csv.py
[2024-09-05T01:23:12.044+0000] {logging_mixin.py:188} INFO - [2024-09-05T01:23:12.043+0000] {dag.py:3096} INFO - Sync 1 DAGs
[2024-09-05T01:23:12.110+0000] {logging_mixin.py:188} INFO - [2024-09-05T01:23:12.110+0000] {dag.py:3954} INFO - Setting next_dagrun for data_sensors_DBU to 2024-09-04 00:00:00+00:00, run_after=2024-09-05 00:00:00+00:00
[2024-09-05T01:23:12.183+0000] {processor.py:183} INFO - Processing /opt/airflow/dags/dag_sensor_csv.py took 0.256 seconds
[2024-09-05T01:23:43.058+0000] {processor.py:161} INFO - Started process (PID=198) to work on /opt/airflow/dags/dag_sensor_csv.py
[2024-09-05T01:23:43.059+0000] {processor.py:830} INFO - Processing file /opt/airflow/dags/dag_sensor_csv.py for tasks to queue
[2024-09-05T01:23:43.061+0000] {logging_mixin.py:188} INFO - [2024-09-05T01:23:43.060+0000] {dagbag.py:545} INFO - Filling up the DagBag from /opt/airflow/dags/dag_sensor_csv.py
[2024-09-05T01:23:43.087+0000] {processor.py:840} INFO - DAG(s) 'data_sensors_DBU' retrieved from /opt/airflow/dags/dag_sensor_csv.py
[2024-09-05T01:23:43.123+0000] {logging_mixin.py:188} INFO - [2024-09-05T01:23:43.122+0000] {dag.py:3096} INFO - Sync 1 DAGs
[2024-09-05T01:23:43.160+0000] {logging_mixin.py:188} INFO - [2024-09-05T01:23:43.159+0000] {dag.py:3954} INFO - Setting next_dagrun for data_sensors_DBU to 2024-09-04 00:00:00+00:00, run_after=2024-09-05 00:00:00+00:00
[2024-09-05T01:23:43.183+0000] {processor.py:183} INFO - Processing /opt/airflow/dags/dag_sensor_csv.py took 0.131 seconds
[2024-09-05T01:24:13.323+0000] {processor.py:161} INFO - Started process (PID=207) to work on /opt/airflow/dags/dag_sensor_csv.py
[2024-09-05T01:24:13.323+0000] {processor.py:830} INFO - Processing file /opt/airflow/dags/dag_sensor_csv.py for tasks to queue
[2024-09-05T01:24:13.325+0000] {logging_mixin.py:188} INFO - [2024-09-05T01:24:13.325+0000] {dagbag.py:545} INFO - Filling up the DagBag from /opt/airflow/dags/dag_sensor_csv.py
[2024-09-05T01:24:13.337+0000] {processor.py:840} INFO - DAG(s) 'data_sensors_DBU' retrieved from /opt/airflow/dags/dag_sensor_csv.py
[2024-09-05T01:24:13.358+0000] {logging_mixin.py:188} INFO - [2024-09-05T01:24:13.358+0000] {dag.py:3096} INFO - Sync 1 DAGs
[2024-09-05T01:24:13.375+0000] {logging_mixin.py:188} INFO - [2024-09-05T01:24:13.375+0000] {dag.py:3954} INFO - Setting next_dagrun for data_sensors_DBU to 2024-09-04 00:00:00+00:00, run_after=2024-09-05 00:00:00+00:00
[2024-09-05T01:24:13.402+0000] {processor.py:183} INFO - Processing /opt/airflow/dags/dag_sensor_csv.py took 0.083 seconds
[2024-09-05T01:24:40.515+0000] {processor.py:161} INFO - Started process (PID=215) to work on /opt/airflow/dags/dag_sensor_csv.py
[2024-09-05T01:24:40.516+0000] {processor.py:830} INFO - Processing file /opt/airflow/dags/dag_sensor_csv.py for tasks to queue
[2024-09-05T01:24:40.517+0000] {logging_mixin.py:188} INFO - [2024-09-05T01:24:40.517+0000] {dagbag.py:545} INFO - Filling up the DagBag from /opt/airflow/dags/dag_sensor_csv.py
[2024-09-05T01:24:40.529+0000] {processor.py:840} INFO - DAG(s) 'data_sensors_DBU' retrieved from /opt/airflow/dags/dag_sensor_csv.py
[2024-09-05T01:24:40.618+0000] {logging_mixin.py:188} INFO - [2024-09-05T01:24:40.617+0000] {dag.py:3096} INFO - Sync 1 DAGs
[2024-09-05T01:24:40.633+0000] {logging_mixin.py:188} INFO - [2024-09-05T01:24:40.633+0000] {dag.py:3954} INFO - Setting next_dagrun for data_sensors_DBU to 2024-09-04 00:00:00+00:00, run_after=2024-09-05 00:00:00+00:00
[2024-09-05T01:24:40.657+0000] {processor.py:183} INFO - Processing /opt/airflow/dags/dag_sensor_csv.py took 0.147 seconds
[2024-09-05T01:25:10.781+0000] {processor.py:161} INFO - Started process (PID=224) to work on /opt/airflow/dags/dag_sensor_csv.py
[2024-09-05T01:25:10.782+0000] {processor.py:830} INFO - Processing file /opt/airflow/dags/dag_sensor_csv.py for tasks to queue
[2024-09-05T01:25:10.783+0000] {logging_mixin.py:188} INFO - [2024-09-05T01:25:10.783+0000] {dagbag.py:545} INFO - Filling up the DagBag from /opt/airflow/dags/dag_sensor_csv.py
[2024-09-05T01:25:10.794+0000] {processor.py:840} INFO - DAG(s) 'data_sensors_DBU' retrieved from /opt/airflow/dags/dag_sensor_csv.py
[2024-09-05T01:25:10.819+0000] {logging_mixin.py:188} INFO - [2024-09-05T01:25:10.819+0000] {dag.py:3096} INFO - Sync 1 DAGs
[2024-09-05T01:25:10.842+0000] {logging_mixin.py:188} INFO - [2024-09-05T01:25:10.842+0000] {dag.py:3954} INFO - Setting next_dagrun for data_sensors_DBU to 2024-09-04 00:00:00+00:00, run_after=2024-09-05 00:00:00+00:00
[2024-09-05T01:25:10.863+0000] {processor.py:183} INFO - Processing /opt/airflow/dags/dag_sensor_csv.py took 0.086 seconds
[2024-09-05T01:25:41.000+0000] {processor.py:161} INFO - Started process (PID=232) to work on /opt/airflow/dags/dag_sensor_csv.py
[2024-09-05T01:25:41.000+0000] {processor.py:830} INFO - Processing file /opt/airflow/dags/dag_sensor_csv.py for tasks to queue
[2024-09-05T01:25:41.002+0000] {logging_mixin.py:188} INFO - [2024-09-05T01:25:41.002+0000] {dagbag.py:545} INFO - Filling up the DagBag from /opt/airflow/dags/dag_sensor_csv.py
[2024-09-05T01:25:41.013+0000] {processor.py:840} INFO - DAG(s) 'data_sensors_DBU' retrieved from /opt/airflow/dags/dag_sensor_csv.py
[2024-09-05T01:25:41.036+0000] {logging_mixin.py:188} INFO - [2024-09-05T01:25:41.036+0000] {dag.py:3096} INFO - Sync 1 DAGs
[2024-09-05T01:25:41.055+0000] {logging_mixin.py:188} INFO - [2024-09-05T01:25:41.055+0000] {dag.py:3954} INFO - Setting next_dagrun for data_sensors_DBU to 2024-09-04 00:00:00+00:00, run_after=2024-09-05 00:00:00+00:00
[2024-09-05T01:25:41.077+0000] {processor.py:183} INFO - Processing /opt/airflow/dags/dag_sensor_csv.py took 0.081 seconds
[2024-09-05T01:28:45.196+0000] {processor.py:161} INFO - Started process (PID=58) to work on /opt/airflow/dags/dag_sensor_csv.py
[2024-09-05T01:28:45.203+0000] {processor.py:830} INFO - Processing file /opt/airflow/dags/dag_sensor_csv.py for tasks to queue
[2024-09-05T01:28:45.214+0000] {logging_mixin.py:188} INFO - [2024-09-05T01:28:45.213+0000] {dagbag.py:545} INFO - Filling up the DagBag from /opt/airflow/dags/dag_sensor_csv.py
[2024-09-05T01:28:45.383+0000] {processor.py:840} INFO - DAG(s) 'data_sensors_DBU' retrieved from /opt/airflow/dags/dag_sensor_csv.py
[2024-09-05T01:28:46.682+0000] {logging_mixin.py:188} INFO - [2024-09-05T01:28:46.681+0000] {dag.py:3096} INFO - Sync 1 DAGs
[2024-09-05T01:28:46.850+0000] {logging_mixin.py:188} INFO - [2024-09-05T01:28:46.850+0000] {dag.py:3954} INFO - Setting next_dagrun for data_sensors_DBU to 2024-09-04 00:00:00+00:00, run_after=2024-09-05 00:00:00+00:00
[2024-09-05T01:28:47.013+0000] {processor.py:183} INFO - Processing /opt/airflow/dags/dag_sensor_csv.py took 1.823 seconds
[2024-09-05T01:29:17.128+0000] {processor.py:161} INFO - Started process (PID=65) to work on /opt/airflow/dags/dag_sensor_csv.py
[2024-09-05T01:29:17.133+0000] {processor.py:830} INFO - Processing file /opt/airflow/dags/dag_sensor_csv.py for tasks to queue
[2024-09-05T01:29:17.135+0000] {logging_mixin.py:188} INFO - [2024-09-05T01:29:17.135+0000] {dagbag.py:545} INFO - Filling up the DagBag from /opt/airflow/dags/dag_sensor_csv.py
[2024-09-05T01:29:17.170+0000] {processor.py:840} INFO - DAG(s) 'data_sensors_DBU' retrieved from /opt/airflow/dags/dag_sensor_csv.py
[2024-09-05T01:29:17.205+0000] {logging_mixin.py:188} INFO - [2024-09-05T01:29:17.204+0000] {dag.py:3096} INFO - Sync 1 DAGs
[2024-09-05T01:29:17.233+0000] {logging_mixin.py:188} INFO - [2024-09-05T01:29:17.233+0000] {dag.py:3954} INFO - Setting next_dagrun for data_sensors_DBU to 2024-09-04 00:00:00+00:00, run_after=2024-09-05 00:00:00+00:00
[2024-09-05T01:29:17.259+0000] {processor.py:183} INFO - Processing /opt/airflow/dags/dag_sensor_csv.py took 0.142 seconds
[2024-09-05T01:29:47.287+0000] {processor.py:161} INFO - Started process (PID=74) to work on /opt/airflow/dags/dag_sensor_csv.py
[2024-09-05T01:29:47.288+0000] {processor.py:830} INFO - Processing file /opt/airflow/dags/dag_sensor_csv.py for tasks to queue
[2024-09-05T01:29:47.290+0000] {logging_mixin.py:188} INFO - [2024-09-05T01:29:47.290+0000] {dagbag.py:545} INFO - Filling up the DagBag from /opt/airflow/dags/dag_sensor_csv.py
[2024-09-05T01:29:47.305+0000] {processor.py:840} INFO - DAG(s) 'data_sensors_DBU' retrieved from /opt/airflow/dags/dag_sensor_csv.py
[2024-09-05T01:29:47.350+0000] {logging_mixin.py:188} INFO - [2024-09-05T01:29:47.349+0000] {dag.py:3096} INFO - Sync 1 DAGs
[2024-09-05T01:29:47.383+0000] {logging_mixin.py:188} INFO - [2024-09-05T01:29:47.383+0000] {dag.py:3954} INFO - Setting next_dagrun for data_sensors_DBU to 2024-09-05 00:00:00+00:00, run_after=2024-09-06 00:00:00+00:00
[2024-09-05T01:29:47.406+0000] {processor.py:183} INFO - Processing /opt/airflow/dags/dag_sensor_csv.py took 0.125 seconds
[2024-09-05T01:30:17.531+0000] {processor.py:161} INFO - Started process (PID=83) to work on /opt/airflow/dags/dag_sensor_csv.py
[2024-09-05T01:30:17.531+0000] {processor.py:830} INFO - Processing file /opt/airflow/dags/dag_sensor_csv.py for tasks to queue
[2024-09-05T01:30:17.534+0000] {logging_mixin.py:188} INFO - [2024-09-05T01:30:17.533+0000] {dagbag.py:545} INFO - Filling up the DagBag from /opt/airflow/dags/dag_sensor_csv.py
[2024-09-05T01:30:17.550+0000] {processor.py:840} INFO - DAG(s) 'data_sensors_DBU' retrieved from /opt/airflow/dags/dag_sensor_csv.py
[2024-09-05T01:30:17.608+0000] {logging_mixin.py:188} INFO - [2024-09-05T01:30:17.607+0000] {dag.py:3096} INFO - Sync 1 DAGs
[2024-09-05T01:30:17.640+0000] {logging_mixin.py:188} INFO - [2024-09-05T01:30:17.639+0000] {dag.py:3954} INFO - Setting next_dagrun for data_sensors_DBU to 2024-09-05 00:00:00+00:00, run_after=2024-09-06 00:00:00+00:00
[2024-09-05T01:30:17.682+0000] {processor.py:183} INFO - Processing /opt/airflow/dags/dag_sensor_csv.py took 0.158 seconds
[2024-09-05T01:30:47.819+0000] {processor.py:161} INFO - Started process (PID=92) to work on /opt/airflow/dags/dag_sensor_csv.py
[2024-09-05T01:30:47.825+0000] {processor.py:830} INFO - Processing file /opt/airflow/dags/dag_sensor_csv.py for tasks to queue
[2024-09-05T01:30:47.831+0000] {logging_mixin.py:188} INFO - [2024-09-05T01:30:47.830+0000] {dagbag.py:545} INFO - Filling up the DagBag from /opt/airflow/dags/dag_sensor_csv.py
[2024-09-05T01:30:47.849+0000] {processor.py:840} INFO - DAG(s) 'data_sensors_DBU' retrieved from /opt/airflow/dags/dag_sensor_csv.py
[2024-09-05T01:30:47.922+0000] {logging_mixin.py:188} INFO - [2024-09-05T01:30:47.918+0000] {dag.py:3096} INFO - Sync 1 DAGs
[2024-09-05T01:30:47.982+0000] {logging_mixin.py:188} INFO - [2024-09-05T01:30:47.981+0000] {dag.py:3954} INFO - Setting next_dagrun for data_sensors_DBU to 2024-09-05 00:00:00+00:00, run_after=2024-09-06 00:00:00+00:00
[2024-09-05T01:30:48.006+0000] {processor.py:183} INFO - Processing /opt/airflow/dags/dag_sensor_csv.py took 0.206 seconds
[2024-09-05T01:31:18.097+0000] {processor.py:161} INFO - Started process (PID=100) to work on /opt/airflow/dags/dag_sensor_csv.py
[2024-09-05T01:31:18.098+0000] {processor.py:830} INFO - Processing file /opt/airflow/dags/dag_sensor_csv.py for tasks to queue
[2024-09-05T01:31:18.101+0000] {logging_mixin.py:188} INFO - [2024-09-05T01:31:18.101+0000] {dagbag.py:545} INFO - Filling up the DagBag from /opt/airflow/dags/dag_sensor_csv.py
[2024-09-05T01:31:18.117+0000] {processor.py:840} INFO - DAG(s) 'data_sensors_DBU' retrieved from /opt/airflow/dags/dag_sensor_csv.py
[2024-09-05T01:31:18.151+0000] {logging_mixin.py:188} INFO - [2024-09-05T01:31:18.150+0000] {dag.py:3096} INFO - Sync 1 DAGs
[2024-09-05T01:31:18.195+0000] {logging_mixin.py:188} INFO - [2024-09-05T01:31:18.195+0000] {dag.py:3954} INFO - Setting next_dagrun for data_sensors_DBU to 2024-09-05 00:00:00+00:00, run_after=2024-09-06 00:00:00+00:00
[2024-09-05T01:31:18.246+0000] {processor.py:183} INFO - Processing /opt/airflow/dags/dag_sensor_csv.py took 0.155 seconds
[2024-09-05T01:31:48.390+0000] {processor.py:161} INFO - Started process (PID=108) to work on /opt/airflow/dags/dag_sensor_csv.py
[2024-09-05T01:31:48.391+0000] {processor.py:830} INFO - Processing file /opt/airflow/dags/dag_sensor_csv.py for tasks to queue
[2024-09-05T01:31:48.394+0000] {logging_mixin.py:188} INFO - [2024-09-05T01:31:48.393+0000] {dagbag.py:545} INFO - Filling up the DagBag from /opt/airflow/dags/dag_sensor_csv.py
[2024-09-05T01:31:48.409+0000] {processor.py:840} INFO - DAG(s) 'data_sensors_DBU' retrieved from /opt/airflow/dags/dag_sensor_csv.py
[2024-09-05T01:31:48.441+0000] {logging_mixin.py:188} INFO - [2024-09-05T01:31:48.441+0000] {dag.py:3096} INFO - Sync 1 DAGs
[2024-09-05T01:31:48.468+0000] {logging_mixin.py:188} INFO - [2024-09-05T01:31:48.467+0000] {dag.py:3954} INFO - Setting next_dagrun for data_sensors_DBU to 2024-09-05 00:00:00+00:00, run_after=2024-09-06 00:00:00+00:00
[2024-09-05T01:31:48.495+0000] {processor.py:183} INFO - Processing /opt/airflow/dags/dag_sensor_csv.py took 0.111 seconds
[2024-09-05T01:32:18.629+0000] {processor.py:161} INFO - Started process (PID=116) to work on /opt/airflow/dags/dag_sensor_csv.py
[2024-09-05T01:32:18.638+0000] {processor.py:830} INFO - Processing file /opt/airflow/dags/dag_sensor_csv.py for tasks to queue
[2024-09-05T01:32:18.643+0000] {logging_mixin.py:188} INFO - [2024-09-05T01:32:18.642+0000] {dagbag.py:545} INFO - Filling up the DagBag from /opt/airflow/dags/dag_sensor_csv.py
[2024-09-05T01:32:18.682+0000] {processor.py:840} INFO - DAG(s) 'data_sensors_DBU' retrieved from /opt/airflow/dags/dag_sensor_csv.py
[2024-09-05T01:32:18.721+0000] {logging_mixin.py:188} INFO - [2024-09-05T01:32:18.721+0000] {dag.py:3096} INFO - Sync 1 DAGs
[2024-09-05T01:32:18.747+0000] {logging_mixin.py:188} INFO - [2024-09-05T01:32:18.747+0000] {dag.py:3954} INFO - Setting next_dagrun for data_sensors_DBU to 2024-09-05 00:00:00+00:00, run_after=2024-09-06 00:00:00+00:00
[2024-09-05T01:32:18.774+0000] {processor.py:183} INFO - Processing /opt/airflow/dags/dag_sensor_csv.py took 0.151 seconds
[2024-09-05T01:32:48.905+0000] {processor.py:161} INFO - Started process (PID=124) to work on /opt/airflow/dags/dag_sensor_csv.py
[2024-09-05T01:32:48.906+0000] {processor.py:830} INFO - Processing file /opt/airflow/dags/dag_sensor_csv.py for tasks to queue
[2024-09-05T01:32:48.909+0000] {logging_mixin.py:188} INFO - [2024-09-05T01:32:48.909+0000] {dagbag.py:545} INFO - Filling up the DagBag from /opt/airflow/dags/dag_sensor_csv.py
[2024-09-05T01:32:48.941+0000] {processor.py:840} INFO - DAG(s) 'data_sensors_DBU' retrieved from /opt/airflow/dags/dag_sensor_csv.py
[2024-09-05T01:32:48.985+0000] {logging_mixin.py:188} INFO - [2024-09-05T01:32:48.984+0000] {dag.py:3096} INFO - Sync 1 DAGs
[2024-09-05T01:32:49.045+0000] {logging_mixin.py:188} INFO - [2024-09-05T01:32:49.044+0000] {dag.py:3954} INFO - Setting next_dagrun for data_sensors_DBU to 2024-09-05 00:00:00+00:00, run_after=2024-09-06 00:00:00+00:00
[2024-09-05T01:32:49.093+0000] {processor.py:183} INFO - Processing /opt/airflow/dags/dag_sensor_csv.py took 0.203 seconds
[2024-09-05T01:33:19.249+0000] {processor.py:161} INFO - Started process (PID=133) to work on /opt/airflow/dags/dag_sensor_csv.py
[2024-09-05T01:33:19.250+0000] {processor.py:830} INFO - Processing file /opt/airflow/dags/dag_sensor_csv.py for tasks to queue
[2024-09-05T01:33:19.252+0000] {logging_mixin.py:188} INFO - [2024-09-05T01:33:19.252+0000] {dagbag.py:545} INFO - Filling up the DagBag from /opt/airflow/dags/dag_sensor_csv.py
[2024-09-05T01:33:19.280+0000] {processor.py:840} INFO - DAG(s) 'data_sensors_DBU' retrieved from /opt/airflow/dags/dag_sensor_csv.py
[2024-09-05T01:33:19.370+0000] {logging_mixin.py:188} INFO - [2024-09-05T01:33:19.369+0000] {dag.py:3096} INFO - Sync 1 DAGs
[2024-09-05T01:33:19.413+0000] {logging_mixin.py:188} INFO - [2024-09-05T01:33:19.413+0000] {dag.py:3954} INFO - Setting next_dagrun for data_sensors_DBU to 2024-09-05 00:00:00+00:00, run_after=2024-09-06 00:00:00+00:00
[2024-09-05T01:33:19.472+0000] {processor.py:183} INFO - Processing /opt/airflow/dags/dag_sensor_csv.py took 0.241 seconds
[2024-09-05T01:33:49.586+0000] {processor.py:161} INFO - Started process (PID=141) to work on /opt/airflow/dags/dag_sensor_csv.py
[2024-09-05T01:33:49.587+0000] {processor.py:830} INFO - Processing file /opt/airflow/dags/dag_sensor_csv.py for tasks to queue
[2024-09-05T01:33:49.589+0000] {logging_mixin.py:188} INFO - [2024-09-05T01:33:49.588+0000] {dagbag.py:545} INFO - Filling up the DagBag from /opt/airflow/dags/dag_sensor_csv.py
[2024-09-05T01:33:49.609+0000] {processor.py:840} INFO - DAG(s) 'data_sensors_DBU' retrieved from /opt/airflow/dags/dag_sensor_csv.py
[2024-09-05T01:33:49.660+0000] {logging_mixin.py:188} INFO - [2024-09-05T01:33:49.659+0000] {dag.py:3096} INFO - Sync 1 DAGs
[2024-09-05T01:33:49.734+0000] {logging_mixin.py:188} INFO - [2024-09-05T01:33:49.733+0000] {dag.py:3954} INFO - Setting next_dagrun for data_sensors_DBU to 2024-09-05 00:00:00+00:00, run_after=2024-09-06 00:00:00+00:00
[2024-09-05T01:33:49.779+0000] {processor.py:183} INFO - Processing /opt/airflow/dags/dag_sensor_csv.py took 0.198 seconds
[2024-09-05T01:34:19.904+0000] {processor.py:161} INFO - Started process (PID=149) to work on /opt/airflow/dags/dag_sensor_csv.py
[2024-09-05T01:34:19.908+0000] {processor.py:830} INFO - Processing file /opt/airflow/dags/dag_sensor_csv.py for tasks to queue
[2024-09-05T01:34:19.910+0000] {logging_mixin.py:188} INFO - [2024-09-05T01:34:19.909+0000] {dagbag.py:545} INFO - Filling up the DagBag from /opt/airflow/dags/dag_sensor_csv.py
[2024-09-05T01:34:19.931+0000] {processor.py:840} INFO - DAG(s) 'data_sensors_DBU' retrieved from /opt/airflow/dags/dag_sensor_csv.py
[2024-09-05T01:34:19.972+0000] {logging_mixin.py:188} INFO - [2024-09-05T01:34:19.971+0000] {dag.py:3096} INFO - Sync 1 DAGs
[2024-09-05T01:34:19.999+0000] {logging_mixin.py:188} INFO - [2024-09-05T01:34:19.998+0000] {dag.py:3954} INFO - Setting next_dagrun for data_sensors_DBU to 2024-09-05 00:00:00+00:00, run_after=2024-09-06 00:00:00+00:00
[2024-09-05T01:34:20.023+0000] {processor.py:183} INFO - Processing /opt/airflow/dags/dag_sensor_csv.py took 0.128 seconds
[2024-09-05T01:34:50.155+0000] {processor.py:161} INFO - Started process (PID=157) to work on /opt/airflow/dags/dag_sensor_csv.py
[2024-09-05T01:34:50.156+0000] {processor.py:830} INFO - Processing file /opt/airflow/dags/dag_sensor_csv.py for tasks to queue
[2024-09-05T01:34:50.158+0000] {logging_mixin.py:188} INFO - [2024-09-05T01:34:50.157+0000] {dagbag.py:545} INFO - Filling up the DagBag from /opt/airflow/dags/dag_sensor_csv.py
[2024-09-05T01:34:50.173+0000] {processor.py:840} INFO - DAG(s) 'data_sensors_DBU' retrieved from /opt/airflow/dags/dag_sensor_csv.py
[2024-09-05T01:34:50.205+0000] {logging_mixin.py:188} INFO - [2024-09-05T01:34:50.205+0000] {dag.py:3096} INFO - Sync 1 DAGs
[2024-09-05T01:34:50.231+0000] {logging_mixin.py:188} INFO - [2024-09-05T01:34:50.231+0000] {dag.py:3954} INFO - Setting next_dagrun for data_sensors_DBU to 2024-09-05 00:00:00+00:00, run_after=2024-09-06 00:00:00+00:00
[2024-09-05T01:34:50.260+0000] {processor.py:183} INFO - Processing /opt/airflow/dags/dag_sensor_csv.py took 0.110 seconds
