[2024-09-05T00:18:23.593+0000] {local_task_job_runner.py:123} INFO - ::group::Pre task execution logs
[2024-09-05T00:18:23.605+0000] {taskinstance.py:2603} INFO - Dependencies all met for dep_context=non-requeueable deps ti=<TaskInstance: my_dag_name.bash_task manual__2024-09-05T00:18:22.692755+00:00 [queued]>
[2024-09-05T00:18:23.611+0000] {taskinstance.py:2603} INFO - Dependencies all met for dep_context=requeueable deps ti=<TaskInstance: my_dag_name.bash_task manual__2024-09-05T00:18:22.692755+00:00 [queued]>
[2024-09-05T00:18:23.611+0000] {taskinstance.py:2856} INFO - Starting attempt 1 of 1
[2024-09-05T00:18:23.628+0000] {taskinstance.py:2879} INFO - Executing <Task(BashOperator): bash_task> on 2024-09-05 00:18:22.692755+00:00
[2024-09-05T00:18:23.634+0000] {warnings.py:112} WARNING - /home/***/.local/lib/python3.12/site-packages/***/task/task_runner/standard_task_runner.py:70: DeprecationWarning: This process (pid=156) is multi-threaded, use of fork() may lead to deadlocks in the child.
  pid = os.fork()

[2024-09-05T00:18:23.635+0000] {standard_task_runner.py:72} INFO - Started process 157 to run task
[2024-09-05T00:18:23.636+0000] {standard_task_runner.py:104} INFO - Running: ['***', 'tasks', 'run', 'my_dag_name', 'bash_task', 'manual__2024-09-05T00:18:22.692755+00:00', '--job-id', '5', '--raw', '--subdir', 'DAGS_FOLDER/dag_sample.py', '--cfg-path', '/tmp/tmpg4ztpo3i']
[2024-09-05T00:18:23.636+0000] {standard_task_runner.py:105} INFO - Job 5: Subtask bash_task
[2024-09-05T00:18:23.675+0000] {task_command.py:467} INFO - Running <TaskInstance: my_dag_name.bash_task manual__2024-09-05T00:18:22.692755+00:00 [running]> on host 44608cd98fec
[2024-09-05T00:18:23.747+0000] {taskinstance.py:3122} INFO - Exporting env vars: AIRFLOW_CTX_DAG_OWNER='***' AIRFLOW_CTX_DAG_ID='my_dag_name' AIRFLOW_CTX_TASK_ID='bash_task' AIRFLOW_CTX_EXECUTION_DATE='2024-09-05T00:18:22.692755+00:00' AIRFLOW_CTX_TRY_NUMBER='1' AIRFLOW_CTX_DAG_RUN_ID='manual__2024-09-05T00:18:22.692755+00:00'
[2024-09-05T00:18:23.748+0000] {taskinstance.py:731} INFO - ::endgroup::
[2024-09-05T00:18:23.775+0000] {subprocess.py:63} INFO - Tmp dir root location: /tmp
[2024-09-05T00:18:23.776+0000] {subprocess.py:75} INFO - Running command: ['/usr/bin/bash', '-c', 'echo "Here is the message: Hello,world!"']
[2024-09-05T00:18:23.784+0000] {subprocess.py:86} INFO - Output:
[2024-09-05T00:18:23.785+0000] {subprocess.py:93} INFO - Here is the message: Hello,world!
[2024-09-05T00:18:23.786+0000] {subprocess.py:97} INFO - Command exited with return code 0
[2024-09-05T00:18:23.819+0000] {taskinstance.py:340} INFO - ::group::Post task execution logs
[2024-09-05T00:18:23.820+0000] {taskinstance.py:352} INFO - Marking task as SUCCESS. dag_id=my_dag_name, task_id=bash_task, run_id=manual__2024-09-05T00:18:22.692755+00:00, execution_date=20240905T001822, start_date=20240905T001823, end_date=20240905T001823
[2024-09-05T00:18:23.851+0000] {local_task_job_runner.py:261} INFO - Task exited with return code 0
[2024-09-05T00:18:23.864+0000] {taskinstance.py:3891} INFO - 0 downstream tasks scheduled from follow-on schedule check
[2024-09-05T00:18:23.871+0000] {local_task_job_runner.py:240} INFO - ::endgroup::
